


materialPath: D:\Program Files (x86)\Steam\steamapps\sourcemods\open_fortress\materials
Loading D:\Program Files (x86)\Steam\steamapps\sourcemods\Open-Fortress-Content-Source\mapsrc\ChargingTurnip\ctf_goodware\ctf_goodware.vmf
Map revision 88
fixing up env_cubemap materials on brush sides...
0...1...2...3...4...5...6...7...8...9...100...1...2...3...4...5...6...7...8...9...10Processing areas...done (0)
Building Faces...done (0)
FixTjuncs...
PruneNodes...
WriteBSP...
done (0)
writing D:\Program Files (x86)\Steam\steamapps\sourcemods\Open-Fortress-Content-Source\mapsrc\ChargingTurnip\ctf_goodware\ctf_goodware.prt...Building visibility clusters...
done (0)
Finding displacement neighbors...
Finding lightmap sample positions...
Displacement Alpha : 0...1...2...3...4...5...6...7...8...9...10
Building Physics collision data...
done (0) (32398 bytes)
Placing detail props : 0...1...2...3...4...5...6...7...8...9...10
Compacting texture/material tables...
Reduced 135 texinfos to 124
Reduced 5 texdatas to 5 (108 bytes to 108)
Writing D:\Program Files (x86)\Steam\steamapps\sourcemods\Open-Fortress-Content-Source\mapsrc\ChargingTurnip\ctf_goodware\ctf_goodware.bsp
Wrote ZIP buffer, estimated size 86972, actual size 86758
0 seconds elapsed



8 threads
reading d:\program files (x86)\steam\steamapps\sourcemods\open-fortress-content-source\mapsrc\chargingturnip\ctf_goodware\ctf_goodware.bsp
reading d:\program files (x86)\steam\steamapps\sourcemods\open-fortress-content-source\mapsrc\chargingturnip\ctf_goodware\ctf_goodware.prt
 250 portalclusters
 955 numportals
0...1...2...3...4...5...6...7...8...9...100...1...2...3...4...5...6...7...8...9...10Optimized: 127 visible clusters (0.00%)
Total clusters visible: 49617
Average clusters visible: 198
Building PAS...
Average clusters audible: 250
visdatasize:18080  compressed from 16000
writing d:\program files (x86)\steam\steamapps\sourcemods\open-fortress-content-source\mapsrc\chargingturnip\ctf_goodware\ctf_goodware.bsp
6 seconds elapsed



[Reading texlights from 'lights.rad']
[56 texlights parsed from 'lights.rad']

Loading d:\program files (x86)\steam\steamapps\sourcemods\open-fortress-content-source\mapsrc\chargingturnip\ctf_goodware\ctf_goodware.bsp
812 faces
588812 square feet [84789024.00 square inches]
0 Displacements
0 Square Feet [0.00 Square Inches]
812 patches before subdivision
17620 patches after subdivision
2 direct lights
0...1...2...3...4...5...6...7...8...9...100...1...2...3...4...5...6...7...8...9...10transfers 453633, max 182
transfer lists:   3.5 megs
0...1...2...3...4...5...6...7...8...9...10	Bounce #1 added RGB(24881, 16663, 12353)
0...1...2...3...4...5...6...7...8...9...10	Bounce #2 added RGB(2490, 1399, 875)
0...1...2...3...4...5...6...7...8...9...10	Bounce #3 added RGB(293, 144, 82)
0...1...2...3...4...5...6...7...8...9...10	Bounce #4 added RGB(39, 17, 9)
0...1...2...3...4...5...6...7...8...9...10	Bounce #5 added RGB(6, 2, 1)
0...1...2...3...4...5...6...7...8...9...10	Bounce #6 added RGB(1, 0, 0)
Build Patch/Sample Hash Table(s).....Done<0.0046 sec>
0...1...2...3...4...5...6...7...8...9...10FinalLightFace Done
0 of 0 (0% of) surface lights went in leaf ambient cubes.
0...1...2...3...4...5...6...7...8...9...10Writing leaf ambient...done
Computing static prop lighting : 00...1...2...3...4...5...6...7...8...9...10
Ready to Finish

Object names       Objects/Maxobjs  Memory / Maxmem  Fullness 
------------       ---------------  ---------------  -------- 
models                   1/4096           48/196608   ( 0.0%) 
brushes                 67/32768         804/393216   ( 0.2%) 
brushsides             510/65536        4080/524288   ( 0.8%) 
planes                 464/65536        9280/1310720  ( 0.7%) 
vertexes              1042/65536       12504/786432   ( 1.6%) 
nodes                  445/65536       14240/2097152  ( 0.7%) 
texinfos               124/12288        8928/884736   ( 1.0%) 
texdata                  5/2048          160/65536    ( 0.2%) 
dispinfos                0/0               0/0        ( 0.0%) 
disp_verts               0/0               0/0        ( 0.0%) 
disp_tris                0/0               0/0        ( 0.0%) 
disp_lmsamples           0/0               0/0        ( 0.0%) 
faces                  812/65536       45472/3670016  ( 1.2%) 
hdr faces              812/65536       45472/3670016  ( 1.2%) 
origfaces              382/65536       21392/3670016  ( 0.6%) 
leaves                 447/65536       14304/2097152  ( 0.7%) 
leaffaces              942/65536        1884/131072   ( 1.4%) 
leafbrushes            290/65536         580/131072   ( 0.4%) 
areas                    2/1024           16/8192     ( 0.2%) 
surfedges             5314/512000      21256/2048000  ( 1.0%) 
edges                 2774/256000      11096/1024000  ( 1.1%) 
LDR worldlights          0/16384           0/1441792  ( 0.0%) 
HDR worldlights          2/16384         176/1441792  ( 0.0%) 
leafwaterdata            0/32768           0/393216   ( 0.0%) 
waterstrips             47/131072        470/1310720  ( 0.0%) 
waterverts               0/131072          0/1572864  ( 0.0%) 
waterindices           681/131072       1362/262144   ( 0.5%) 
cubemapsamples           0/1024            0/16384    ( 0.0%) 
overlays                 0/1024            0/360448   ( 0.0%) 
LDR lightdata         [variable]           0/0        ( 0.0%) 
HDR lightdata         [variable]     1000176/0        ( 0.0%) 
visdata               [variable]       18080/16777216 ( 0.1%) 
entdata               [variable]        1570/393216   ( 0.4%) 
LDR ambient table      447/65536        1788/262144   ( 0.7%) 
HDR ambient table      447/65536        1788/262144   ( 0.7%) 
LDR leaf ambient       447/65536       12516/1835008  ( 0.7%) 
HDR leaf ambient      2802/65536       78456/1835008  ( 4.3%) 
occluders                0/0               0/0        ( 0.0%) 
occluder polygons        0/0               0/0        ( 0.0%) 
occluder vert ind        0/0               0/0        ( 0.0%) 
detail props          [variable]           1/12       ( 8.3%) 
static props          [variable]           1/1558     ( 0.1%) 
pakfile               [variable]      318370/0        ( 0.0%) 
physics               [variable]       32398/4194304  ( 0.8%) 
physics terrain       [variable]           2/1048576  ( 0.0%) 

Level flags = 2

Total triangle count: 2098
Writing d:\program files (x86)\steam\steamapps\sourcemods\open-fortress-content-source\mapsrc\chargingturnip\ctf_goodware\ctf_goodware.bsp
10 seconds elapsed



materialPath: D:\Program Files (x86)\Steam\steamapps\sourcemods\open_fortress\materials
Loading D:\Program Files (x86)\Steam\steamapps\sourcemods\Open-Fortress-Content-Source\mapsrc\ChargingTurnip\ctf_goodware\ctf_goodware.vmf
Map revision 97
fixing up env_cubemap materials on brush sides...
0...1...2...3...4...5...6...7...8...9...100...1...2...3...4...5...6...7...8...9...10Processing areas...done (0)
Building Faces...done (0)
FixTjuncs...
PruneNodes...
WriteBSP...
done (0)
writing D:\Program Files (x86)\Steam\steamapps\sourcemods\Open-Fortress-Content-Source\mapsrc\ChargingTurnip\ctf_goodware\ctf_goodware.prt...Building visibility clusters...
done (0)
Finding displacement neighbors...
Finding lightmap sample positions...
Displacement Alpha : 0...1...2...3...4...5...6...7...8...9...10
Building Physics collision data...
done (0) (32398 bytes)
Placing detail props : 0...1...2...3...4...5...6...7...8...9...10
Compacting texture/material tables...
Reduced 135 texinfos to 124
Reduced 5 texdatas to 5 (108 bytes to 108)
Writing D:\Program Files (x86)\Steam\steamapps\sourcemods\Open-Fortress-Content-Source\mapsrc\ChargingTurnip\ctf_goodware\ctf_goodware.bsp
Wrote ZIP buffer, estimated size 86972, actual size 86758
0 seconds elapsed



8 threads
reading d:\program files (x86)\steam\steamapps\sourcemods\open-fortress-content-source\mapsrc\chargingturnip\ctf_goodware\ctf_goodware.bsp
reading d:\program files (x86)\steam\steamapps\sourcemods\open-fortress-content-source\mapsrc\chargingturnip\ctf_goodware\ctf_goodware.prt
 250 portalclusters
 955 numportals
0...1...2...3...4...5...6...7...8...9...100...1...2...3...4...5...6...7...8...9...10Optimized: 127 visible clusters (0.00%)
Total clusters visible: 49617
Average clusters visible: 198
Building PAS...
Average clusters audible: 250
visdatasize:18080  compressed from 16000
writing d:\program files (x86)\steam\steamapps\sourcemods\open-fortress-content-source\mapsrc\chargingturnip\ctf_goodware\ctf_goodware.bsp
6 seconds elapsed



[Reading texlights from 'lights.rad']
[56 texlights parsed from 'lights.rad']

Loading d:\program files (x86)\steam\steamapps\sourcemods\open-fortress-content-source\mapsrc\chargingturnip\ctf_goodware\ctf_goodware.bsp
812 faces
588812 square feet [84789024.00 square inches]
0 Displacements
0 Square Feet [0.00 Square Inches]
812 patches before subdivision
17620 patches after subdivision
2 direct lights
0...1...2...3...4...5...6...7...8...9...100...1...2...3...4...5...6...7...8...9...10transfers 453633, max 182
transfer lists:   3.5 megs
0...1...2...3...4...5...6...7...8...9...10	Bounce #1 added RGB(24881, 16663, 12353)
0...1...2...3...4...5...6...7...8...9...10	Bounce #2 added RGB(2489, 1399, 875)
0...1...2...3...4...5...6...7...8...9...10	Bounce #3 added RGB(293, 144, 82)
0...1...2...3...4...5...6...7...8...9...10	Bounce #4 added RGB(39, 17, 9)
0...1...2...3...4...5...6...7...8...9...10	Bounce #5 added RGB(6, 2, 1)
0...1...2...3...4...5...6...7...8...9...10	Bounce #6 added RGB(1, 0, 0)
Build Patch/Sample Hash Table(s).....Done<0.0043 sec>
0...1...2...3...4...5...6...7...8...9...10FinalLightFace Done
0 of 0 (0% of) surface lights went in leaf ambient cubes.
0...1...2...3...4...5...6...7...8...9...10Writing leaf ambient...done
Computing static prop lighting : 00...1...2...3...4...5...6...7...8...9...10
Ready to Finish

Object names       Objects/Maxobjs  Memory / Maxmem  Fullness 
------------       ---------------  ---------------  -------- 
models                   1/4096           48/196608   ( 0.0%) 
brushes                 67/32768         804/393216   ( 0.2%) 
brushsides             510/65536        4080/524288   ( 0.8%) 
planes                 464/65536        9280/1310720  ( 0.7%) 
vertexes              1042/65536       12504/786432   ( 1.6%) 
nodes                  445/65536       14240/2097152  ( 0.7%) 
texinfos               124/12288        8928/884736   ( 1.0%) 
texdata                  5/2048          160/65536    ( 0.2%) 
dispinfos                0/0               0/0        ( 0.0%) 
disp_verts               0/0               0/0        ( 0.0%) 
disp_tris                0/0               0/0        ( 0.0%) 
disp_lmsamples           0/0               0/0        ( 0.0%) 
faces                  812/65536       45472/3670016  ( 1.2%) 
hdr faces              812/65536       45472/3670016  ( 1.2%) 
origfaces              382/65536       21392/3670016  ( 0.6%) 
leaves                 447/65536       14304/2097152  ( 0.7%) 
leaffaces              942/65536        1884/131072   ( 1.4%) 
leafbrushes            290/65536         580/131072   ( 0.4%) 
areas                    2/1024           16/8192     ( 0.2%) 
surfedges             5314/512000      21256/2048000  ( 1.0%) 
edges                 2774/256000      11096/1024000  ( 1.1%) 
LDR worldlights          0/16384           0/1441792  ( 0.0%) 
HDR worldlights          2/16384         176/1441792  ( 0.0%) 
leafwaterdata            0/32768           0/393216   ( 0.0%) 
waterstrips             47/131072        470/1310720  ( 0.0%) 
waterverts               0/131072          0/1572864  ( 0.0%) 
waterindices           681/131072       1362/262144   ( 0.5%) 
cubemapsamples           0/1024            0/16384    ( 0.0%) 
overlays                 0/1024            0/360448   ( 0.0%) 
LDR lightdata         [variable]           0/0        ( 0.0%) 
HDR lightdata         [variable]     1000176/0        ( 0.0%) 
visdata               [variable]       18080/16777216 ( 0.1%) 
entdata               [variable]        1570/393216   ( 0.4%) 
LDR ambient table      447/65536        1788/262144   ( 0.7%) 
HDR ambient table      447/65536        1788/262144   ( 0.7%) 
LDR leaf ambient       447/65536       12516/1835008  ( 0.7%) 
HDR leaf ambient      2802/65536       78456/1835008  ( 4.3%) 
occluders                0/0               0/0        ( 0.0%) 
occluder polygons        0/0               0/0        ( 0.0%) 
occluder vert ind        0/0               0/0        ( 0.0%) 
detail props          [variable]           1/12       ( 8.3%) 
static props          [variable]           1/1558     ( 0.1%) 
pakfile               [variable]      318370/0        ( 0.0%) 
physics               [variable]       32398/4194304  ( 0.8%) 
physics terrain       [variable]           2/1048576  ( 0.0%) 

Level flags = 2

Total triangle count: 2098
Writing d:\program files (x86)\steam\steamapps\sourcemods\open-fortress-content-source\mapsrc\chargingturnip\ctf_goodware\ctf_goodware.bsp
10 seconds elapsed



materialPath: D:\Program Files (x86)\Steam\steamapps\sourcemods\open_fortress\materials
Loading D:\Program Files (x86)\Steam\steamapps\sourcemods\Open-Fortress-Content-Source\mapsrc\ChargingTurnip\ctf_goodware\ctf_goodware.vmf
Map revision 120
fixing up env_cubemap materials on brush sides...
0...1...2...3...4...5...6...7...8...9...100...1...2...3...4...5...6...7...8...9...10Processing areas...done (0)
Building Faces...done (0)
FixTjuncs...
PruneNodes...
WriteBSP...
done (0)
writing D:\Program Files (x86)\Steam\steamapps\sourcemods\Open-Fortress-Content-Source\mapsrc\ChargingTurnip\ctf_goodware\ctf_goodware.prt...Building visibility clusters...
done (0)
Finding displacement neighbors...
Finding lightmap sample positions...
Displacement Alpha : 0...1...2...3...4...5...6...7...8...9...10
Building Physics collision data...
done (0) (32398 bytes)
Placing detail props : 0...1...2...3...4...5...6...7...8...9...10
Compacting texture/material tables...
Reduced 135 texinfos to 124
Reduced 5 texdatas to 5 (108 bytes to 108)
Writing D:\Program Files (x86)\Steam\steamapps\sourcemods\Open-Fortress-Content-Source\mapsrc\ChargingTurnip\ctf_goodware\ctf_goodware.bsp
Wrote ZIP buffer, estimated size 86972, actual size 86758
0 seconds elapsed



8 threads
reading d:\program files (x86)\steam\steamapps\sourcemods\open-fortress-content-source\mapsrc\chargingturnip\ctf_goodware\ctf_goodware.bsp
reading d:\program files (x86)\steam\steamapps\sourcemods\open-fortress-content-source\mapsrc\chargingturnip\ctf_goodware\ctf_goodware.prt
 250 portalclusters
 955 numportals
0...1...2...3...4...5...6...7...8...9...100...1...2...3...4...5...6...7...8...9...10Optimized: 127 visible clusters (0.00%)
Total clusters visible: 49617
Average clusters visible: 198
Building PAS...
Average clusters audible: 250
visdatasize:18080  compressed from 16000
writing d:\program files (x86)\steam\steamapps\sourcemods\open-fortress-content-source\mapsrc\chargingturnip\ctf_goodware\ctf_goodware.bsp
6 seconds elapsed



[Reading texlights from 'lights.rad']
[56 texlights parsed from 'lights.rad']

Loading d:\program files (x86)\steam\steamapps\sourcemods\open-fortress-content-source\mapsrc\chargingturnip\ctf_goodware\ctf_goodware.bsp
812 faces
588812 square feet [84789024.00 square inches]
0 Displacements
0 Square Feet [0.00 Square Inches]
812 patches before subdivision
17620 patches after subdivision
2 direct lights
0...1...2...3...4...5...6...7...8...9...100...1...2...3...4...5...6...7...8...9...10transfers 453633, max 182
transfer lists:   3.5 megs
0...1...2...3...4...5...6...7...8...9...10	Bounce #1 added RGB(24881, 16663, 12353)
0...1...2...3...4...5...6...7...8...9...10	Bounce #2 added RGB(2490, 1399, 875)
0...1...2...3...4...5...6...7...8...9...10	Bounce #3 added RGB(293, 144, 82)
0...1...2...3...4...5...6...7...8...9...10	Bounce #4 added RGB(39, 17, 9)
0...1...2...3...4...5...6...7...8...9...10	Bounce #5 added RGB(6, 2, 1)
0...1...2...3...4...5...6...7...8...9...10	Bounce #6 added RGB(1, 0, 0)
Build Patch/Sample Hash Table(s).....Done<0.0044 sec>
0...1...2...3...4...5...6...7...8...9...10FinalLightFace Done
0 of 0 (0% of) surface lights went in leaf ambient cubes.
0...1...2...3...4...5...6...7...8...9...10Writing leaf ambient...done
Computing static prop lighting : 00...1...2...3...4...5...6...7...8...9...10
Ready to Finish

Object names       Objects/Maxobjs  Memory / Maxmem  Fullness 
------------       ---------------  ---------------  -------- 
models                   1/4096           48/196608   ( 0.0%) 
brushes                 67/32768         804/393216   ( 0.2%) 
brushsides             510/65536        4080/524288   ( 0.8%) 
planes                 464/65536        9280/1310720  ( 0.7%) 
vertexes              1042/65536       12504/786432   ( 1.6%) 
nodes                  445/65536       14240/2097152  ( 0.7%) 
texinfos               124/12288        8928/884736   ( 1.0%) 
texdata                  5/2048          160/65536    ( 0.2%) 
dispinfos                0/0               0/0        ( 0.0%) 
disp_verts               0/0               0/0        ( 0.0%) 
disp_tris                0/0               0/0        ( 0.0%) 
disp_lmsamples           0/0               0/0        ( 0.0%) 
faces                  812/65536       45472/3670016  ( 1.2%) 
hdr faces              812/65536       45472/3670016  ( 1.2%) 
origfaces              382/65536       21392/3670016  ( 0.6%) 
leaves                 447/65536       14304/2097152  ( 0.7%) 
leaffaces              942/65536        1884/131072   ( 1.4%) 
leafbrushes            290/65536         580/131072   ( 0.4%) 
areas                    2/1024           16/8192     ( 0.2%) 
surfedges             5314/512000      21256/2048000  ( 1.0%) 
edges                 2774/256000      11096/1024000  ( 1.1%) 
LDR worldlights          0/16384           0/1441792  ( 0.0%) 
HDR worldlights          2/16384         176/1441792  ( 0.0%) 
leafwaterdata            0/32768           0/393216   ( 0.0%) 
waterstrips             47/131072        470/1310720  ( 0.0%) 
waterverts               0/131072          0/1572864  ( 0.0%) 
waterindices           681/131072       1362/262144   ( 0.5%) 
cubemapsamples           0/1024            0/16384    ( 0.0%) 
overlays                 0/1024            0/360448   ( 0.0%) 
LDR lightdata         [variable]           0/0        ( 0.0%) 
HDR lightdata         [variable]     1000176/0        ( 0.0%) 
visdata               [variable]       18080/16777216 ( 0.1%) 
entdata               [variable]        1571/393216   ( 0.4%) 
LDR ambient table      447/65536        1788/262144   ( 0.7%) 
HDR ambient table      447/65536        1788/262144   ( 0.7%) 
LDR leaf ambient       447/65536       12516/1835008  ( 0.7%) 
HDR leaf ambient      2802/65536       78456/1835008  ( 4.3%) 
occluders                0/0               0/0        ( 0.0%) 
occluder polygons        0/0               0/0        ( 0.0%) 
occluder vert ind        0/0               0/0        ( 0.0%) 
detail props          [variable]           1/12       ( 8.3%) 
static props          [variable]           1/1558     ( 0.1%) 
pakfile               [variable]      318370/0        ( 0.0%) 
physics               [variable]       32398/4194304  ( 0.8%) 
physics terrain       [variable]           2/1048576  ( 0.0%) 

Level flags = 2

Total triangle count: 2098
Writing d:\program files (x86)\steam\steamapps\sourcemods\open-fortress-content-source\mapsrc\chargingturnip\ctf_goodware\ctf_goodware.bsp
10 seconds elapsed



materialPath: D:\Program Files (x86)\Steam\steamapps\sourcemods\open_fortress\materials
Loading D:\Program Files (x86)\Steam\steamapps\sourcemods\Open-Fortress-Content-Source\mapsrc\ChargingTurnip\ctf_goodware\ctf_goodware.vmf
Map revision 639
fixing up env_cubemap materials on brush sides...
0...1...2...3...4...5...6...7...8...9...100...1...2...3...4...5...6...7...8...9...10Processing areas...done (0)
Building Faces...done (0)
Chop Details...done (0)
Find Visible Detail Sides...done (0)
Merging details...done (0)
FixTjuncs...
PruneNodes...
WriteBSP...
done (0)
writing D:\Program Files (x86)\Steam\steamapps\sourcemods\Open-Fortress-Content-Source\mapsrc\ChargingTurnip\ctf_goodware\ctf_goodware.prt...Building visibility clusters...
done (0)
Finding displacement neighbors...
Finding lightmap sample positions...
Displacement Alpha : 0...1...2...3...4...5...6...7...8...9...10
Building Physics collision data...
done (0) (67549 bytes)
Placing detail props : 0...1...2...3...4...5...6...7...8...9...10
Compacting texture/material tables...
Reduced 159 texinfos to 129
Reduced 6 texdatas to 6 (124 bytes to 124)
Writing D:\Program Files (x86)\Steam\steamapps\sourcemods\Open-Fortress-Content-Source\mapsrc\ChargingTurnip\ctf_goodware\ctf_goodware.bsp
Wrote ZIP buffer, estimated size 86972, actual size 86758
0 seconds elapsed



8 threads
reading d:\program files (x86)\steam\steamapps\sourcemods\open-fortress-content-source\mapsrc\chargingturnip\ctf_goodware\ctf_goodware.bsp
reading d:\program files (x86)\steam\steamapps\sourcemods\open-fortress-content-source\mapsrc\chargingturnip\ctf_goodware\ctf_goodware.prt
 261 portalclusters
 987 numportals
0...1...2...3...4...5...6...7...8...9...100...1...2...3...4...5...6...7...8...9...10Optimized: 150 visible clusters (0.00%)
Total clusters visible: 52803
Average clusters visible: 202
Building PAS...
Average clusters audible: 261
visdatasize:19326  compressed from 20880
writing d:\program files (x86)\steam\steamapps\sourcemods\open-fortress-content-source\mapsrc\chargingturnip\ctf_goodware\ctf_goodware.bsp
6 seconds elapsed



[Reading texlights from 'lights.rad']
[56 texlights parsed from 'lights.rad']

Loading d:\program files (x86)\steam\steamapps\sourcemods\open-fortress-content-source\mapsrc\chargingturnip\ctf_goodware\ctf_goodware.bsp
842 faces
588866 square feet [84796832.00 square inches]
0 Displacements
0 Square Feet [0.00 Square Inches]
842 patches before subdivision
17868 patches after subdivision
2 direct lights
0...1...2...3...4...5...6...7...8...9...100...1...2...3...4...5...6...7...8...9...10transfers 460180, max 182
transfer lists:   3.5 megs
0...1...2...3...4...5...6...7...8...9...10	Bounce #1 added RGB(25271, 16936, 12537)
0...1...2...3...4...5...6...7...8...9...10	Bounce #2 added RGB(2534, 1429, 896)
0...1...2...3...4...5...6...7...8...9...10	Bounce #3 added RGB(298, 147, 85)
0...1...2...3...4...5...6...7...8...9...10	Bounce #4 added RGB(40, 18, 10)
0...1...2...3...4...5...6...7...8...9...10	Bounce #5 added RGB(6, 2, 1)
0...1...2...3...4...5...6...7...8...9...10	Bounce #6 added RGB(1, 0, 0)
Build Patch/Sample Hash Table(s).....Done<0.0042 sec>
0...1...2...3...4...5...6...7...8...9...10FinalLightFace Done
0 of 0 (0% of) surface lights went in leaf ambient cubes.
0...1...2...3...4...5...6...7...8...9...10Writing leaf ambient...done
Computing static prop lighting : 00...1...2...3...4...5...6...7...8...9...10
Ready to Finish

Object names       Objects/Maxobjs  Memory / Maxmem  Fullness 
------------       ---------------  ---------------  -------- 
models                   1/4096           48/196608   ( 0.0%) 
brushes                118/32768        1416/393216   ( 0.4%) 
brushsides             820/65536        6560/524288   ( 1.3%) 
planes                 588/65536       11760/1310720  ( 0.9%) 
vertexes              1086/65536       13032/786432   ( 1.7%) 
nodes                  466/65536       14912/2097152  ( 0.7%) 
texinfos               129/12288        9288/884736   ( 1.0%) 
texdata                  6/2048          192/65536    ( 0.3%) 
dispinfos                0/0               0/0        ( 0.0%) 
disp_verts               0/0               0/0        ( 0.0%) 
disp_tris                0/0               0/0        ( 0.0%) 
disp_lmsamples           0/0               0/0        ( 0.0%) 
faces                  842/65536       47152/3670016  ( 1.3%) 
hdr faces              842/65536       47152/3670016  ( 1.3%) 
origfaces              401/65536       22456/3670016  ( 0.6%) 
leaves                 468/65536       14976/2097152  ( 0.7%) 
leaffaces              972/65536        1944/131072   ( 1.5%) 
leafbrushes            442/65536         884/131072   ( 0.7%) 
areas                    2/1024           16/8192     ( 0.2%) 
surfedges             5538/512000      22152/2048000  ( 1.1%) 
edges                 2905/256000      11620/1024000  ( 1.1%) 
LDR worldlights          0/16384           0/1441792  ( 0.0%) 
HDR worldlights          2/16384         176/1441792  ( 0.0%) 
leafwaterdata            0/32768           0/393216   ( 0.0%) 
waterstrips             50/131072        500/1310720  ( 0.0%) 
waterverts               0/131072          0/1572864  ( 0.0%) 
waterindices           723/131072       1446/262144   ( 0.6%) 
cubemapsamples           0/1024            0/16384    ( 0.0%) 
overlays                 0/1024            0/360448   ( 0.0%) 
LDR lightdata         [variable]           0/0        ( 0.0%) 
HDR lightdata         [variable]     1002584/0        ( 0.0%) 
visdata               [variable]       19326/16777216 ( 0.1%) 
entdata               [variable]        1571/393216   ( 0.4%) 
LDR ambient table      468/65536        1872/262144   ( 0.7%) 
HDR ambient table      468/65536        1872/262144   ( 0.7%) 
LDR leaf ambient       468/65536       13104/1835008  ( 0.7%) 
HDR leaf ambient      2936/65536       82208/1835008  ( 4.5%) 
occluders                0/0               0/0        ( 0.0%) 
occluder polygons        0/0               0/0        ( 0.0%) 
occluder vert ind        0/0               0/0        ( 0.0%) 
detail props          [variable]           1/12       ( 8.3%) 
static props          [variable]           1/1580     ( 0.1%) 
pakfile               [variable]      318370/0        ( 0.0%) 
physics               [variable]       67549/4194304  ( 1.6%) 
physics terrain       [variable]           2/1048576  ( 0.0%) 

Level flags = 2

Total triangle count: 2186
Writing d:\program files (x86)\steam\steamapps\sourcemods\open-fortress-content-source\mapsrc\chargingturnip\ctf_goodware\ctf_goodware.bsp
10 seconds elapsed
