PRT1
261
987
4 0 21 (1904 1024 1536 ) (1024 1024 1536 ) (1024 1024 -1024 ) (1904 1024 -1024 ) 
4 0 20 (1024 1024 -1024 ) (1024 1024 -144 ) (1024 1272 -144 ) (1024 1272 -1024 ) 
4 0 19 (1024 1024 -144 ) (1024 1024 -8 ) (1024 1272 -8 ) (1024 1272 -144 ) 
4 0 17 (1024 1024 -8 ) (1024 1024 0 ) (1024 1272 0 ) (1024 1272 -8 ) 
4 0 16 (1024 1024 0 ) (1024 1024 192 ) (1024 1272 192 ) (1024 1272 0 ) 
4 0 15 (1024 1272 192 ) (1024 1880 192 ) (1024 1880 -1024 ) (1024 1272 -1024 ) 
4 0 13 (1024 1024 192 ) (1024 1024 240 ) (1024 1072 240 ) (1024 1072 192 ) 
4 0 12 (1024 1024 240 ) (1024 1024 1536 ) (1024 1072 1536 ) (1024 1072 240 ) 
4 0 7 (1024 1080 344 ) (1024 1080 192 ) (1024 1072 192 ) (1024 1072 344 ) 
4 0 6 (1024 1072 1536 ) (1024 1080 1536 ) (1024 1080 344 ) (1024 1072 344 ) 
4 0 2 (1024 1080 1536 ) (1024 1272 1536 ) (1024 1272 192 ) (1024 1080 192 ) 
4 0 1 (1024 1272 1536 ) (1024 1880 1536 ) (1024 1880 192 ) (1024 1272 192 ) 
4 1 75 (0 1880 192 ) (0 1272 192 ) (0 1272 376 ) (0 1880 376 ) 
4 1 74 (0 1272 376 ) (0 1272 1536 ) (0 1880 1536 ) (0 1880 376 ) 
4 1 15 (1024 1880 192 ) (1024 1272 192 ) (0 1272 192 ) (0 1880 192 ) 
4 1 3 (432 1272 376 ) (432 1272 1536 ) (88 1272 1536 ) (88 1272 376 ) 
4 1 2 (432 1272 192 ) (1024 1272 192 ) (1024 1272 1536 ) (432 1272 1536 ) 
4 1 5 (0 1272 192 ) (88 1272 192 ) (88 1272 1536 ) (0 1272 1536 ) 
4 2 16 (1024 1272 192 ) (1024 1080 192 ) (560 1080 192 ) (560 1272 192 ) 
4 2 7 (432 1080 192 ) (1024 1080 192 ) (1024 1080 344 ) (432 1080 344 ) 
4 2 6 (1024 1080 344 ) (1024 1080 1536 ) (432 1080 1536 ) (432 1080 344 ) 
4 2 3 (432 1272 1536 ) (432 1272 376 ) (432 1264 376 ) (432 1264 1536 ) 
4 2 4 (432 1264 192 ) (432 1080 192 ) (432 1080 1536 ) (432 1264 1536 ) 
4 3 4 (88 1264 1536 ) (88 1264 376 ) (432 1264 376 ) (432 1264 1536 ) 
4 3 5 (88 1272 1536 ) (88 1272 376 ) (88 1264 376 ) (88 1264 1536 ) 
4 4 9 (160 1080 344 ) (152 1080 344 ) (152 1080 280 ) (160 1080 280 ) 
4 4 8 (328 1080 280 ) (328 1080 344 ) (320 1080 344 ) (320 1080 280 ) 
4 4 10 (152 1080 192 ) (328 1080 192 ) (328 1080 280 ) (152 1080 280 ) 
4 4 6 (432 1080 344 ) (432 1080 1536 ) (88 1080 1536 ) (88 1080 344 ) 
4 4 5 (88 1264 192 ) (88 1080 192 ) (88 1080 1536 ) (88 1264 1536 ) 
4 5 76 (0 1272 192 ) (0 1080 192 ) (0 1080 376 ) (0 1272 376 ) 
4 5 74 (0 1080 376 ) (0 1080 1536 ) (0 1272 1536 ) (0 1272 376 ) 
4 5 11 (0 1080 192 ) (88 1080 192 ) (88 1080 344 ) (0 1080 344 ) 
4 5 6 (88 1080 344 ) (88 1080 1536 ) (0 1080 1536 ) (0 1080 344 ) 
4 6 81 (0 1080 1536 ) (0 1080 344 ) (0 1072 344 ) (0 1072 1536 ) 
4 6 12 (0 1072 1536 ) (0 1072 344 ) (1024 1072 344 ) (1024 1072 1536 ) 
4 6 11 (88 1072 344 ) (0 1072 344 ) (0 1080 344 ) (88 1080 344 ) 
4 6 9 (160 1072 344 ) (152 1072 344 ) (152 1080 344 ) (160 1080 344 ) 
4 6 8 (328 1072 344 ) (320 1072 344 ) (320 1080 344 ) (328 1080 344 ) 
4 6 7 (1024 1072 344 ) (432 1072 344 ) (432 1080 344 ) (1024 1080 344 ) 
4 7 16 (1024 1080 192 ) (1024 1072 192 ) (560 1072 192 ) (560 1080 192 ) 
4 7 13 (440 1072 192 ) (1024 1072 192 ) (1024 1072 240 ) (440 1072 240 ) 
4 7 12 (1024 1072 240 ) (1024 1072 344 ) (432 1072 344 ) (432 1072 240 ) 
4 8 12 (328 1072 280 ) (328 1072 344 ) (320 1072 344 ) (320 1072 280 ) 
4 8 10 (320 1080 280 ) (328 1080 280 ) (328 1072 280 ) (320 1072 280 ) 
4 9 12 (160 1072 344 ) (152 1072 344 ) (152 1072 280 ) (160 1072 280 ) 
4 9 10 (152 1072 280 ) (152 1080 280 ) (160 1080 280 ) (160 1072 280 ) 
4 10 14 (152 1072 192 ) (328 1072 192 ) (328 1072 240 ) (152 1072 240 ) 
4 10 12 (328 1072 240 ) (328 1072 280 ) (152 1072 280 ) (152 1072 240 ) 
4 11 82 (0 1080 344 ) (0 1080 192 ) (0 1072 192 ) (0 1072 344 ) 
4 11 14 (0 1072 240 ) (0 1072 192 ) (88 1072 192 ) (88 1072 240 ) 
4 11 12 (0 1072 344 ) (0 1072 240 ) (88 1072 240 ) (88 1072 344 ) 
4 12 82 (0 1024 240 ) (0 1024 344 ) (0 1072 344 ) (0 1072 240 ) 
4 12 81 (0 1024 344 ) (0 1024 1536 ) (0 1072 1536 ) (0 1072 344 ) 
4 12 46 (56 1024 240 ) (64 1024 240 ) (64 1024 792 ) (56 1024 792 ) 
4 12 47 (0 1024 792 ) (0 1024 240 ) (56 1024 240 ) (56 1024 792 ) 
4 12 45 (64 1024 1536 ) (0 1024 1536 ) (0 1024 792 ) (64 1024 792 ) 
4 12 43 (64 1024 800 ) (64 1024 240 ) (312 1024 240 ) (312 1024 800 ) 
4 12 42 (312 1024 1536 ) (64 1024 1536 ) (64 1024 800 ) (312 1024 800 ) 
4 12 29 (440 1024 1536 ) (432 1024 1536 ) (432 1024 240 ) (440 1024 240 ) 
4 12 28 (504 1024 1536 ) (440 1024 1536 ) (440 1024 240 ) (504 1024 240 ) 
4 12 30 (432 1024 1536 ) (312 1024 1536 ) (312 1024 240 ) (432 1024 240 ) 
4 12 23 (512 1024 1536 ) (504 1024 1536 ) (504 1024 240 ) (512 1024 240 ) 
4 12 22 (1024 1024 240 ) (1024 1024 1536 ) (512 1024 1536 ) (512 1024 240 ) 
4 12 13 (440 1072 240 ) (1024 1072 240 ) (1024 1024 240 ) (440 1024 240 ) 
4 12 14 (0 1072 240 ) (432 1072 240 ) (432 1024 240 ) (0 1024 240 ) 
4 13 28 (504 1024 240 ) (440 1024 240 ) (440 1024 192 ) (504 1024 192 ) 
4 13 23 (512 1024 240 ) (504 1024 240 ) (504 1024 192 ) (512 1024 192 ) 
4 13 22 (1024 1024 192 ) (1024 1024 240 ) (512 1024 240 ) (512 1024 192 ) 
4 13 16 (1024 1072 192 ) (1024 1024 192 ) (560 1024 192 ) (560 1072 192 ) 
4 14 82 (0 1024 192 ) (0 1024 240 ) (0 1072 240 ) (0 1072 192 ) 
4 14 46 (64 1024 240 ) (56 1024 240 ) (56 1024 192 ) (64 1024 192 ) 
4 14 47 (56 1024 240 ) (0 1024 240 ) (0 1024 192 ) (56 1024 192 ) 
4 14 43 (312 1024 240 ) (64 1024 240 ) (64 1024 192 ) (312 1024 192 ) 
4 14 30 (432 1024 240 ) (312 1024 240 ) (312 1024 192 ) (432 1024 192 ) 
4 15 97 (0 1272 -1024 ) (0 1272 0 ) (0 1880 0 ) (0 1880 -1024 ) 
4 15 87 (0 1272 0 ) (0 1272 192 ) (0 1880 192 ) (0 1880 0 ) 
4 15 20 (0 1272 -144 ) (0 1272 -1024 ) (1024 1272 -1024 ) (1024 1272 -144 ) 
4 15 19 (472 1272 -144 ) (1024 1272 -144 ) (1024 1272 -8 ) (472 1272 -8 ) 
4 15 17 (472 1272 -8 ) (1024 1272 -8 ) (1024 1272 0 ) (472 1272 0 ) 
4 15 16 (1024 1272 192 ) (560 1272 192 ) (560 1272 0 ) (1024 1272 0 ) 
4 16 59 (1024 1024 0 ) (1024 1024 192 ) (560 1024 192 ) (560 1024 0 ) 
4 16 17 (560 1272 0 ) (1024 1272 0 ) (1024 1024 0 ) (560 1024 0 ) 
4 17 61 (1024 1024 -8 ) (1024 1024 0 ) (472 1024 0 ) (472 1024 -8 ) 
4 17 19 (1024 1024 -8 ) (472 1024 -8 ) (472 1272 -8 ) (1024 1272 -8 ) 
4 17 18 (472 1264 -8 ) (472 1024 -8 ) (472 1024 0 ) (472 1264 0 ) 
4 18 98 (0 1024 -8 ) (0 1024 0 ) (0 1264 0 ) (0 1264 -8 ) 
4 18 62 (472 1024 0 ) (0 1024 0 ) (0 1024 -8 ) (472 1024 -8 ) 
4 19 61 (1024 1024 -144 ) (1024 1024 -8 ) (472 1024 -8 ) (472 1024 -144 ) 
4 19 20 (472 1272 -144 ) (1024 1272 -144 ) (1024 1024 -144 ) (472 1024 -144 ) 
4 20 101 (0 1024 -1024 ) (0 1024 -144 ) (0 1272 -144 ) (0 1272 -1024 ) 
4 20 63 (472 1024 -144 ) (0 1024 -144 ) (0 1024 -1024 ) (472 1024 -1024 ) 
4 20 61 (1024 1024 -1024 ) (1024 1024 -144 ) (472 1024 -144 ) (472 1024 -1024 ) 
4 21 120 (1904 0 1536 ) (1024 0 1536 ) (1024 0 -1024 ) (1904 0 -1024 ) 
4 21 64 (1024 840 -1024 ) (1024 0 -1024 ) (1024 0 0 ) (1024 840 0 ) 
4 21 61 (1024 1024 0 ) (1024 1024 -1024 ) (1024 840 -1024 ) (1024 840 0 ) 
4 21 59 (1024 1024 192 ) (1024 1024 0 ) (1024 0 0 ) (1024 0 192 ) 
4 21 54 (1024 167.783783 192 ) (1024 0 192 ) (1024 0 320 ) (1024 167.783768 320 ) 
4 21 53 (1024 288 192 ) (1024 167.783783 192 ) (1024 167.783768 320 ) (1024 288 320 ) 
4 21 51 (1024 0 320 ) (1024 0 800 ) (1024 288 800 ) (1024 288 320 ) 
4 21 49 (1024 296 192 ) (1024 288 192 ) (1024 288 800 ) (1024 296 800 ) 
4 21 48 (1024 0 800 ) (1024 0 1536 ) (1024 296 1536 ) (1024 296 800 ) 
4 21 22 (1024 1024 1536 ) (1024 1024 192 ) (1024 296 192 ) (1024 296 1536 ) 
4 22 59 (1024 1024 192 ) (1024 296 192 ) (560 296 192 ) (560 1024 192 ) 
4 22 49 (512 296 192 ) (1024 296 192 ) (1024 296 800 ) (512 296 800 ) 
4 22 48 (1024 296 800 ) (1024 296 1536 ) (512 296 1536 ) (512 296 800 ) 
4 22 27 (512 296 800 ) (512 296 1536 ) (512 624 1536 ) (512 624 800 ) 
3 22 25 (512 728 1096 ) (512 824 1152 ) (512 824 1040 ) 
4 22 24 (512 632 1040 ) (512 632 1536 ) (512 824 1536 ) (512 824 1152 ) 
4 22 23 (512 1024 192 ) (512 824 192 ) (512 824 1536 ) (512 1024 1536 ) 
4 22 26 (512 632 192 ) (512 624 192 ) (512 624 1536 ) (512 632 1536 ) 
4 23 31 (504 840 192 ) (504 824 192 ) (504 824 1536 ) (504 840 1536 ) 
4 23 28 (504 1024 1536 ) (504 1024 192 ) (504 840 192 ) (504 840 1536 ) 
4 23 25 (512 824 1040 ) (512 824 1152 ) (504 824 1152 ) (504 824 1040 ) 
4 23 24 (512 824 1152 ) (512 824 1536 ) (504 824 1536 ) (504 824 1152 ) 
4 24 34 (504 632 1040 ) (504 632 1536 ) (504 824 1536 ) (504 824 1152 ) 
4 24 25 (504 728 1096 ) (504 824 1152 ) (512 824 1152 ) (512 728 1096 ) 
4 24 26 (512 632 1040 ) (512 632 1536 ) (504 632 1536 ) (504 632 1040 ) 
3 25 34 (504 728 1096 ) (504 824 1152 ) (504 824 1040 ) 
4 26 34 (504 624 1040 ) (504 624 1536 ) (504 632 1536 ) (504 632 1040 ) 
4 26 27 (512 624 800 ) (512 624 1536 ) (504 624 1536 ) (504 624 800 ) 
4 27 48 (512 296 800 ) (512 296 1536 ) (504 296 1536 ) (504 296 800 ) 
4 27 36 (504 296 800 ) (504 296 1040 ) (504 624 1040 ) (504 624 800 ) 
4 27 34 (504 296 1040 ) (504 296 1536 ) (504 624 1536 ) (504 624 1040 ) 
4 28 32 (496 840 1536 ) (440 840 1536 ) (440 840 192 ) (496 840 192 ) 
4 28 31 (504 840 192 ) (504 840 1536 ) (496 840 1536 ) (496 840 192 ) 
4 28 29 (440 840 240 ) (440 840 1536 ) (440 1024 1536 ) (440 1024 240 ) 
4 29 32 (440 840 1536 ) (432 840 1536 ) (432 840 240 ) (440 840 240 ) 
4 29 30 (432 840 240 ) (432 840 1536 ) (432 1024 1536 ) (432 1024 240 ) 
4 30 43 (312 1024 192 ) (312 840 192 ) (312 840 800 ) (312 1024 800 ) 
4 30 42 (312 840 800 ) (312 840 1536 ) (312 1024 1536 ) (312 1024 800 ) 
4 30 32 (432 840 1536 ) (312 840 1536 ) (312 840 192 ) (432 840 192 ) 
4 31 35 (496 824 192 ) (504 824 192 ) (504 824 1040 ) (496 824 1040 ) 
4 31 34 (504 824 1040 ) (504 824 1536 ) (496 824 1536 ) (496 824 1040 ) 
4 31 33 (496 824 1040 ) (496 824 1536 ) (496 832 1536 ) (496 832 1040 ) 
4 31 32 (496 840 1536 ) (496 840 192 ) (496 832 192 ) (496 832 1536 ) 
4 32 43 (312 840 192 ) (312 832 192 ) (312 832 800 ) (312 840 800 ) 
4 32 42 (312 832 800 ) (312 832 1536 ) (312 840 1536 ) (312 840 800 ) 
4 32 33 (496 832 1040 ) (496 832 1536 ) (312 832 1536 ) (312 832 1040 ) 
4 33 42 (312 824 1040 ) (312 824 1536 ) (312 832 1536 ) (312 832 1040 ) 
4 33 38 (312 824 1152 ) (312 824 1040 ) (320 824 1040 ) (320 824 1152 ) 
4 33 37 (312 824 1536 ) (312 824 1152 ) (320 824 1152 ) (320 824 1536 ) 
4 33 34 (320 824 1040 ) (496 824 1040 ) (496 824 1536 ) (320 824 1536 ) 
4 34 48 (504 296 1040 ) (504 296 1536 ) (320 296 1536 ) (320 296 1040 ) 
3 34 38 (320 824 1152 ) (320 824 1040 ) (320 728 1096 ) 
4 34 37 (320 824 1536 ) (320 824 1152 ) (320 632 1040 ) (320 632 1536 ) 
4 34 39 (320 632 1040 ) (320 296 1040 ) (320 296 1536 ) (320 632 1536 ) 
4 34 35 (320 632 1040 ) (320 824 1040 ) (504 824 1040 ) (504 632 1040 ) 
4 34 36 (320 296 1040 ) (320 624 1040 ) (504 624 1040 ) (504 296 1040 ) 
4 35 40 (320 824 800 ) (320 824 192 ) (320 816 192 ) (320 816 800 ) 
4 36 49 (496 296 192 ) (504 296 192 ) (504 296 800 ) (496 296 800 ) 
4 36 48 (504 296 800 ) (504 296 1040 ) (320 296 1040 ) (320 296 800 ) 
4 36 41 (320 416 192 ) (320 296 192 ) (320 296 800 ) (320 416 800 ) 
4 36 39 (320 296 800 ) (320 296 1040 ) (320 624 1040 ) (320 624 800 ) 
4 37 42 (312 632 1536 ) (312 824 1536 ) (312 824 1152 ) (312 632 1040 ) 
4 37 38 (312 728 1096 ) (312 824 1152 ) (320 824 1152 ) (320 728 1096 ) 
4 37 39 (320 632 1040 ) (320 632 1536 ) (312 632 1536 ) (312 632 1040 ) 
3 38 42 (312 824 1152 ) (312 824 1040 ) (312 728 1096 ) 
4 39 48 (320 296 800 ) (320 296 1536 ) (312 296 1536 ) (312 296 800 ) 
4 39 42 (312 296 800 ) (312 296 1536 ) (312 632 1536 ) (312 632 800 ) 
4 39 41 (312 296 800 ) (312 416 800 ) (320 416 800 ) (320 296 800 ) 
4 40 43 (312 824 192 ) (312 816 192 ) (312 816 800 ) (312 824 800 ) 
4 41 44 (312 408 192 ) (312 296 192 ) (312 296 800 ) (312 408 800 ) 
4 42 48 (312 296 800 ) (312 296 1536 ) (64 296 1536 ) (64 296 800 ) 
4 42 45 (64 1024 1536 ) (64 1024 800 ) (64 296 800 ) (64 296 1536 ) 
4 42 43 (64 416 800 ) (64 1024 800 ) (312 1024 800 ) (312 416 800 ) 
4 42 44 (64 296 800 ) (64 408 800 ) (312 408 800 ) (312 296 800 ) 
4 43 46 (64 1024 792 ) (64 1024 192 ) (64 416 192 ) (64 416 792 ) 
4 43 45 (64 1024 800 ) (64 1024 792 ) (64 416 792 ) (64 416 800 ) 
4 44 46 (64 408 192 ) (64 400 192 ) (64 400 792 ) (64 408 792 ) 
4 44 45 (64 296 792 ) (64 296 800 ) (64 408 800 ) (64 408 792 ) 
4 45 103 (0 1024 1536 ) (0 1024 792 ) (0 296 792 ) (0 296 1536 ) 
4 45 50 (0 296 800 ) (0 296 792 ) (64 296 792 ) (64 296 800 ) 
4 45 48 (0 296 1536 ) (0 296 800 ) (64 296 800 ) (64 296 1536 ) 
4 45 46 (64 1024 792 ) (64 400 792 ) (56 400 792 ) (56 1024 792 ) 
4 45 47 (56 296 792 ) (0 296 792 ) (0 1024 792 ) (56 1024 792 ) 
4 46 47 (56 1024 192 ) (56 400 192 ) (56 400 792 ) (56 1024 792 ) 
4 47 103 (0 1024 792 ) (0 1024 192 ) (0 296 192 ) (0 296 792 ) 
4 47 50 (0 296 792 ) (0 296 192 ) (56 296 192 ) (56 296 792 ) 
4 48 121 (1024 0 800 ) (1024 0 1536 ) (0 0 1536 ) (0 0 800 ) 
4 48 114 (0 0 800 ) (0 0 1536 ) (0 67.586212 1536 ) (0 67.586197 800 ) 
4 48 103 (0 256 1536 ) (0 296 1536 ) (0 296 800 ) (0 256 800 ) 
4 48 104 (0 67.586212 1536 ) (0 256 1536 ) (0 256 800 ) (0 67.586197 800 ) 
4 48 51 (1024 288 800 ) (1024 0 800 ) (0 0 800 ) (0 288 800 ) 
4 48 49 (496 296 800 ) (1024 296 800 ) (1024 288 800 ) (496 288 800 ) 
4 48 50 (0 296 800 ) (64 296 800 ) (64 288 800 ) (0 288 800 ) 
4 49 59 (1024 296 192 ) (1024 288 192 ) (560 288 192 ) (560 296 192 ) 
4 49 53 (773.181763 288 192 ) (1024 288 192 ) (1024 288 320 ) (773.181702 288 320 ) 
4 49 52 (496 288 192 ) (773.181763 288 192 ) (773.181702 288 320 ) (496 288 320 ) 
4 49 51 (1024 288 320 ) (1024 288 800 ) (496 288 800 ) (496 288 320 ) 
4 50 103 (0 288 800 ) (0 296 800 ) (0 296 192 ) (0 288 192 ) 
4 50 52 (0 288 192 ) (64 288 192 ) (64 288 320 ) (0 288 320 ) 
4 50 51 (64 288 320 ) (64 288 800 ) (0 288 800 ) (0 288 320 ) 
4 51 147 (206.620697 0 800 ) (0 0 800 ) (0 0 320 ) (206.620697 0 320 ) 
4 51 146 (213.500000 0 800 ) (206.620697 0 800 ) (206.620697 0 320 ) (213.500000 0 320 ) 
4 51 134 (1024 0 320 ) (1024 0 800 ) (213.500000 0 800 ) (213.500000 0 320 ) 
4 51 114 (0 0 320 ) (0 0 800 ) (0 67.586212 800 ) (0 67.586197 320 ) 
4 51 103 (0 256 800 ) (0 288 800 ) (0 288 320 ) (0 256 320 ) 
4 51 104 (0 67.586212 800 ) (0 256 800 ) (0 256 320 ) (0 67.586197 320 ) 
3 51 58 (137 49 320 ) (158.335800 42.480728 320 ) (171 32 320 ) 
3 51 57 (101 60 320 ) (142.601059 55.502586 320 ) (158.335800 42.480728 320 ) 
3 51 56 (64 64 320 ) (124.438263 70.533867 320 ) (142.601059 55.502586 320 ) 
3 51 55 (124.438263 70.533867 320 ) (146.292572 72.896492 320 ) (200 8 320 ) 
4 51 54 (1024 167.783783 320 ) (1024 0 320 ) (206.620728 0 320 ) (146.292572 72.896492 320 ) 
4 51 53 (773.181763 288 320 ) (1024 288 320 ) (1024 167.783783 320 ) (27 60 320 ) 
3 51 52 (0 288 320 ) (773.181763 288 320 ) (0 51.750004 320 ) 
4 52 117 (0 51.750004 320 ) (0 53.500000 320 ) (0 53.500000 192 ) (0 51.750000 192 ) 
4 52 116 (0 53.500000 320 ) (0 67.586212 320 ) (0 67.586227 192 ) (0 53.500000 192 ) 
4 52 103 (0 256 320 ) (0 288 320 ) (0 288 192 ) (0 256 192 ) 
4 52 104 (0 67.586212 320 ) (0 256 320 ) (0 256 192 ) (0 67.586227 192 ) 
3 52 67 (0 51.750004 192 ) (0 70.918915 192 ) (46.339355 65.909241 192 ) 
5 52 60 (0 70.918915 192 ) (0 256 192 ) (560 256 192 ) (560 222.861115 192 ) (46.339355 65.909241 192 ) 
3 52 59 (560 288 192 ) (773.181763 288 192 ) (560 222.861115 192 ) 
4 52 53 (27.009850 60.001064 192 ) (773.187500 288 192 ) (773.187500 288 320 ) (27.008728 60 320 ) 
3 53 68 (64 64 192 ) (27 60 192 ) (46.339363 65.909256 192 ) 
4 53 60 (560 117.621628 192 ) (64 64 192 ) (46.339363 65.909256 192 ) (560 222.861115 192 ) 
5 53 59 (1024 288 192 ) (1024 167.783783 192 ) (560 117.621628 192 ) (560 222.861115 192 ) (773.181763 288 192 ) 
4 53 56 (63.997917 64 192 ) (124.437798 70.534248 192 ) (124.437782 70.534248 320 ) (63.997913 64 320 ) 
4 53 55 (124.437798 70.534248 192 ) (146.292236 72.896889 192 ) (146.292175 72.896881 320 ) (124.437782 70.534248 320 ) 
4 53 54 (146.292236 72.896889 192 ) (1024 167.784027 192 ) (1024 167.784027 320 ) (146.292175 72.896881 320 ) 
4 54 146 (213.500000 0 320 ) (206.620728 0 320 ) (206.620697 0 192 ) (213.500000 0 192 ) 
4 54 134 (1024 0 192 ) (1024 0 320 ) (213.500000 0 320 ) (213.500000 0 192 ) 
3 54 69 (656 0 192 ) (206.620728 0 192 ) (162.464706 53.355164 192 ) 
4 54 60 (560 10.378378 192 ) (162.464706 53.355164 192 ) (146.292572 72.896492 192 ) (560 117.621620 192 ) 
5 54 59 (1024 167.783783 192 ) (1024 0 192 ) (656 0 192 ) (560 10.378378 192 ) (560 117.621620 192 ) 
4 54 55 (146.294937 72.896477 320 ) (146.294937 72.896477 192 ) (200.007462 7.993835 192 ) (200.001968 7.998366 320 ) 
3 55 70 (162.464706 53.355164 192 ) (200 8 192 ) (142.601059 55.502586 192 ) 
4 55 60 (124.438263 70.533867 192 ) (146.292572 72.896492 192 ) (162.464706 53.355164 192 ) (142.601059 55.502586 192 ) 
4 55 58 (158.333038 42.481571 192 ) (170.995499 32.002239 192 ) (170.995499 32.002243 320 ) (158.333069 42.481560 320 ) 
4 55 57 (142.599152 55.502789 192 ) (158.333038 42.481571 192 ) (158.333069 42.481560 320 ) (142.599167 55.502789 320 ) 
4 55 56 (124.435928 70.534508 320 ) (124.435921 70.534508 192 ) (142.599152 55.502789 192 ) (142.599167 55.502789 320 ) 
3 56 60 (64 64 192 ) (124.438263 70.533867 192 ) (142.601059 55.502586 192 ) 
4 56 57 (101 60 192 ) (142.599625 55.502686 192 ) (142.599625 55.502686 320 ) (101 60 320 ) 
3 57 71 (101 60 192 ) (142.601059 55.502586 192 ) (158.335800 42.480728 192 ) 
4 57 58 (137.003830 48.998085 192 ) (158.336990 42.479660 192 ) (158.336990 42.479660 320 ) (137.003830 48.998085 320 ) 
3 58 72 (137 49 192 ) (158.335800 42.480728 192 ) (171 32 192 ) 
4 59 134 (1024 0 0 ) (1024 0 192 ) (656 0 192 ) (656 0 0 ) 
4 59 69 (656 0 0 ) (656 0 192 ) (560 10.378470 192 ) (560 10.378456 0 ) 
5 59 66 (872 0 0 ) (655.992188 0 0 ) (560 10.377519 0 ) (560 80 0 ) (872 80 0 ) 
4 59 64 (1024 0 0 ) (872 0 0 ) (872 840 0 ) (1024 840 0 ) 
4 59 61 (560 840 0 ) (560 1024 0 ) (1024 1024 0 ) (1024 840 0 ) 
4 59 60 (560 256 0 ) (560 10.375000 0 ) (560 10.374989 192 ) (560 256 192 ) 
4 60 104 (0 70.918922 192 ) (0 256 192 ) (0 256 0 ) (0 70.918915 0 ) 
4 60 71 (142.600922 55.502686 192 ) (101 60 192 ) (101 60 0 ) (142.600922 55.502682 0 ) 
4 60 70 (162.464600 53.355263 192 ) (142.600922 55.502686 192 ) (142.600922 55.502682 0 ) (162.464630 53.355255 0 ) 
4 60 69 (560 10.378470 192 ) (162.464600 53.355263 192 ) (162.464630 53.355255 0 ) (560 10.378456 0 ) 
4 60 68 (64 64 192 ) (46.339600 65.909317 192 ) (46.339573 65.909317 0 ) (64 64 0 ) 
4 60 67 (46.339600 65.909317 192 ) (0 70.919006 192 ) (0 70.918999 0 ) (46.339573 65.909317 0 ) 
4 60 66 (560 10.377519 0 ) (0 70.917969 0 ) (0 80 0 ) (560 80 0 ) 
4 61 65 (472 840 -144 ) (472 840 -1024 ) (872 840 -1024 ) (872 840 -144 ) 
4 61 64 (1024 840 0 ) (872 840 0 ) (872 840 -1024 ) (1024 840 -1024 ) 
4 61 62 (472 840 -8 ) (472 840 0 ) (472 1024 0 ) (472 1024 -8 ) 
4 61 63 (472 1024 -1024 ) (472 840 -1024 ) (472 840 -144 ) (472 1024 -144 ) 
4 62 109 (0 1024 0 ) (0 1024 -8 ) (0 840 -8 ) (0 840 0 ) 
4 63 113 (0 1024 -144 ) (0 1024 -1024 ) (0 840 -1024 ) (0 840 -144 ) 
4 63 65 (0 840 -144 ) (0 840 -1024 ) (472 840 -1024 ) (472 840 -144 ) 
4 64 148 (1024 0 -1024 ) (1024 0 -384 ) (872 0 -384 ) (872 0 -1024 ) 
4 64 134 (1024 0 -384 ) (1024 0 0 ) (872 0 0 ) (872 0 -384 ) 
4 64 65 (872 840 -144 ) (872 840 -1024 ) (872 80 -1024 ) (872 80 -144 ) 
4 64 66 (872 80 -1024 ) (872 0 -1024 ) (872 0 0 ) (872 80 0 ) 
4 65 113 (0 840 -1024 ) (0 80 -1024 ) (0 80 -144 ) (0 840 -144 ) 
4 65 66 (872 80 -1024 ) (872 80 -144 ) (0 80 -144 ) (0 80 -1024 ) 
4 66 148 (656 0 -384 ) (656 0 -1024 ) (872 0 -1024 ) (872 0 -384 ) 
4 66 134 (872 0 0 ) (656 0 0 ) (656 0 -384 ) (872 0 -384 ) 
4 66 113 (0 80 -1024 ) (0 70.918884 -1024 ) (0 70.918907 -144 ) (0 80 -144 ) 
4 66 111 (0 70.918907 -144 ) (0 70.918915 0 ) (0 80 0 ) (0 80 -144 ) 
4 66 71 (142.600937 55.502682 0 ) (101 60 0 ) (101 60 -384 ) (142.600967 55.502655 -384 ) 
4 66 70 (162.464630 53.355255 0 ) (142.600937 55.502682 0 ) (142.600967 55.502655 -384 ) (162.464645 53.355232 -384 ) 
4 66 69 (656 0 -384 ) (656 0 0 ) (162.464630 53.355255 0 ) (162.464645 53.355232 -384 ) 
4 66 68 (64 64 0 ) (46.339600 65.909309 0 ) (46.339516 65.909302 -384 ) (64 64 -384 ) 
4 66 67 (46.339600 65.909309 0 ) (0 70.918999 0 ) (0 70.918976 -384 ) (46.339516 65.909302 -384 ) 
4 66 73 (0 70.918945 -1024 ) (656 0 -1024 ) (656 0 -384 ) (0 70.918976 -384 ) 
4 67 117 (0 51.750000 192 ) (0 53.500000 192 ) (0 53.500000 -384 ) (0 51.750000 -384 ) 
4 67 116 (0 53.500000 192 ) (0 67.586205 192 ) (0 67.586205 -384 ) (0 53.500000 -384 ) 
4 67 113 (0 70.918915 -144 ) (0 70.918907 -384 ) (0 67.586205 -384 ) (0 67.586205 -144 ) 
4 67 111 (0 70.918915 0 ) (0 70.918915 -144 ) (0 67.586205 -144 ) (0 67.586205 0 ) 
4 67 104 (0 67.586205 192 ) (0 70.918922 192 ) (0 70.918915 0 ) (0 67.586205 0 ) 
4 67 68 (27.012131 60.001308 -384 ) (46.343750 65.908203 -384 ) (46.343784 65.908218 192 ) (27.012062 60.001305 192 ) 
3 67 73 (0 51.749996 -384 ) (0 70.917969 -384 ) (46.337090 65.908554 -384 ) 
3 68 73 (27 60 -384 ) (46.337090 65.908554 -384 ) (63.995598 64 -384 ) 
4 69 146 (213.500000 0 192 ) (206.620728 0 192 ) (206.620697 0 -384 ) (213.500000 0 -384 ) 
4 69 134 (656 0 192 ) (213.500000 0 192 ) (213.500000 0 -384 ) (656 0 -384 ) 
4 69 70 (162.467255 53.354893 192 ) (162.467270 53.354889 -384 ) (200.007462 7.993839 -384 ) (200.012726 7.989467 192 ) 
3 69 73 (162.465546 53.354134 -384 ) (655.991516 0 -384 ) (206.620697 0 -384 ) 
4 70 72 (158.333008 42.481579 -384 ) (170.995422 32.002289 -384 ) (170.995483 32.002251 192 ) (158.333038 42.481575 192 ) 
4 70 71 (142.599152 55.502789 192 ) (142.599136 55.502789 -384 ) (158.333008 42.481579 -384 ) (158.333038 42.481575 192 ) 
3 70 73 (142.602356 55.501503 -384 ) (162.465546 53.354134 -384 ) (200 8 -384 ) 
4 71 72 (137.006271 48.996861 -384 ) (158.335968 42.479485 -384 ) (158.335938 42.479492 192 ) (137.006302 48.996849 192 ) 
3 71 73 (101.004791 59.998535 -384 ) (142.602356 55.501503 -384 ) (158.335785 42.480732 -384 ) 
3 72 73 (137 49 -384 ) (158.335785 42.480732 -384 ) (171 32 -384 ) 
4 73 148 (0 0 -384 ) (0 0 -1024 ) (656 0 -1024 ) (656 0 -384 ) 
4 73 118 (0 0 -1024 ) (0 0 -384 ) (0 51.750000 -384 ) (0 51.750000 -1024 ) 
4 73 117 (0 51.750000 -384 ) (0 53.499996 -384 ) (0 53.499996 -1024 ) (0 51.750000 -1024 ) 
4 73 116 (0 53.499996 -384 ) (0 67.586205 -384 ) (0 67.586212 -1024 ) (0 53.499996 -1024 ) 
4 73 113 (0 67.586205 -384 ) (0 70.918907 -384 ) (0 70.918884 -1024 ) (0 67.586212 -1024 ) 
4 74 102 (-1024 1880 376 ) (-1024 1080 376 ) (-1024 1080 1536 ) (-1024 1880 1536 ) 
4 74 81 (-1024 1080 1536 ) (-1024 1080 376 ) (0 1080 376 ) (0 1080 1536 ) 
4 74 79 (-208 1080 376 ) (-216 1080 376 ) (-216 1200 376 ) (-208 1200 376 ) 
4 74 80 (-216 1080 376 ) (-1024 1080 376 ) (-1024 1272 376 ) (-216 1272 376 ) 
4 74 78 (-1024 1272 376 ) (-1024 1880 376 ) (-208 1880 376 ) (-208 1272 376 ) 
4 74 77 (-40 1080 376 ) (-208 1080 376 ) (-208 1264 376 ) (-40 1264 376 ) 
4 74 76 (0 1080 376 ) (-40 1080 376 ) (-40 1272 376 ) (0 1272 376 ) 
4 74 75 (-208 1272 376 ) (-208 1880 376 ) (0 1880 376 ) (0 1272 376 ) 
4 75 87 (0 1880 192 ) (0 1272 192 ) (-208 1272 192 ) (-208 1880 192 ) 
4 75 78 (-208 1880 192 ) (-208 1272 192 ) (-208 1272 376 ) (-208 1880 376 ) 
4 75 76 (-40 1272 192 ) (0 1272 192 ) (0 1272 376 ) (-40 1272 376 ) 
4 76 82 (-40 1080 192 ) (0 1080 192 ) (0 1080 344 ) (-40 1080 344 ) 
4 76 81 (0 1080 344 ) (0 1080 376 ) (-40 1080 376 ) (-40 1080 344 ) 
4 76 77 (-40 1264 192 ) (-40 1080 192 ) (-40 1080 376 ) (-40 1264 376 ) 
4 77 83 (-136 1080 192 ) (-40 1080 192 ) (-40 1080 280 ) (-136 1080 280 ) 
4 77 81 (-40 1080 344 ) (-40 1080 376 ) (-208 1080 376 ) (-208 1080 344 ) 
3 77 79 (-208 1080 344 ) (-208 1080 376 ) (-208 1200 376 ) 
4 78 102 (-1024 1880 192 ) (-1024 1272 192 ) (-1024 1272 376 ) (-1024 1880 376 ) 
4 78 88 (-1024 1272 192 ) (-1024 1880 192 ) (-240 1880 192 ) (-240 1272 192 ) 
4 78 87 (-240 1880 192 ) (-208 1880 192 ) (-208 1272 192 ) (-240 1272 192 ) 
4 78 80 (-1024 1272 192 ) (-216 1272 192 ) (-216 1272 376 ) (-1024 1272 376 ) 
4 79 81 (-208 1080 344 ) (-208 1080 376 ) (-216 1080 376 ) (-216 1080 344 ) 
3 79 80 (-216 1080 344 ) (-216 1080 376 ) (-216 1200 376 ) 
4 80 102 (-1024 1272 192 ) (-1024 1080 192 ) (-1024 1080 376 ) (-1024 1272 376 ) 
4 80 88 (-1024 1080 192 ) (-1024 1272 192 ) (-240 1272 192 ) (-240 1080 192 ) 
4 80 86 (-1024 1080 344 ) (-1024 1080 192 ) (-216 1080 192 ) (-216 1080 344 ) 
4 80 81 (-1024 1080 376 ) (-1024 1080 344 ) (-216 1080 344 ) (-216 1080 376 ) 
4 81 105 (-240 1024 1536 ) (-648 1024 1536 ) (-648 1024 344 ) (-240 1024 344 ) 
4 81 108 (-648 1024 1536 ) (-1024 1024 1536 ) (-1024 1024 344 ) (-648 1024 344 ) 
4 81 103 (0 1024 344 ) (0 1024 1536 ) (-240 1024 1536 ) (-240 1024 344 ) 
4 81 102 (-1024 1024 344 ) (-1024 1024 1536 ) (-1024 1080 1536 ) (-1024 1080 344 ) 
4 81 85 (-136 1024 344 ) (-216 1024 344 ) (-216 1072 344 ) (-136 1072 344 ) 
4 81 86 (-216 1024 344 ) (-1024 1024 344 ) (-1024 1080 344 ) (-216 1080 344 ) 
4 81 84 (-40 1024 344 ) (-136 1024 344 ) (-136 1072 344 ) (-40 1072 344 ) 
4 81 82 (0 1024 344 ) (-40 1024 344 ) (-40 1080 344 ) (0 1080 344 ) 
4 82 103 (0 1024 192 ) (0 1024 344 ) (-40 1024 344 ) (-40 1024 192 ) 
4 82 83 (-40 1080 280 ) (-40 1080 192 ) (-40 1072 192 ) (-40 1072 280 ) 
4 82 84 (-40 1024 344 ) (-40 1072 344 ) (-40 1072 192 ) (-40 1024 192 ) 
4 83 84 (-136 1072 280 ) (-136 1072 192 ) (-40 1072 192 ) (-40 1072 280 ) 
4 84 103 (-40 1024 344 ) (-136 1024 344 ) (-136 1024 192 ) (-40 1024 192 ) 
4 84 85 (-136 1024 344 ) (-136 1072 344 ) (-136 1072 192 ) (-136 1024 192 ) 
4 85 103 (-136 1024 344 ) (-216 1024 344 ) (-216 1024 192 ) (-136 1024 192 ) 
4 85 86 (-216 1024 344 ) (-216 1072 344 ) (-216 1072 192 ) (-216 1024 192 ) 
4 86 105 (-240 1024 344 ) (-648 1024 344 ) (-648 1024 192 ) (-240 1024 192 ) 
4 86 108 (-648 1024 344 ) (-1024 1024 344 ) (-1024 1024 192 ) (-648 1024 192 ) 
4 86 103 (-216 1024 344 ) (-240 1024 344 ) (-240 1024 192 ) (-216 1024 192 ) 
4 86 102 (-1024 1080 192 ) (-1024 1024 192 ) (-1024 1024 344 ) (-1024 1080 344 ) 
4 86 88 (-240 1024 192 ) (-1024 1024 192 ) (-1024 1080 192 ) (-240 1080 192 ) 
4 87 97 (0 1880 0 ) (0 1272 0 ) (-240 1272 0 ) (-240 1880 0 ) 
4 87 91 (-240 1276.119995 0 ) (-240 1272 0 ) (-240 1272 120 ) (-240 1276.119995 120 ) 
4 87 90 (-240 1272 128 ) (-240 1272 184 ) (-240 1276.119995 184 ) (-240 1276.119995 128 ) 
4 87 89 (-240 1880 0 ) (-240 1276.119995 0 ) (-240 1276.119995 184 ) (-240 1880 184 ) 
4 87 88 (-240 1272 184 ) (-240 1272 192 ) (-240 1880 192 ) (-240 1880 184 ) 
4 88 105 (-240 1024 192 ) (-648 1024 192 ) (-648 1024 184 ) (-240 1024 184 ) 
4 88 108 (-648 1024 192 ) (-1024 1024 192 ) (-1024 1024 184 ) (-648 1024 184 ) 
4 88 102 (-1024 1024 184 ) (-1024 1024 192 ) (-1024 1880 192 ) (-1024 1880 184 ) 
4 88 94 (-640 1024 184 ) (-648 1024 184 ) (-648 1276.119995 184 ) (-640 1276.119995 184 ) 
4 88 92 (-240 1264 184 ) (-240 1024 184 ) (-640 1024 184 ) (-640 1264 184 ) 
4 88 90 (-240 1276.119995 184 ) (-240 1272 184 ) (-640 1272 184 ) (-640 1276.119995 184 ) 
4 88 89 (-648 1880 184 ) (-240 1880 184 ) (-240 1276.119995 184 ) (-648 1276.119995 184 ) 
4 88 96 (-1024 1880 184 ) (-648 1880 184 ) (-648 1024 184 ) (-1024 1024 184 ) 
4 89 97 (-648 1880 0 ) (-240 1880 0 ) (-240 1276.119995 0 ) (-648 1276.119995 0 ) 
4 89 94 (-648 1276.119995 184 ) (-648 1276.119995 128 ) (-640 1276.119995 128 ) (-640 1276.119995 184 ) 
4 89 95 (-648 1276.119995 120 ) (-648 1276.119995 0 ) (-640 1276.119995 0 ) (-640 1276.119995 120 ) 
4 89 91 (-640 1276.119995 0 ) (-240 1276.119995 0 ) (-240 1276.119995 120 ) (-640 1276.119995 120 ) 
4 89 90 (-240 1276.119995 128 ) (-240 1276.119995 184 ) (-640 1276.119995 184 ) (-640 1276.119995 128 ) 
4 89 96 (-648 1276.119995 184 ) (-648 1880 184 ) (-648 1880 0 ) (-648 1276.119995 0 ) 
4 90 94 (-640 1276.119995 184 ) (-640 1276.119995 128 ) (-640 1272 128 ) (-640 1272 184 ) 
4 91 97 (-240 1276.119995 0 ) (-240 1272 0 ) (-640 1272 0 ) (-640 1276.119995 0 ) 
4 91 95 (-640 1276.119995 120 ) (-640 1276.119995 0 ) (-640 1272 0 ) (-640 1272 120 ) 
4 92 105 (-240 1024 128 ) (-240 1024 184 ) (-640 1024 184 ) (-640 1024 128 ) 
4 92 94 (-640 1024 128 ) (-640 1024 184 ) (-640 1264 184 ) (-640 1264 128 ) 
4 93 106 (-640 1024 0 ) (-240 1024 0 ) (-240 1024 120 ) (-640 1024 120 ) 
4 93 98 (-240 1264 0 ) (-240 1024 0 ) (-640 1024 0 ) (-640 1264 0 ) 
4 93 95 (-640 1264 0 ) (-640 1024 0 ) (-640 1024 120 ) (-640 1264 120 ) 
4 94 105 (-640 1024 128 ) (-640 1024 184 ) (-648 1024 184 ) (-648 1024 128 ) 
4 94 96 (-648 1024 184 ) (-648 1276.119995 184 ) (-648 1276.119995 128 ) (-648 1024 128 ) 
4 95 106 (-648 1024 0 ) (-640 1024 0 ) (-640 1024 120 ) (-648 1024 120 ) 
4 95 99 (-640 1024 0 ) (-648 1024 0 ) (-648 1272 0 ) (-640 1272 0 ) 
4 95 97 (-648 1272 0 ) (-648 1276.119995 0 ) (-640 1276.119995 0 ) (-640 1272 0 ) 
4 95 96 (-648 1276.119995 120 ) (-648 1276.119995 0 ) (-648 1024 0 ) (-648 1024 120 ) 
4 96 108 (-1024 1024 184 ) (-1024 1024 0 ) (-648 1024 0 ) (-648 1024 184 ) 
4 96 102 (-1024 1880 0 ) (-1024 1024 0 ) (-1024 1024 184 ) (-1024 1880 184 ) 
4 96 99 (-1024 1024 0 ) (-1024 1272 0 ) (-648 1272 0 ) (-648 1024 0 ) 
4 96 97 (-1024 1272 0 ) (-1024 1880 0 ) (-648 1880 0 ) (-648 1272 0 ) 
4 97 102 (-1024 1880 -1024 ) (-1024 1272 -1024 ) (-1024 1272 0 ) (-1024 1880 0 ) 
4 97 100 (-640 1272 -8 ) (-1024 1272 -8 ) (-1024 1272 -144 ) (-648 1272 -144 ) 
4 97 101 (-1024 1272 -1024 ) (0 1272 -1024 ) (0 1272 -144 ) (-1024 1272 -144 ) 
4 97 99 (-640 1272 0 ) (-1024 1272 0 ) (-1024 1272 -8 ) (-640 1272 -8 ) 
4 98 109 (0 1024 -8 ) (0 1024 0 ) (-640 1024 0 ) (-640 1024 -8 ) 
4 98 99 (-640 1264 -8 ) (-640 1024 -8 ) (-640 1024 0 ) (-640 1264 0 ) 
4 99 109 (-640 1024 0 ) (-1024 1024 0 ) (-1024 1024 -8 ) (-640 1024 -8 ) 
4 99 102 (-1024 1024 -8 ) (-1024 1024 0 ) (-1024 1272 0 ) (-1024 1272 -8 ) 
4 99 100 (-640 1024 -8 ) (-1024 1024 -8 ) (-1024 1272 -8 ) (-640 1272 -8 ) 
4 100 110 (-640 1024 -8 ) (-1024 1024 -8 ) (-1024 1024 -144 ) (-648 1024 -144 ) 
4 100 102 (-1024 1024 -144 ) (-1024 1024 -8 ) (-1024 1272 -8 ) (-1024 1272 -144 ) 
4 100 101 (-1024 1024 -144 ) (-1024 1272 -144 ) (-648 1272 -144 ) (-648 1024 -144 ) 
4 101 113 (0 1024 -1024 ) (0 1024 -144 ) (-1024 1024 -144 ) (-1024 1024 -1024 ) 
4 101 102 (-1024 1272 -1024 ) (-1024 1024 -1024 ) (-1024 1024 -144 ) (-1024 1272 -144 ) 
4 102 119 (-1744 1024 -1024 ) (-1024 1024 -1024 ) (-1024 1024 1536 ) (-1744 1024 1536 ) 
4 103 105 (-240 840.119019 1536 ) (-240 1024 1536 ) (-240 1024 192 ) (-240 840.119019 192 ) 
4 103 107 (-240 256 192 ) (-240 256 1536 ) (-240 840.119019 1536 ) (-240 840.119019 192 ) 
4 103 104 (0 256 1536 ) (-240 256 1536 ) (-240 256 192 ) (0 256 192 ) 
4 104 225 (-81.666679 0 0 ) (-81.666679 0 320 ) (-85.500000 0 320 ) (-85.500000 0 0 ) 
4 104 224 (-85.500000 0 320 ) (-96.198936 0 320 ) (-96.198936 0 0 ) (-85.500000 0 0 ) 
4 104 223 (-96.198936 0 320 ) (-114.162170 0 320 ) (-114.162170 0 0 ) (-96.198936 0 0 ) 
4 104 222 (-114.162170 0 320 ) (-141.837845 0 320 ) (-141.837845 0 0 ) (-114.162170 0 0 ) 
4 104 221 (-141.837845 0 320 ) (-174.416672 0 320 ) (-174.416687 0 0 ) (-141.837845 0 0 ) 
4 104 220 (-174.416672 0 320 ) (-213.500000 0 320 ) (-213.500000 0 0 ) (-174.416687 0 0 ) 
4 104 219 (-213.500000 0 320 ) (-240 0 320 ) (-240 0 0 ) (-213.500000 0 0 ) 
4 104 215 (-81.666679 0 320 ) (-81.666679 0 1536 ) (-240 0 1536 ) (-240 0 320 ) 
4 104 116 (0 67.586609 0 ) (0 67.586594 320 ) (-43 32 320 ) (-43 32 0 ) 
4 104 115 (-72.001198 7.998554 320 ) (-81.665977 0 320 ) (-81.666016 0 0 ) (-72.001114 7.998649 0 ) 
4 104 114 (0 67.586594 320 ) (0 67.586548 1536 ) (-81.665833 0 1536 ) (-81.665977 0 320 ) 
5 104 111 (0 67.585022 0 ) (-81.665230 0 0 ) (-240 0 0 ) (-240 80 0 ) (0 80 0 ) 
4 104 107 (-240 256 0 ) (-240 0 0 ) (-240 0 1536 ) (-240 256 1536 ) 
4 105 108 (-648 840.119019 128 ) (-648 840.119019 1536 ) (-648 1024 1536 ) (-648 1024 128 ) 
4 105 107 (-648 840.119019 1536 ) (-648 840.119019 128 ) (-240 840.119019 128 ) (-240 840.119019 1536 ) 
4 106 109 (-648 840.119019 0 ) (-648 1024 0 ) (-240 1024 0 ) (-240 840.119019 0 ) 
4 106 107 (-648 840.119019 120 ) (-648 840.119019 0 ) (-240 840.119019 0 ) (-240 840.119019 120 ) 
4 106 108 (-648 1024 0 ) (-648 840.119019 0 ) (-648 840.119019 120 ) (-648 1024 120 ) 
4 107 219 (-290.482758 0 0 ) (-240 0 0 ) (-240 0 320 ) (-290.482758 0 320 ) 
4 107 218 (-391 0 0 ) (-290.482758 0 0 ) (-290.482758 0 320 ) (-391 0 320 ) 
4 107 217 (-619 0 0 ) (-391 0 0 ) (-391 0 320 ) (-619 0 320 ) 
4 107 216 (-648 0 0 ) (-619 0 0 ) (-619 0 320 ) (-648 0 320 ) 
4 107 215 (-240 0 320 ) (-240 0 1536 ) (-648 0 1536 ) (-648 0 320 ) 
4 107 111 (-240 0 0 ) (-552 0 0 ) (-552 80 0 ) (-240 80 0 ) 
4 107 112 (-552 0 0 ) (-648 0 0 ) (-648 840.119019 0 ) (-552 840.119019 0 ) 
4 107 108 (-648 840.119019 0 ) (-648 0 0 ) (-648 0 1536 ) (-648 840.119019 1536 ) 
4 108 216 (-1007.181824 0 0 ) (-648 0 0 ) (-648 0 320 ) (-1007.181824 0 320 ) 
4 108 215 (-648 0 320 ) (-648 0 1536 ) (-1007.181824 0 1536 ) (-1007.181824 0 320 ) 
4 108 211 (-1024 0 192 ) (-1024 0 0 ) (-1007.181824 0 0 ) (-1007.181824 0 192 ) 
4 108 209 (-1024 0 1536 ) (-1024 0 192 ) (-1007.181824 0 192 ) (-1007.181824 0 1536 ) 
4 108 119 (-1024 1024 1536 ) (-1024 1024 0 ) (-1024 0 0 ) (-1024 0 1536 ) 
4 108 112 (-648 0 0 ) (-1024 0 0 ) (-1024 840 0 ) (-648 840 0 ) 
4 108 109 (-1024 840 0 ) (-1024 1024 0 ) (-648 1024 0 ) (-648 840 0 ) 
4 109 119 (-1024 1024 0 ) (-1024 1024 -8 ) (-1024 840 -8 ) (-1024 840 0 ) 
4 109 112 (-552 840 0 ) (-1024 840 0 ) (-1024 840 -8 ) (-552 840 -8 ) 
4 109 110 (-640 840 -8 ) (-1024 840 -8 ) (-1024 1024 -8 ) (-640 1024 -8 ) 
4 110 119 (-1024 1024 -8 ) (-1024 1024 -144 ) (-1024 840 -144 ) (-1024 840 -8 ) 
4 110 113 (-1024 840 -144 ) (-1024 1024 -144 ) (-648 1024 -144 ) (-648 840 -144 ) 
4 110 112 (-1024 840 -144 ) (-648 840 -144 ) (-640 840 -8 ) (-1024 840 -8 ) 
4 111 225 (-81.666679 0 -144 ) (-81.666679 0 0 ) (-85.500000 0 0 ) (-85.500000 0 -144 ) 
4 111 224 (-85.500000 0 0 ) (-96.198936 0 0 ) (-96.198936 0 -144 ) (-85.500000 0 -144 ) 
4 111 223 (-96.198936 0 0 ) (-114.162170 0 0 ) (-114.162170 0 -144 ) (-96.198936 0 -144 ) 
4 111 222 (-114.162170 0 0 ) (-141.837845 0 0 ) (-141.837845 0 -144 ) (-114.162170 0 -144 ) 
4 111 221 (-141.837845 0 0 ) (-174.416672 0 0 ) (-174.416672 0 -144 ) (-141.837845 0 -144 ) 
4 111 220 (-174.416672 0 0 ) (-213.500000 0 0 ) (-213.500015 0 -144 ) (-174.416672 0 -144 ) 
4 111 219 (-213.500000 0 0 ) (-290.482758 0 0 ) (-290.482758 0 -144 ) (-213.500015 0 -144 ) 
4 111 218 (-290.482758 0 0 ) (-391 0 0 ) (-391 0 -144 ) (-290.482758 0 -144 ) 
4 111 217 (-391 0 0 ) (-552 0 0 ) (-552 0 -144 ) (-391 0 -144 ) 
4 111 116 (0 67.586617 -144 ) (0 67.586609 0 ) (-43 32 0 ) (-43 32 -144 ) 
4 111 115 (-72.001122 7.998646 0 ) (-81.666016 0 0 ) (-81.666031 0 -144 ) (-72.001083 7.998687 -144 ) 
5 111 113 (0 67.582031 -144 ) (-81.660156 0 -144 ) (-552 0 -144 ) (-552 80 -144 ) (0 80 -144 ) 
4 111 112 (-552 80 -144 ) (-552 0 -144 ) (-552 0 0 ) (-552 80 0 ) 
4 112 217 (-552 0 0 ) (-619 0 0 ) (-619 0 -144 ) (-552 0 -144 ) 
4 112 216 (-619 0 0 ) (-1007.181824 0 0 ) (-1007.181824 0 -144 ) (-619 0 -144 ) 
4 112 214 (-1007.181824 0 0 ) (-1024 0 0 ) (-1024 0 -144 ) (-1007.181824 0 -144 ) 
4 112 119 (-1024 840 -144 ) (-1024 0 -144 ) (-1024 0 0 ) (-1024 840 0 ) 
4 112 113 (-552 0 -144 ) (-1024 0 -144 ) (-1024 840 -144 ) (-552 840 -144 ) 
4 113 225 (-81.666679 0 -1024 ) (-81.666679 0 -144 ) (-85.500000 0 -144 ) (-85.500000 0 -1024 ) 
4 113 224 (-85.500000 0 -144 ) (-96.198936 0 -144 ) (-96.198936 0 -1024 ) (-85.500000 0 -1024 ) 
4 113 223 (-96.198936 0 -144 ) (-114.162170 0 -144 ) (-114.162170 0 -1024 ) (-96.198936 0 -1024 ) 
4 113 222 (-114.162170 0 -144 ) (-141.837845 0 -144 ) (-141.837845 0 -1024 ) (-114.162170 0 -1024 ) 
4 113 221 (-141.837845 0 -144 ) (-174.416672 0 -144 ) (-174.416672 0 -1024 ) (-141.837845 0 -1024 ) 
4 113 220 (-174.416672 0 -144 ) (-213.500000 0 -144 ) (-213.500015 0 -1024 ) (-174.416672 0 -1024 ) 
4 113 219 (-213.500000 0 -144 ) (-290.482758 0 -144 ) (-290.482758 0 -1024 ) (-213.500015 0 -1024 ) 
4 113 218 (-290.482758 0 -144 ) (-391 0 -144 ) (-391 0 -1024 ) (-290.482758 0 -1024 ) 
4 113 217 (-391 0 -144 ) (-619 0 -144 ) (-619 0 -1024 ) (-391 0 -1024 ) 
4 113 216 (-619 0 -144 ) (-1007.181824 0 -144 ) (-1007.181824 0 -1024 ) (-619 0 -1024 ) 
4 113 214 (-1007.181824 0 -144 ) (-1024 0 -144 ) (-1024 0 -1024 ) (-1007.181824 0 -1024 ) 
4 113 119 (-1024 1024 -144 ) (-1024 1024 -1024 ) (-1024 0 -1024 ) (-1024 0 -144 ) 
4 113 118 (-72.001022 7.998760 -384 ) (-72 7.998953 -1024 ) (-43 32 -1024 ) (-43 32 -384 ) 
4 113 116 (0 67.586655 -1024 ) (0 67.586617 -144 ) (-43 32 -144 ) (-43 32 -1024 ) 
4 113 115 (-72.001083 7.998688 -144 ) (-81.666031 0 -144 ) (-81.666138 0 -1024 ) (-72 7.998953 -1024 ) 
4 114 215 (0 0 320 ) (0 0 1536 ) (-81.666679 0 1536 ) (-81.666679 0 320 ) 
3 114 117 (-9 49 320 ) (0 53.499996 320 ) (0 51.750000 320 ) 
3 114 116 (-43.003284 31.998356 320 ) (0 67.587280 320 ) (0 53.499996 320 ) 
3 114 115 (-78.620689 0 320 ) (-81.667969 0 320 ) (-71.997169 8.003418 320 ) 
4 115 225 (-78.620689 0 320 ) (-81.666679 0 320 ) (-81.666679 0 -1024 ) (-78.620689 0 -1024 ) 
4 115 118 (-78.621094 0 -1024 ) (-71.992188 8.007813 -1024 ) (-71.992188 8.007813 -384 ) (-78.620255 0 -384 ) 
4 116 118 (-43 32 -1024 ) (-9 49 -1024 ) (-9 49 -384 ) (-43 32 -384 ) 
4 116 117 (-9 49 -1024 ) (0 53.500000 -1024 ) (0 53.500000 320 ) (-9 49 320 ) 
4 117 118 (-9.005871 48.997063 -384 ) (-9.005890 48.997055 -1024 ) (0 51.748856 -1024 ) (0 51.748470 -384 ) 
4 118 226 (0 0 -1024 ) (0 0 -384 ) (-78.620689 0 -384 ) (-78.620689 0 -1024 ) 
4 119 227 (-1024 0 -1024 ) (-1024 0 1536 ) (-1744 0 1536 ) (-1744 0 -1024 ) 
4 120 149 (1904 -1024 1536 ) (1024 -1024 1536 ) (1024 -1024 -1024 ) (1904 -1024 -1024 ) 
4 120 148 (1024 0 -384 ) (1024 0 -1024 ) (1024 -216.216217 -1024 ) (1024 -216.216232 -384 ) 
4 120 134 (1024 -216.216248 800 ) (1024 0 800 ) (1024 0 -384 ) (1024 -216.216232 -384 ) 
4 120 133 (1024 -1024 -1024 ) (1024 -1024 -144 ) (1024 -216.216232 -144 ) (1024 -216.216217 -1024 ) 
4 120 131 (1024 -1024 -144 ) (1024 -1024 0 ) (1024 -216.216232 0 ) (1024 -216.216232 -144 ) 
4 120 129 (1024 -1024 0 ) (1024 -1024 192 ) (1024 -216.216232 192 ) (1024 -216.216232 0 ) 
4 120 122 (1024 -1024 192 ) (1024 -1024 800 ) (1024 -216.216248 800 ) (1024 -216.216232 192 ) 
4 120 121 (1024 -1024 800 ) (1024 -1024 1536 ) (1024 0 1536 ) (1024 0 800 ) 
4 121 215 (0 0 1536 ) (0 0 800 ) (0 -307.750031 800 ) (0 -307.750000 1536 ) 
4 121 190 (0 -307.750031 800 ) (0 -1024 800 ) (0 -1024 1536 ) (0 -307.750000 1536 ) 
4 121 150 (0 -1024 1536 ) (0 -1024 800 ) (1024 -1024 800 ) (1024 -1024 1536 ) 
16 121 147 (101 -316 800 ) (64 -320 800 ) (27 -316 800 ) (0 -307.750031 800 ) (0 0 800 ) (206.620697 0 800 ) (224 -21 800 ) (241 -55 800 ) (252 -91 800 ) (256 -128 800 ) (252 -165 800 ) (241 -201 800 ) (224 -235 800 ) (200 -264 800 ) (171 -288 800 ) (137 -305 800 ) 
3 121 146 (206.620697 0 800 ) (213.500000 0 800 ) (224 -21 800 ) 
3 121 145 (27 -316 800 ) (0 -313.081055 800 ) (0 -307.750031 800 ) 
3 121 144 (64 -320 800 ) (0 -326.918945 800 ) (0 -313.081055 800 ) 
3 121 143 (118.861900 -314.069031 800 ) (101 -316 800 ) (137 -305 800 ) 
3 121 142 (142.600952 -311.502655 800 ) (118.861900 -314.069031 800 ) (171 -288 800 ) 
3 121 141 (162.464615 -309.355225 800 ) (142.600952 -311.502655 800 ) (200 -264 800 ) 
3 121 140 (188.214264 -306.571472 800 ) (162.464615 -309.355225 800 ) (224 -235 800 ) 
3 121 139 (209.443329 -304.276428 800 ) (188.214264 -306.571472 800 ) (241 -201 800 ) 
3 121 138 (237.268280 -301.268311 800 ) (209.443329 -304.276428 800 ) (252 -165 800 ) 
3 121 137 (274.298920 -297.264984 800 ) (237.268280 -301.268311 800 ) (256 -128 800 ) 
3 121 136 (313.723083 -293.002899 800 ) (274.298920 -297.264984 800 ) (252 -91 800 ) 
3 121 135 (357.628235 -288.256409 800 ) (313.723083 -293.002899 800 ) (241 -55 800 ) 
4 121 134 (1024 0 800 ) (1024 -216.216217 800 ) (357.628235 -288.256409 800 ) (213.500000 0 800 ) 
4 121 127 (0 -664 800 ) (0 -552 800 ) (64 -552 800 ) (64 -664 800 ) 
4 121 128 (64 -1024 800 ) (0 -1024 800 ) (0 -672 800 ) (64 -672 800 ) 
4 121 126 (0 -544 800 ) (0 -326.918945 800 ) (64 -320 800 ) (64 -544 800 ) 
4 121 124 (64 -656 800 ) (64 -552 800 ) (72 -552 800 ) (72 -656 800 ) 
4 121 123 (64 -552 800 ) (64 -320 800 ) (72 -319.135162 800 ) (72 -552 800 ) 
4 121 125 (72 -1024 800 ) (64 -1024 800 ) (64 -656 800 ) (72 -656 800 ) 
4 121 122 (1024 -216.216217 800 ) (1024 -1024 800 ) (72 -1024 800 ) (72 -319.135162 800 ) 
4 122 151 (72 -1024 192 ) (1024 -1024 192 ) (1024 -1024 344 ) (72 -1024 344 ) 
4 122 150 (1024 -1024 344 ) (1024 -1024 800 ) (72 -1024 800 ) (72 -1024 344 ) 
4 122 147 (72 -319.135162 800 ) (101 -316 800 ) (101 -316 320 ) (72 -319.135132 320 ) 
4 122 143 (101 -316 800 ) (118.861938 -314.069000 800 ) (118.861977 -314.069000 192 ) (101 -316 192 ) 
4 122 142 (118.861938 -314.069000 800 ) (142.600983 -311.502625 800 ) (142.600998 -311.502625 192 ) (118.861977 -314.069000 192 ) 
4 122 141 (142.600983 -311.502625 800 ) (162.464661 -309.355194 800 ) (162.464661 -309.355194 192 ) (142.600998 -311.502625 192 ) 
4 122 140 (162.464661 -309.355194 800 ) (188.214233 -306.571472 800 ) (188.214264 -306.571442 192 ) (162.464661 -309.355194 192 ) 
4 122 139 (188.214233 -306.571472 800 ) (209.443314 -304.276428 800 ) (209.443329 -304.276398 192 ) (188.214264 -306.571442 192 ) 
4 122 138 (209.443314 -304.276428 800 ) (237.268295 -301.268341 800 ) (237.268280 -301.268311 192 ) (209.443329 -304.276398 192 ) 
4 122 137 (237.268295 -301.268341 800 ) (274.298920 -297.265045 800 ) (274.298920 -297.265015 192 ) (237.268280 -301.268311 192 ) 
4 122 136 (274.298920 -297.265045 800 ) (313.723145 -293.002960 800 ) (313.723114 -293.002930 192 ) (274.298920 -297.265015 192 ) 
4 122 135 (313.723145 -293.002960 800 ) (357.628235 -288.256470 800 ) (357.628235 -288.256439 192 ) (313.723114 -293.002930 192 ) 
4 122 134 (357.628235 -288.256470 800 ) (1024 -216.216370 800 ) (1024 -216.216354 192 ) (357.628235 -288.256439 192 ) 
4 122 130 (72 -319.134308 192 ) (368 -287.134277 192 ) (368 -512 192 ) (72 -512 192 ) 
4 122 129 (368 -287.134277 192 ) (1024 -216.215332 192 ) (1024 -1024 192 ) (368 -1024 192 ) 
4 122 124 (72 -656 792 ) (72 -656 800 ) (72 -552 800 ) (72 -552 792 ) 
4 122 123 (72 -319.128937 800 ) (72 -319.128906 192 ) (72 -552 192 ) (72 -552 800 ) 
4 122 125 (72 -656 192 ) (72 -1024 192 ) (72 -1024 800 ) (72 -656 800 ) 
4 123 147 (64 -320 800 ) (72 -319.135162 800 ) (72 -319.135132 320 ) (64 -320 320 ) 
4 123 130 (64 -320 192 ) (72 -319.134308 192 ) (72 -512 192 ) (64 -512 192 ) 
4 123 126 (64 -319.996124 800 ) (64 -319.996094 192 ) (64 -544 192 ) (64 -544 800 ) 
4 123 124 (64 -552 800 ) (64 -552 792 ) (72 -552 792 ) (72 -552 800 ) 
4 124 127 (64 -656 792 ) (64 -656 800 ) (64 -552 800 ) (64 -552 792 ) 
4 124 125 (64 -656 800 ) (64 -656 792 ) (72 -656 792 ) (72 -656 800 ) 
4 125 151 (64 -1024 192 ) (72 -1024 192 ) (72 -1024 344 ) (64 -1024 344 ) 
4 125 150 (72 -1024 344 ) (72 -1024 800 ) (64 -1024 800 ) (64 -1024 344 ) 
4 125 127 (64 -656 192 ) (64 -664 192 ) (64 -664 800 ) (64 -656 800 ) 
4 125 128 (64 -672 192 ) (64 -1024 192 ) (64 -1024 800 ) (64 -672 800 ) 
4 126 197 (0 -544 800 ) (0 -326.918945 800 ) (0 -326.918945 192 ) (0 -544 192 ) 
4 126 144 (0 -326.918915 192 ) (0 -326.918945 800 ) (64 -320 800 ) (64 -320 192 ) 
4 126 130 (0 -326.918091 192 ) (64 -320 192 ) (64 -512 192 ) (0 -512 192 ) 
4 127 198 (0 -664 800 ) (0 -552 800 ) (0 -552 192 ) (0 -664 192 ) 
4 128 201 (0 -1024 192 ) (0 -1024 800 ) (0 -672 800 ) (0 -672 192 ) 
4 128 151 (0 -1024 344 ) (0 -1024 192 ) (64 -1024 192 ) (64 -1024 344 ) 
4 128 150 (0 -1024 800 ) (0 -1024 344 ) (64 -1024 344 ) (64 -1024 800 ) 
4 129 173 (368 -1024 0 ) (512 -1024 0 ) (512 -1024 184 ) (368 -1024 184 ) 
4 129 163 (512 -1024 0 ) (1024 -1024 0 ) (1024 -1024 184 ) (512 -1024 184 ) 
4 129 161 (1024 -1024 184 ) (1024 -1024 192 ) (368 -1024 192 ) (368 -1024 184 ) 
4 129 134 (368 -287.135193 192 ) (1024 -216.216354 192 ) (1024 -216.216354 0 ) (368 -287.135193 0 ) 
4 129 132 (368 -336 0 ) (368 -287.134186 0 ) (680 -253.404449 0 ) (680 -336 0 ) 
4 129 131 (1024 -1024 0 ) (680 -1024 0 ) (680 -253.404449 0 ) (1024 -216.215256 0 ) 
4 129 130 (368 -287.128906 0 ) (368 -512 0 ) (368 -512 192 ) (368 -287.132813 192 ) 
4 130 210 (0 -512 192 ) (0 -326.918945 192 ) (0 -326.918945 0 ) (0 -512 0 ) 
4 130 144 (0 -326.918915 0 ) (0 -326.918915 192 ) (64 -320 192 ) (64 -320 0 ) 
4 130 143 (101 -316 192 ) (118.862053 -314.068970 192 ) (118.861954 -314.069000 0 ) (101 -316 0 ) 
4 130 142 (118.862053 -314.068970 192 ) (142.601028 -311.502594 192 ) (142.600998 -311.502625 0 ) (118.861954 -314.069000 0 ) 
4 130 141 (142.601028 -311.502594 192 ) (162.464645 -309.355194 192 ) (162.464661 -309.355194 0 ) (142.600998 -311.502625 0 ) 
4 130 140 (162.464645 -309.355194 192 ) (188.214249 -306.571472 192 ) (188.214264 -306.571442 0 ) (162.464661 -309.355194 0 ) 
4 130 139 (188.214249 -306.571472 192 ) (209.443314 -304.276428 192 ) (209.443329 -304.276398 0 ) (188.214264 -306.571442 0 ) 
4 130 138 (209.443314 -304.276428 192 ) (237.268295 -301.268311 192 ) (237.268280 -301.268311 0 ) (209.443329 -304.276398 0 ) 
4 130 137 (237.268295 -301.268311 192 ) (274.298920 -297.265015 192 ) (274.298920 -297.265015 0 ) (237.268280 -301.268311 0 ) 
4 130 136 (274.298920 -297.265015 192 ) (313.723114 -293.002960 192 ) (313.723114 -293.002960 0 ) (274.298920 -297.265015 0 ) 
4 130 135 (313.723114 -293.002960 192 ) (357.628235 -288.256470 192 ) (357.628235 -288.256470 0 ) (313.723114 -293.002960 0 ) 
4 130 134 (357.628235 -288.256470 192 ) (368 -287.135193 192 ) (368 -287.135193 0 ) (357.628235 -288.256470 0 ) 
4 130 132 (0 -336 0 ) (0 -326.917969 0 ) (368 -287.134186 0 ) (368 -336 0 ) 
4 131 183 (680 -1024 -144 ) (1024 -1024 -144 ) (1024 -1024 0 ) (680 -1024 0 ) 
4 131 134 (680 -253.405487 0 ) (1024 -216.216354 0 ) (1024 -216.216354 -144 ) (680 -253.405487 -144 ) 
4 131 133 (680 -253.404541 -144 ) (1024 -216.215332 -144 ) (1024 -1024 -144 ) (680 -1024 -144 ) 
4 131 132 (680 -253.402344 -144 ) (680 -336 -144 ) (680 -336 0 ) (680 -253.406250 0 ) 
4 132 212 (0 -336 0 ) (0 -326.918945 0 ) (0 -326.918945 -144 ) (0 -336 -144 ) 
4 132 144 (0 -326.918915 -144 ) (0 -326.918915 0 ) (64 -320 0 ) (64 -320 -144 ) 
4 132 143 (101 -316 0 ) (118.862053 -314.068970 0 ) (118.861954 -314.069000 -144 ) (101 -316 -144 ) 
4 132 142 (118.862053 -314.068970 0 ) (142.601028 -311.502594 0 ) (142.600998 -311.502625 -144 ) (118.861954 -314.069000 -144 ) 
4 132 141 (142.601028 -311.502594 0 ) (162.464645 -309.355194 0 ) (162.464661 -309.355194 -144 ) (142.600998 -311.502625 -144 ) 
4 132 140 (162.464645 -309.355194 0 ) (188.214249 -306.571472 0 ) (188.214264 -306.571442 -144 ) (162.464661 -309.355194 -144 ) 
4 132 139 (188.214249 -306.571472 0 ) (209.443314 -304.276428 0 ) (209.443329 -304.276398 -144 ) (188.214264 -306.571442 -144 ) 
4 132 138 (209.443314 -304.276428 0 ) (237.268295 -301.268311 0 ) (237.268280 -301.268311 -144 ) (209.443329 -304.276398 -144 ) 
4 132 137 (237.268295 -301.268311 0 ) (274.298920 -297.265015 0 ) (274.298920 -297.265015 -144 ) (237.268280 -301.268311 -144 ) 
4 132 136 (274.298920 -297.265015 0 ) (313.723114 -293.002930 0 ) (313.723114 -293.002930 -144 ) (274.298920 -297.265015 -144 ) 
4 132 135 (313.723114 -293.002930 0 ) (357.628204 -288.256439 0 ) (357.628235 -288.256439 -144 ) (313.723114 -293.002930 -144 ) 
4 132 134 (357.628204 -288.256439 0 ) (680 -253.405487 0 ) (680 -253.405487 -144 ) (357.628235 -288.256439 -144 ) 
4 132 133 (0 -326.918091 -144 ) (680 -253.404541 -144 ) (680 -336 -144 ) (0 -336 -144 ) 
4 133 213 (0 -1024 -1024 ) (0 -1024 -144 ) (0 -336 -144 ) (0 -336 -1024 ) 
4 133 212 (0 -336 -144 ) (0 -326.918945 -144 ) (0 -326.918945 -1024 ) (0 -336 -1024 ) 
4 133 184 (0 -1024 -144 ) (0 -1024 -1024 ) (680 -1024 -1024 ) (680 -1024 -144 ) 
4 133 183 (680 -1024 -1024 ) (1024 -1024 -1024 ) (1024 -1024 -144 ) (680 -1024 -144 ) 
4 133 148 (0 -326.918884 -1024 ) (0 -326.918915 -384 ) (1024 -216.216339 -384 ) (1024 -216.216324 -1024 ) 
4 133 144 (0 -326.918915 -384 ) (0 -326.918915 -144 ) (64 -320 -144 ) (64 -320 -384 ) 
4 133 143 (101 -316 -144 ) (118.862053 -314.068970 -144 ) (118.861954 -314.069000 -384 ) (101 -316 -384 ) 
4 133 142 (118.862053 -314.068970 -144 ) (142.601028 -311.502594 -144 ) (142.600998 -311.502625 -384 ) (118.861954 -314.069000 -384 ) 
4 133 141 (142.601028 -311.502594 -144 ) (162.464645 -309.355194 -144 ) (162.464661 -309.355194 -384 ) (142.600998 -311.502625 -384 ) 
4 133 140 (162.464645 -309.355194 -144 ) (188.214249 -306.571472 -144 ) (188.214264 -306.571442 -384 ) (162.464661 -309.355194 -384 ) 
4 133 139 (188.214249 -306.571472 -144 ) (209.443314 -304.276428 -144 ) (209.443329 -304.276398 -384 ) (188.214264 -306.571442 -384 ) 
4 133 138 (209.443314 -304.276428 -144 ) (237.268295 -301.268311 -144 ) (237.268280 -301.268311 -384 ) (209.443329 -304.276398 -384 ) 
4 133 137 (237.268295 -301.268311 -144 ) (274.298920 -297.265015 -144 ) (274.298920 -297.265015 -384 ) (237.268280 -301.268311 -384 ) 
4 133 136 (274.298920 -297.265015 -144 ) (313.723114 -293.002960 -144 ) (313.723114 -293.002930 -384 ) (274.298920 -297.265015 -384 ) 
4 133 135 (313.723114 -293.002960 -144 ) (357.628235 -288.256470 -144 ) (357.628235 -288.256439 -384 ) (313.723114 -293.002930 -384 ) 
4 133 134 (357.628235 -288.256470 -144 ) (1024 -216.216354 -144 ) (1024 -216.216339 -384 ) (357.628235 -288.256439 -384 ) 
4 134 148 (1024 -216.214844 -384 ) (357.627563 -288.255096 -384 ) (213.500000 0 -384 ) (1024 0 -384 ) 
4 134 147 (241 -55 320 ) (241 -55 800 ) (224 -21 800 ) (224 -21 320 ) 
4 134 146 (213.500000 0 -384 ) (224 -21 -384 ) (224 -21 800 ) (213.500000 0 800 ) 
4 134 135 (241 -55 -384 ) (357.626953 -288.253906 -384 ) (357.626953 -288.253906 800 ) (241 -55 800 ) 
3 135 148 (357.627563 -288.255096 -384 ) (313.722717 -293.001556 -384 ) (241 -55 -384 ) 
4 135 147 (241 -55 800 ) (241 -55 320 ) (252 -91 320 ) (252 -91 800 ) 
4 135 136 (252 -91 -384 ) (313.723114 -293.002930 -384 ) (313.723145 -293.002960 800 ) (252 -91 800 ) 
3 136 148 (313.722717 -293.001556 -384 ) (274.298767 -297.263611 -384 ) (252 -91 -384 ) 
4 136 147 (252 -90.996094 800 ) (252 -90.996094 320 ) (256 -128 320 ) (256 -128 800 ) 
4 136 137 (256 -128 -384 ) (274.298859 -297.265015 -384 ) (274.298859 -297.265015 800 ) (256 -128 800 ) 
3 137 148 (274.298767 -297.263611 -384 ) (237.268448 -301.266876 -384 ) (256 -128 -384 ) 
4 137 147 (256 -128 800 ) (256 -128 320 ) (252 -165 320 ) (252 -165 800 ) 
4 137 138 (252 -165 -384 ) (237.268295 -301.268311 -384 ) (237.268295 -301.268341 800 ) (252 -165 800 ) 
3 138 148 (237.268448 -301.266876 -384 ) (209.443756 -304.274963 -384 ) (252 -165 -384 ) 
4 138 147 (252 -165.007813 800 ) (252 -165.007813 320 ) (241.006165 -200.987625 320 ) (241.006165 -200.987625 800 ) 
4 138 139 (241.006165 -200.987610 -384 ) (209.445786 -304.276123 -384 ) (209.445770 -304.276154 800 ) (241.006165 -200.987625 800 ) 
3 139 148 (209.443756 -304.274963 -384 ) (188.214981 -306.569977 -384 ) (241 -201 -384 ) 
4 139 147 (241.002914 -200.994156 800 ) (241.002914 -200.994141 320 ) (224 -235 320 ) (224 -235 800 ) 
4 139 140 (224 -235 -384 ) (188.214279 -306.571411 -384 ) (188.214294 -306.571381 800 ) (224 -235 800 ) 
3 140 148 (188.214981 -306.569977 -384 ) (162.465927 -309.353668 -384 ) (224 -235 -384 ) 
4 140 147 (224.003906 -234.996094 800 ) (224.003906 -234.996094 320 ) (200.002075 -263.998291 320 ) (200.002075 -263.998291 800 ) 
4 140 141 (200.002090 -263.998291 -384 ) (162.465408 -309.355103 -384 ) (162.465469 -309.355042 800 ) (200.002075 -263.998291 800 ) 
3 141 148 (162.465927 -309.353668 -384 ) (142.602921 -311.501007 -384 ) (200 -264 -384 ) 
4 141 147 (200.003906 -263.996094 800 ) (200.003906 -263.996094 320 ) (170.997955 -288.001007 320 ) (170.997955 -288.001007 800 ) 
4 141 142 (170.997971 -288.001007 -384 ) (142.600098 -311.502686 -384 ) (142.600052 -311.502716 800 ) (170.997955 -288.001007 800 ) 
3 142 148 (142.602921 -311.501007 -384 ) (118.865524 -314.067200 -384 ) (171 -288 -384 ) 
4 142 147 (170.996094 -288.001953 800 ) (170.996094 -288.001953 320 ) (137 -305 320 ) (137 -305 800 ) 
4 142 143 (137 -305 -384 ) (118.862030 -314.068970 -384 ) (118.862053 -314.068970 800 ) (137 -305 800 ) 
3 143 148 (118.865524 -314.067200 -384 ) (101.007072 -315.997833 -384 ) (137 -305 -384 ) 
4 143 147 (137.003906 -304.998047 800 ) (137.003906 -304.998047 320 ) (100.996208 -316 320 ) (100.996239 -316 800 ) 
4 144 212 (0 -313.081055 -384 ) (0 -326.918945 -384 ) (0 -326.918945 0 ) (0 -313.081055 0 ) 
4 144 210 (0 -326.918945 0 ) (0 -326.918945 192 ) (0 -313.081055 192 ) (0 -313.081055 0 ) 
4 144 197 (0 -326.918945 192 ) (0 -326.918945 800 ) (0 -313.081055 800 ) (0 -313.081055 192 ) 
3 144 148 (63.993656 -320 -384 ) (0 -326.917542 -384 ) (0 -313.081085 -384 ) 
4 144 147 (63.998196 -320 800 ) (63.998211 -320 320 ) (27.001945 -316 320 ) (27.001966 -316 800 ) 
4 144 145 (27.001915 -316 -384 ) (0 -313.081482 -384 ) (0 -313.081482 800 ) (27.001966 -316 800 ) 
4 145 212 (0 -307.750031 -384 ) (0 -313.081055 -384 ) (0 -313.081055 0 ) (0 -307.750031 0 ) 
4 145 210 (0 -313.081055 0 ) (0 -313.081055 192 ) (0 -307.750031 192 ) (0 -307.750031 0 ) 
4 145 197 (0 -313.081055 192 ) (0 -313.081055 800 ) (0 -307.750031 800 ) (0 -307.750031 192 ) 
3 145 148 (27 -316 -384 ) (0 -313.081085 -384 ) (0 -307.750031 -384 ) 
4 145 147 (27.003906 -316 800 ) (27.003906 -316 320 ) (0 -307.748352 320 ) (0 -307.748047 800 ) 
3 146 148 (206.620697 0 -384 ) (213.500000 0 -384 ) (224 -21 -384 ) 
4 146 147 (223.995636 -20.991314 320 ) (223.995636 -20.991308 800 ) (206.623520 0 800 ) (206.622543 0 320 ) 
4 147 215 (0 0 800 ) (0 0 320 ) (0 -307.750031 320 ) (0 -307.750031 800 ) 
4 148 226 (0 0 -384 ) (0 0 -1024 ) (0 -307.750000 -1024 ) (0 -307.750000 -384 ) 
4 148 212 (0 -307.750000 -1024 ) (0 -326.918945 -1024 ) (0 -326.918945 -384 ) (0 -307.750000 -384 ) 
4 149 189 (1024 -1528 -1024 ) (1024 -1880 -1024 ) (1024 -1880 0 ) (1024 -1528 0 ) 
4 149 187 (1024 -1528 -144 ) (1024 -1528 -8 ) (1024 -1096 -8 ) (1024 -1096 -144 ) 
4 149 188 (1024 -1096 -1024 ) (1024 -1528 -1024 ) (1024 -1528 -144 ) (1024 -1096 -144 ) 
4 149 185 (1024 -1528 -8 ) (1024 -1528 0 ) (1024 -1096 0 ) (1024 -1096 -8 ) 
4 149 183 (1024 -1024 0 ) (1024 -1024 -1024 ) (1024 -1096 -1024 ) (1024 -1096 0 ) 
4 149 172 (1024 -1532.119995 0 ) (1024 -1880 0 ) (1024 -1880 184 ) (1024 -1532.119995 184 ) 
4 149 164 (1024 -1096.119995 0 ) (1024 -1532.119995 0 ) (1024 -1532.119995 184 ) (1024 -1096.119995 184 ) 
4 149 163 (1024 -1024 184 ) (1024 -1024 0 ) (1024 -1096.119995 0 ) (1024 -1096.119995 184 ) 
4 149 162 (1024 -1528 184 ) (1024 -1880 184 ) (1024 -1880 192 ) (1024 -1528 192 ) 
4 149 161 (1024 -1024 192 ) (1024 -1024 184 ) (1024 -1528 184 ) (1024 -1528 192 ) 
4 149 160 (1024 -1528 192 ) (1024 -1880 192 ) (1024 -1880 376 ) (1024 -1528 376 ) 
4 149 156 (1024 -1336 192 ) (1024 -1528 192 ) (1024 -1528 376 ) (1024 -1336 376 ) 
4 149 155 (1024 -1880 376 ) (1024 -1880 1536 ) (1024 -1336 1536 ) (1024 -1336 376 ) 
4 149 152 (1024 -1328 192 ) (1024 -1336 192 ) (1024 -1336 344 ) (1024 -1328 344 ) 
4 149 151 (1024 -1024 344 ) (1024 -1024 192 ) (1024 -1328 192 ) (1024 -1328 344 ) 
4 149 150 (1024 -1024 1536 ) (1024 -1024 344 ) (1024 -1336 344 ) (1024 -1336 1536 ) 
4 150 242 (0 -1328 344 ) (0 -1336 344 ) (0 -1336 1536 ) (0 -1328 1536 ) 
4 150 239 (0 -1096 344 ) (0 -1328 344 ) (0 -1328 1536 ) (0 -1096 1536 ) 
4 150 235 (0 -1080 344 ) (0 -1096 344 ) (0 -1096 1536 ) (0 -1080 1536 ) 
4 150 230 (0 -1024 800 ) (0 -1024 344 ) (0 -1080 344 ) (0 -1080 800 ) 
4 150 228 (0 -1024 1536 ) (0 -1024 800 ) (0 -1080 800 ) (0 -1080 1536 ) 
4 150 158 (336 -1336 376 ) (0 -1336 376 ) (0 -1336 344 ) (336 -1336 344 ) 
4 150 157 (344 -1336 376 ) (336 -1336 376 ) (336 -1336 344 ) (344 -1336 344 ) 
4 150 156 (1024 -1336 344 ) (1024 -1336 376 ) (344 -1336 376 ) (344 -1336 344 ) 
4 150 155 (1024 -1336 376 ) (1024 -1336 1536 ) (0 -1336 1536 ) (0 -1336 376 ) 
4 150 154 (168 -1336 344 ) (40 -1336 344 ) (40 -1328 344 ) (168 -1328 344 ) 
4 150 152 (1024 -1336 344 ) (344 -1336 344 ) (344 -1328 344 ) (1024 -1328 344 ) 
4 150 151 (0 -1328 344 ) (0 -1024 344 ) (1024 -1024 344 ) (1024 -1328 344 ) 
4 151 239 (0 -1096 192 ) (0 -1328 192 ) (0 -1328 344 ) (0 -1096 344 ) 
4 151 235 (0 -1080 192 ) (0 -1096 192 ) (0 -1096 344 ) (0 -1080 344 ) 
4 151 230 (0 -1024 344 ) (0 -1024 192 ) (0 -1080 192 ) (0 -1080 344 ) 
4 151 161 (1024 -1024 192 ) (1024 -1328 192 ) (368 -1328 192 ) (368 -1024 192 ) 
4 151 153 (168 -1328 192 ) (264 -1328 192 ) (264 -1328 296 ) (168 -1328 296 ) 
4 151 154 (40 -1328 192 ) (168 -1328 192 ) (168 -1328 344 ) (40 -1328 344 ) 
4 151 152 (344 -1328 192 ) (1024 -1328 192 ) (1024 -1328 344 ) (344 -1328 344 ) 
4 152 161 (1024 -1328 192 ) (1024 -1336 192 ) (368 -1336 192 ) (368 -1328 192 ) 
4 152 156 (344 -1336 192 ) (1024 -1336 192 ) (1024 -1336 344 ) (344 -1336 344 ) 
4 153 158 (168 -1336 192 ) (264 -1336 192 ) (264 -1336 296 ) (168 -1336 296 ) 
4 153 154 (168 -1328 296 ) (168 -1328 192 ) (168 -1336 192 ) (168 -1336 296 ) 
4 154 158 (40 -1336 192 ) (168 -1336 192 ) (168 -1336 344 ) (40 -1336 344 ) 
4 155 250 (0 -1880 1536 ) (0 -1528 1536 ) (0 -1528 376 ) (0 -1880 376 ) 
4 155 248 (0 -1528 1536 ) (0 -1520 1536 ) (0 -1520 376 ) (0 -1528 376 ) 
4 155 247 (0 -1520 1536 ) (0 -1336 1536 ) (0 -1336 376 ) (0 -1520 376 ) 
4 155 160 (1024 -1528 376 ) (1024 -1880 376 ) (0 -1880 376 ) (0 -1528 376 ) 
4 155 159 (168 -1528 376 ) (40 -1528 376 ) (40 -1520 376 ) (168 -1520 376 ) 
4 155 158 (0 -1336 376 ) (336 -1336 376 ) (336 -1520 376 ) (0 -1520 376 ) 
4 155 157 (336 -1336 376 ) (344 -1336 376 ) (344 -1456 376 ) (336 -1456 376 ) 
4 155 156 (344 -1336 376 ) (1024 -1336 376 ) (1024 -1528 376 ) (344 -1528 376 ) 
4 156 161 (1024 -1336 192 ) (1024 -1528 192 ) (368 -1528 192 ) (368 -1336 192 ) 
4 156 160 (344 -1528 192 ) (1024 -1528 192 ) (1024 -1528 376 ) (344 -1528 376 ) 
3 156 157 (344 -1456 376 ) (344 -1336 376 ) (344 -1336 344 ) 
3 157 158 (336 -1456 376 ) (336 -1336 376 ) (336 -1336 344 ) 
4 158 247 (0 -1520 376 ) (0 -1336 376 ) (0 -1336 192 ) (0 -1520 192 ) 
4 158 159 (40 -1520 192 ) (168 -1520 192 ) (168 -1520 376 ) (40 -1520 376 ) 
4 159 160 (40 -1528 192 ) (168 -1528 192 ) (168 -1528 376 ) (40 -1528 376 ) 
4 160 250 (0 -1880 376 ) (0 -1528 376 ) (0 -1528 192 ) (0 -1880 192 ) 
4 160 162 (1024 -1528 192 ) (1024 -1880 192 ) (0 -1880 192 ) (0 -1528 192 ) 
4 161 177 (512 -1248 184 ) (512 -1520 184 ) (368 -1520 184 ) (368 -1248 184 ) 
4 161 175 (512 -1112 184 ) (512 -1232 184 ) (368 -1232 184 ) (368 -1112 184 ) 
4 161 173 (368 -1024 184 ) (512 -1024 184 ) (512 -1096.119995 184 ) (368 -1096.119995 184 ) 
4 161 168 (776 -1528 184 ) (768 -1528 184 ) (768 -1520 184 ) (776 -1520 184 ) 
4 161 166 (512 -1520 184 ) (512 -1248 184 ) (520 -1248 184 ) (520 -1520 184 ) 
4 161 165 (520 -1096.119995 184 ) (776 -1096.119995 184 ) (776 -1520 184 ) (520 -1520 184 ) 
4 161 164 (1024 -1096.119995 184 ) (1024 -1528 184 ) (776 -1528 184 ) (776 -1096.119995 184 ) 
4 161 163 (512 -1024 184 ) (1024 -1024 184 ) (1024 -1096.119995 184 ) (512 -1096.119995 184 ) 
4 161 162 (368 -1528 184 ) (1024 -1528 184 ) (1024 -1528 192 ) (368 -1528 192 ) 
4 162 252 (0 -1880 192 ) (0 -1528 192 ) (0 -1528 184 ) (0 -1880 184 ) 
4 162 182 (0 -1880 184 ) (0 -1528 184 ) (368 -1528 184 ) (368 -1880 184 ) 
4 162 181 (512 -1532.119995 184 ) (512 -1880 184 ) (368 -1880 184 ) (368 -1532.119995 184 ) 
4 162 178 (368 -1528 184 ) (512 -1528 184 ) (512 -1532.119995 184 ) (368 -1532.119995 184 ) 
4 162 172 (1024 -1532.119995 184 ) (1024 -1880 184 ) (512 -1880 184 ) (512 -1532.119995 184 ) 
4 162 169 (512 -1528 184 ) (768 -1528 184 ) (768 -1532.119995 184 ) (512 -1532.119995 184 ) 
4 162 168 (768 -1528 184 ) (776 -1528 184 ) (776 -1532.119995 184 ) (768 -1532.119995 184 ) 
4 162 164 (776 -1528 184 ) (1024 -1528 184 ) (1024 -1532.119995 184 ) (776 -1532.119995 184 ) 
4 163 183 (1024 -1024 0 ) (1024 -1096.119995 0 ) (680 -1096.119995 0 ) (680 -1024 0 ) 
4 163 173 (512 -1024 0 ) (512 -1096.119995 0 ) (512 -1096.119995 184 ) (512 -1024 184 ) 
4 163 167 (512 -1096.119995 120 ) (512 -1096.119995 0 ) (776 -1096.119995 0 ) (776 -1096.119995 120 ) 
4 163 165 (520 -1096.119995 128 ) (776 -1096.119995 128 ) (776 -1096.119995 184 ) (520 -1096.119995 184 ) 
4 163 164 (776 -1096.119995 0 ) (1024 -1096.119995 0 ) (1024 -1096.119995 184 ) (776 -1096.119995 184 ) 
4 164 189 (1024 -1528 0 ) (1024 -1532.119995 0 ) (776 -1532.119995 0 ) (776 -1528 0 ) 
4 164 185 (1024 -1096.119995 0 ) (1024 -1528 0 ) (776 -1528 0 ) (776 -1096.119995 0 ) 
4 164 172 (776 -1532.119995 0 ) (1024 -1532.119995 0 ) (1024 -1532.119995 184 ) (776 -1532.119995 184 ) 
4 164 170 (776 -1520 0 ) (776 -1532.119995 0 ) (776 -1532.119995 120 ) (776 -1520 120 ) 
4 164 168 (776 -1532.119995 128 ) (776 -1532.119995 184 ) (776 -1520 184 ) (776 -1520 128 ) 
4 164 167 (776 -1096.119995 120 ) (776 -1096.119995 0 ) (776 -1520 0 ) (776 -1520 120 ) 
4 164 165 (776 -1096.119995 184 ) (776 -1096.119995 128 ) (776 -1520 128 ) (776 -1520 184 ) 
4 165 168 (768 -1520 128 ) (776 -1520 128 ) (776 -1520 184 ) (768 -1520 184 ) 
4 165 166 (520 -1248 128 ) (520 -1520 128 ) (520 -1520 184 ) (520 -1248 184 ) 
4 166 177 (512 -1520 128 ) (512 -1520 184 ) (512 -1248 184 ) (512 -1248 128 ) 
4 167 186 (512 -1520 0 ) (512 -1096.119995 0 ) (768 -1096.119995 0 ) (768 -1520 0 ) 
4 167 185 (768 -1096.119995 0 ) (776 -1096.119995 0 ) (776 -1520 0 ) (768 -1520 0 ) 
4 167 179 (512 -1232 0 ) (512 -1520 0 ) (512 -1520 120 ) (512 -1232 120 ) 
4 167 175 (512 -1112 0 ) (512 -1232 0 ) (512 -1232 120 ) (512 -1112 120 ) 
4 167 174 (512 -1096.119995 0 ) (512 -1112 0 ) (512 -1112 120 ) (512 -1096.119995 120 ) 
4 167 170 (768 -1520 0 ) (776 -1520 0 ) (776 -1520 120 ) (768 -1520 120 ) 
4 168 172 (776 -1532.119995 128 ) (776 -1532.119995 184 ) (768 -1532.119995 184 ) (768 -1532.119995 128 ) 
4 168 169 (768 -1528 128 ) (768 -1532.119995 128 ) (768 -1532.119995 184 ) (768 -1528 184 ) 
4 169 178 (512 -1532.119995 128 ) (512 -1532.119995 184 ) (512 -1528 184 ) (512 -1528 128 ) 
4 169 172 (512 -1532.119995 184 ) (512 -1532.119995 128 ) (768 -1532.119995 128 ) (768 -1532.119995 184 ) 
4 170 189 (776 -1532.119995 0 ) (768 -1532.119995 0 ) (768 -1528 0 ) (776 -1528 0 ) 
4 170 185 (768 -1528 0 ) (768 -1520 0 ) (776 -1520 0 ) (776 -1528 0 ) 
4 170 172 (768 -1532.119995 0 ) (776 -1532.119995 0 ) (776 -1532.119995 120 ) (768 -1532.119995 120 ) 
4 170 171 (768 -1532.119995 0 ) (768 -1532.119995 120 ) (768 -1528 120 ) (768 -1528 0 ) 
4 171 189 (768 -1532.119995 0 ) (512 -1532.119995 0 ) (512 -1528 0 ) (768 -1528 0 ) 
4 171 180 (512 -1528 0 ) (512 -1532.119995 0 ) (512 -1532.119995 120 ) (512 -1528 120 ) 
4 171 172 (512 -1532.119995 120 ) (512 -1532.119995 0 ) (768 -1532.119995 0 ) (768 -1532.119995 120 ) 
4 172 189 (1024 -1532.119995 0 ) (1024 -1880 0 ) (512 -1880 0 ) (512 -1532.119995 0 ) 
4 172 181 (512 -1532.119995 0 ) (512 -1880 0 ) (512 -1880 184 ) (512 -1532.119995 184 ) 
4 173 174 (368 -1096.119995 120 ) (368 -1096.119995 0 ) (512 -1096.119995 0 ) (512 -1096.119995 120 ) 
4 174 186 (368 -1112 0 ) (368 -1096.119995 0 ) (512 -1096.119995 0 ) (512 -1112 0 ) 
4 174 175 (368 -1112 120 ) (368 -1112 0 ) (512 -1112 0 ) (512 -1112 120 ) 
4 175 186 (368 -1232 0 ) (368 -1112 0 ) (512 -1112 0 ) (512 -1232 0 ) 
4 175 179 (368 -1232 120 ) (368 -1232 0 ) (512 -1232 0 ) (512 -1232 120 ) 
4 175 176 (368 -1232 184 ) (368 -1232 128 ) (512 -1232 128 ) (512 -1232 184 ) 
4 178 182 (368 -1532.119995 128 ) (368 -1532.119995 184 ) (368 -1528 184 ) (368 -1528 128 ) 
4 178 181 (368 -1532.119995 184 ) (368 -1532.119995 128 ) (512 -1532.119995 128 ) (512 -1532.119995 184 ) 
4 179 186 (368 -1520 0 ) (368 -1232 0 ) (512 -1232 0 ) (512 -1520 0 ) 
4 180 189 (368 -1532.119995 0 ) (368 -1528 0 ) (512 -1528 0 ) (512 -1532.119995 0 ) 
4 180 182 (368 -1528 0 ) (368 -1532.119995 0 ) (368 -1532.119995 120 ) (368 -1528 120 ) 
4 180 181 (368 -1532.119995 120 ) (368 -1532.119995 0 ) (512 -1532.119995 0 ) (512 -1532.119995 120 ) 
4 181 189 (368 -1880 0 ) (368 -1532.119995 0 ) (512 -1532.119995 0 ) (512 -1880 0 ) 
4 181 182 (368 -1532.119995 0 ) (368 -1880 0 ) (368 -1880 184 ) (368 -1532.119995 184 ) 
4 182 252 (0 -1880 184 ) (0 -1528 184 ) (0 -1528 0 ) (0 -1880 0 ) 
4 182 189 (0 -1880 0 ) (0 -1528 0 ) (368 -1528 0 ) (368 -1880 0 ) 
4 183 187 (1024 -1096 -144 ) (1024 -1096 -8 ) (768 -1096 -8 ) (776 -1096 -144 ) 
4 183 188 (680 -1096 -1024 ) (1024 -1096 -1024 ) (1024 -1096 -144 ) (680 -1096 -144 ) 
4 183 186 (768 -1096 0 ) (680 -1096 0 ) (680 -1096 -8 ) (768 -1096 -8 ) 
4 183 185 (1024 -1096 -8 ) (1024 -1096 0 ) (768 -1096 0 ) (768 -1096 -8 ) 
4 183 184 (680 -1024 -1024 ) (680 -1096 -1024 ) (680 -1096 -144 ) (680 -1024 -144 ) 
4 184 253 (0 -1024 -144 ) (0 -1024 -1024 ) (0 -1096 -1024 ) (0 -1096 -144 ) 
4 184 188 (0 -1096 -1024 ) (680 -1096 -1024 ) (680 -1096 -144 ) (0 -1096 -144 ) 
4 185 189 (1024 -1528 -8 ) (1024 -1528 0 ) (768 -1528 0 ) (768 -1528 -8 ) 
4 185 187 (1024 -1528 -8 ) (768 -1528 -8 ) (768 -1096 -8 ) (1024 -1096 -8 ) 
4 185 186 (768 -1096 0 ) (768 -1096 -8 ) (768 -1520 -8 ) (768 -1520 0 ) 
4 186 255 (0 -1520 0 ) (0 -1096 0 ) (0 -1096 -8 ) (0 -1520 -8 ) 
4 187 189 (1024 -1528 -144 ) (1024 -1528 -8 ) (768 -1528 -8 ) (776 -1528 -144 ) 
4 187 188 (1024 -1528 -144 ) (776 -1528 -144 ) (776 -1096 -144 ) (1024 -1096 -144 ) 
4 188 257 (0 -1096 -144 ) (0 -1096 -1024 ) (0 -1528 -1024 ) (0 -1528 -144 ) 
4 188 189 (0 -1528 -1024 ) (1024 -1528 -1024 ) (1024 -1528 -144 ) (0 -1528 -144 ) 
4 189 259 (0 -1880 0 ) (0 -1528 0 ) (0 -1528 -1024 ) (0 -1880 -1024 ) 
4 190 228 (0 -1024 800 ) (0 -1024 1536 ) (-184 -1024 1536 ) (-184 -1024 800 ) 
4 190 215 (0 -307.748566 1536 ) (0 -307.748566 800 ) (-184 -251.526321 800 ) (-184 -251.526321 1536 ) 
4 190 201 (0 -672 800 ) (0 -1024 800 ) (-184 -1024 800 ) (-184 -672 800 ) 
4 190 197 (-184 -251.526047 800 ) (0 -307.748260 800 ) (0 -544 800 ) (-184 -544 800 ) 
4 190 198 (0 -552 800 ) (0 -664 800 ) (-184 -664 800 ) (-184 -552 800 ) 
3 190 193 (-184 -1024 1072.666748 ) (-184 -1024 1119.333374 ) (-184 -984 1096 ) 
4 190 192 (-184 -1024 1119.333374 ) (-184 -1024 1536 ) (-184 -888 1536 ) (-184 -888 1040 ) 
4 190 191 (-184 -251.519531 800 ) (-184 -888 800 ) (-184 -888 1536 ) (-184 -251.527344 1536 ) 
4 191 215 (-184 -251.526321 800 ) (-192 -249.081879 800 ) (-192 -249.081879 1536 ) (-184 -251.526321 1536 ) 
4 191 200 (-184 -664 800 ) (-184 -672 800 ) (-192 -672 800 ) (-192 -664 800 ) 
4 191 197 (-192 -249.081604 800 ) (-184 -251.526047 800 ) (-184 -544 800 ) (-192 -544 800 ) 
4 191 198 (-184 -552 800 ) (-184 -664 800 ) (-192 -664 800 ) (-192 -552 800 ) 
4 191 195 (-192 -888 1040 ) (-192 -888 1536 ) (-192 -880 1536 ) (-192 -880 1040 ) 
4 191 194 (-192 -249.082031 1536 ) (-192 -249.082031 800 ) (-192 -880 800 ) (-192 -880 1536 ) 
4 191 192 (-184 -888 1040 ) (-184 -888 1536 ) (-192 -888 1536 ) (-192 -888 1040 ) 
4 192 229 (-184 -1024 1536 ) (-192 -1024 1536 ) (-192 -1024 1119.333374 ) (-184 -1024 1119.333374 ) 
4 192 196 (-192 -1024 1119.333374 ) (-192 -1024 1536 ) (-192 -888 1536 ) (-192 -888 1040 ) 
4 192 193 (-184 -984 1096 ) (-184 -1024 1119.333374 ) (-192 -1024 1119.333374 ) (-192 -984 1096 ) 
4 193 229 (-192 -1024 1119.333374 ) (-192 -1024 1072.666748 ) (-184 -1024 1072.666748 ) (-184 -1024 1119.333374 ) 
3 193 196 (-192 -1024 1072.666748 ) (-192 -1024 1119.333374 ) (-192 -984 1096 ) 
4 194 215 (-192 -249.081879 800 ) (-376 -192.859619 800 ) (-376 -192.859604 1536 ) (-192 -249.081879 1536 ) 
4 194 205 (-376 -552 800 ) (-376 -880 800 ) (-376 -880 1536 ) (-376 -552 1536 ) 
4 194 204 (-376 -192.855545 1536 ) (-376 -192.855499 800 ) (-376 -552 800 ) (-376 -552 1536 ) 
4 194 202 (-376 -880 800 ) (-376 -672 800 ) (-192 -672 800 ) (-192 -880 800 ) 
4 194 200 (-376 -672 800 ) (-376 -664 800 ) (-192 -664 800 ) (-192 -672 800 ) 
4 194 197 (-368 -195.303818 800 ) (-192 -249.081604 800 ) (-192 -544 800 ) (-368 -544 800 ) 
4 194 198 (-192 -552 800 ) (-192 -664 800 ) (-368 -664 800 ) (-368 -552 800 ) 
4 194 199 (-376 -664 800 ) (-376 -192.859375 800 ) (-368 -195.303818 800 ) (-368 -664 800 ) 
4 194 195 (-192 -880 1040 ) (-192 -880 1536 ) (-376 -880 1536 ) (-376 -880 1040 ) 
4 195 206 (-376 -888 1040 ) (-376 -888 1536 ) (-376 -880 1536 ) (-376 -880 1040 ) 
4 195 196 (-192 -888 1040 ) (-192 -888 1536 ) (-376 -888 1536 ) (-376 -888 1040 ) 
4 196 232 (-376 -1024 1536 ) (-376 -1024 800 ) (-192 -1024 800 ) (-192 -1024 1536 ) 
3 196 208 (-376 -1024 1072.666748 ) (-376 -1024 1119.333374 ) (-376 -984 1096 ) 
4 196 207 (-376 -1024 1119.333374 ) (-376 -1024 1536 ) (-376 -888 1536 ) (-376 -888 1040 ) 
4 196 203 (-376 -1024 800 ) (-376 -888 800 ) (-192 -888 800 ) (-192 -1024 800 ) 
4 197 216 (-9.007375 -304.996307 192 ) (-368 -195.304062 192 ) (-368 -195.304062 320 ) (-9.007385 -304.996307 320 ) 
4 197 215 (0 -307.748566 800 ) (0 -307.748566 320 ) (-368 -195.304062 320 ) (-368 -195.304062 800 ) 
4 197 210 (-368 -195.303833 192 ) (0 -307.748291 192 ) (0 -512 192 ) (-368 -512 192 ) 
4 197 199 (-368 -195.308594 192 ) (-368 -544 192 ) (-368 -544 800 ) (-368 -195.305542 800 ) 
4 198 200 (-184 -664 800 ) (-368 -664 800 ) (-368 -664 192 ) (-184 -664 192 ) 
4 198 199 (-368 -552 192 ) (-368 -664 192 ) (-368 -664 800 ) (-368 -552 800 ) 
4 199 216 (-368 -195.304062 192 ) (-376 -192.859619 192 ) (-376 -192.859619 320 ) (-368 -195.304062 320 ) 
4 199 215 (-376 -192.859619 320 ) (-376 -192.859619 800 ) (-368 -195.304062 800 ) (-368 -195.304062 320 ) 
4 199 210 (-376 -192.859390 192 ) (-368 -195.303833 192 ) (-368 -512 192 ) (-376 -512 192 ) 
4 199 204 (-376 -192.855499 800 ) (-376 -192.855469 192 ) (-376 -552 192 ) (-376 -552 800 ) 
4 199 200 (-368 -664 800 ) (-376 -664 800 ) (-376 -664 192 ) (-368 -664 192 ) 
4 200 202 (-192 -672 800 ) (-376 -672 800 ) (-376 -672 192 ) (-192 -672 192 ) 
4 201 230 (0 -1024 192 ) (0 -1024 800 ) (-184 -1024 800 ) (-184 -1024 192 ) 
4 203 232 (-192 -1024 800 ) (-376 -1024 800 ) (-376 -1024 192 ) (-192 -1024 192 ) 
4 204 216 (-376 -192.859619 192 ) (-384 -190.415176 192 ) (-384 -190.415176 320 ) (-376 -192.859619 320 ) 
4 204 215 (-384 -190.415176 320 ) (-384 -190.415161 1536 ) (-376 -192.859604 1536 ) (-376 -192.859619 320 ) 
4 204 210 (-384 -190.414948 192 ) (-376 -192.859390 192 ) (-376 -512 192 ) (-384 -512 192 ) 
4 204 205 (-384 -552 1536 ) (-384 -552 800 ) (-376 -552 800 ) (-376 -552 1536 ) 
4 204 209 (-384 -190.410156 192 ) (-384 -552 192 ) (-384 -552 1536 ) (-384 -190.417969 1536 ) 
4 205 209 (-384 -880 800 ) (-384 -880 1536 ) (-384 -552 1536 ) (-384 -552 800 ) 
4 205 206 (-384 -880 1536 ) (-384 -880 800 ) (-376 -880 800 ) (-376 -880 1536 ) 
4 206 207 (-384 -888 1536 ) (-384 -888 1040 ) (-376 -888 1040 ) (-376 -888 1536 ) 
4 206 209 (-384 -880 192 ) (-384 -888 192 ) (-384 -888 1536 ) (-384 -880 1536 ) 
4 207 233 (-376 -1024 1119.333374 ) (-376 -1024 1536 ) (-384 -1024 1536 ) (-384 -1024 1119.333374 ) 
4 207 208 (-384 -1024 1119.333374 ) (-384 -984 1096 ) (-376 -984 1096 ) (-376 -1024 1119.333374 ) 
4 207 209 (-384 -1024 1119.333374 ) (-384 -1024 1536 ) (-384 -888 1536 ) (-384 -888 1040 ) 
4 208 233 (-376 -1024 1072.666748 ) (-376 -1024 1119.333374 ) (-384 -1024 1119.333374 ) (-384 -1024 1072.666748 ) 
3 208 209 (-384 -1024 1072.666748 ) (-384 -1024 1119.333374 ) (-384 -984 1096 ) 
4 209 234 (-1024 -1024 1536 ) (-1024 -1024 192 ) (-384 -1024 192 ) (-384 -1024 1536 ) 
4 209 227 (-1024 0 1536 ) (-1024 0 192 ) (-1024 -1024 192 ) (-1024 -1024 1536 ) 
4 209 216 (-384 -190.415176 192 ) (-1007.176697 0 192 ) (-1007.176697 0 320 ) (-384 -190.415176 320 ) 
4 209 215 (-1007.176697 0 320 ) (-1007.176636 0 1536 ) (-384 -190.415161 1536 ) (-384 -190.415176 320 ) 
4 209 210 (-432 -175.748276 192 ) (-384 -190.414948 192 ) (-384 -512 192 ) (-432 -512 192 ) 
5 209 211 (-1024 -1024 192 ) (-1024 0 192 ) (-1007.176147 0 192 ) (-432 -175.748276 192 ) (-432 -1024 192 ) 
4 210 216 (-9.007370 -304.996307 0 ) (-432 -175.748505 0 ) (-432 -175.748505 192 ) (-9.007385 -304.996307 192 ) 
4 210 212 (-432 -175.750229 0 ) (0 -307.750000 0 ) (0 -336 0 ) (-432 -336 0 ) 
4 210 211 (-432 -175.746094 0 ) (-432 -512 0 ) (-432 -512 192 ) (-432 -175.750000 192 ) 
4 211 251 (-432 -1024 192 ) (-1024 -1024 192 ) (-1024 -1024 0 ) (-432 -1024 0 ) 
4 211 227 (-1024 0 192 ) (-1024 0 0 ) (-1024 -1024 0 ) (-1024 -1024 192 ) 
4 211 216 (-432 -175.748505 0 ) (-1007.176697 0 0 ) (-1007.176697 0 192 ) (-432 -175.748505 192 ) 
4 211 212 (-744 -80.417068 0 ) (-432 -175.750229 0 ) (-432 -336 0 ) (-744 -336 0 ) 
5 211 214 (-1024 0 0 ) (-1007.183594 0 0 ) (-744 -80.417068 0 ) (-744 -1024 0 ) (-1024 -1024 0 ) 
4 212 226 (0 -307.748566 -384 ) (0 -307.748566 -1024 ) (-9.007371 -304.996307 -1024 ) (-9.007341 -304.996338 -384 ) 
4 212 216 (-9.007371 -304.996307 -1024 ) (-744 -80.415146 -1024 ) (-744 -80.415138 0 ) (-9.007324 -304.996338 0 ) 
4 212 213 (-744 -336 -144 ) (-744 -336 -1024 ) (0 -336 -1024 ) (0 -336 -144 ) 
4 212 214 (-744 -80.410156 -1024 ) (-744 -336 -1024 ) (-744 -336 0 ) (-744 -80.417969 0 ) 
4 213 253 (0 -1024 -1024 ) (0 -1024 -144 ) (-744 -1024 -144 ) (-744 -1024 -1024 ) 
4 213 214 (-744 -336 -1024 ) (-744 -1024 -1024 ) (-744 -1024 -144 ) (-744 -336 -144 ) 
4 214 254 (-744 -1024 0 ) (-1024 -1024 0 ) (-1024 -1024 -1024 ) (-744 -1024 -1024 ) 
4 214 227 (-1024 0 0 ) (-1024 0 -1024 ) (-1024 -1024 -1024 ) (-1024 -1024 0 ) 
4 214 216 (-744 -80.415146 -1024 ) (-1007.176758 0 -1024 ) (-1007.176697 0 0 ) (-744 -80.415138 0 ) 
3 215 225 (-96 -21 320 ) (-85.500000 0 320 ) (-78.620689 0 320 ) 
3 215 224 (-113.011559 -55.023121 320 ) (-96.198936 0 320 ) (-85.500000 0 320 ) 
3 215 223 (-123.997536 -90.977226 320 ) (-114.162163 0 320 ) (-96.198936 0 320 ) 
3 215 222 (-128 -128 320 ) (-141.837845 0 320 ) (-114.162163 0 320 ) 
3 215 221 (-124 -165 320 ) (-174.416672 0 320 ) (-141.837845 0 320 ) 
3 215 220 (-113 -201 320 ) (-213.500000 0 320 ) (-174.416672 0 320 ) 
3 215 219 (-96 -235 320 ) (-290.482758 0 320 ) (-213.500000 0 320 ) 
3 215 218 (-72 -264 320 ) (-391 0 320 ) (-290.482758 0 320 ) 
3 215 217 (-43 -288 320 ) (-619 0 320 ) (-391 0 320 ) 
3 215 216 (-9 -305 320 ) (-1007.181885 0 320 ) (-619 0 320 ) 
4 216 226 (-9.003906 -304.998047 -1024 ) (-43 -288 -1024 ) (-43 -288 -384 ) (-9.002047 -304.998962 -384 ) 
4 216 217 (-43 -288 -1024 ) (-619 0 -1024 ) (-619 0 320 ) (-43 -288 320 ) 
4 217 226 (-42.992188 -288.003906 -384 ) (-42.992188 -288.003906 -1024 ) (-72.006706 -263.991882 -1024 ) (-72.006783 -263.991791 -384 ) 
4 217 218 (-72.006706 -263.991882 -1024 ) (-390.996918 0 -1024 ) (-390.996094 0 320 ) (-72.006866 -263.991699 320 ) 
4 218 226 (-71.998032 -264 -384 ) (-71.998016 -264 -1024 ) (-96.003014 -234.993958 -1024 ) (-96.003014 -234.993958 -384 ) 
4 218 219 (-96.003014 -234.993958 -1024 ) (-290.480774 0 -1024 ) (-290.480469 0 320 ) (-96.003021 -234.993958 320 ) 
4 219 226 (-96 -235 -384 ) (-96 -235 -1024 ) (-113 -201 -1024 ) (-113 -201 -384 ) 
4 219 220 (-113 -201 -1024 ) (-213.500000 0 -1024 ) (-213.500000 0 320 ) (-113 -201 320 ) 
4 220 226 (-113.001953 -200.996094 -384 ) (-113.001953 -200.996094 -1024 ) (-124 -165.003815 -1024 ) (-124 -165.004059 -384 ) 
4 220 221 (-124 -165.003815 -1024 ) (-174.417419 0 -1024 ) (-174.417969 0 320 ) (-124 -165.004318 320 ) 
4 221 226 (-124 -165 -384 ) (-124 -165 -1024 ) (-128 -127.997742 -1024 ) (-128 -127.997772 -384 ) 
4 221 222 (-128 -127.997742 -1024 ) (-141.837341 0 -1024 ) (-141.837402 0 320 ) (-128 -127.997803 320 ) 
4 222 226 (-128 -128.001968 -384 ) (-128 -128.001984 -1024 ) (-123.997589 -90.977409 -1024 ) (-123.997673 -90.977707 -384 ) 
4 222 223 (-123.997589 -90.977409 -1024 ) (-114.162193 0 -1024 ) (-114.162598 0 320 ) (-123.997772 -90.978035 320 ) 
4 223 226 (-124 -90.982437 -384 ) (-124 -90.982452 -1024 ) (-113.011314 -55.022617 -1024 ) (-113.011162 -55.022312 -384 ) 
4 223 224 (-113.011314 -55.022617 -1024 ) (-96.198845 0 -1024 ) (-96.198532 0 320 ) (-113.010986 -55.021973 320 ) 
4 224 226 (-113.014656 -55.029308 -384 ) (-113.014664 -55.029327 -1024 ) (-96 -21 -1024 ) (-96 -21 -384 ) 
4 224 225 (-96 -21 -1024 ) (-85.500000 0 -1024 ) (-85.500000 0 320 ) (-96 -21 320 ) 
4 225 226 (-96.001968 -21.005871 -384 ) (-96.001984 -21.005890 -1024 ) (-78.617798 0 -1024 ) (-78.617767 0 -384 ) 
4 227 260 (-1024 -1024 -1024 ) (-1024 -1024 1536 ) (-1744 -1024 1536 ) (-1744 -1024 -1024 ) 
4 228 235 (0 -1080 800 ) (0 -1080 1536 ) (-184 -1080 1536 ) (-184 -1080 800 ) 
4 228 230 (0 -1080 800 ) (-184 -1080 800 ) (-184 -1024 800 ) (0 -1024 800 ) 
4 228 229 (-184 -1080 1040 ) (-184 -1080 1536 ) (-184 -1024 1536 ) (-184 -1024 1072.666748 ) 
4 229 236 (-184 -1080 1536 ) (-192 -1080 1536 ) (-192 -1080 1040 ) (-184 -1080 1040 ) 
4 229 232 (-192 -1024 1536 ) (-192 -1024 1072.666748 ) (-192 -1080 1040 ) (-192 -1080 1536 ) 
4 230 235 (-184 -1080 192 ) (0 -1080 192 ) (0 -1080 800 ) (-184 -1080 800 ) 
4 230 231 (-184 -1072 192 ) (-184 -1080 192 ) (-184 -1080 800 ) (-184 -1072 800 ) 
4 231 232 (-192 -1072 192 ) (-192 -1080 192 ) (-192 -1080 800 ) (-192 -1072 800 ) 
4 232 236 (-192 -1080 1040 ) (-192 -1080 1536 ) (-368 -1080 1536 ) (-368 -1080 1040 ) 
4 232 238 (-376 -1080 192 ) (-368 -1080 192 ) (-368 -1080 1536 ) (-376 -1080 1536 ) 
4 232 233 (-376 -1080 1040 ) (-376 -1080 1536 ) (-376 -1024 1536 ) (-376 -1024 1072.666748 ) 
4 233 238 (-376 -1080 1040 ) (-376 -1080 1536 ) (-384 -1080 1536 ) (-384 -1080 1040 ) 
4 233 234 (-384 -1080 1040 ) (-384 -1080 1536 ) (-384 -1024 1536 ) (-384 -1024 1072.666748 ) 
4 234 260 (-1024 -1024 1536 ) (-1024 -1024 192 ) (-1024 -1080 192 ) (-1024 -1080 1536 ) 
4 234 251 (-1024 -1080 192 ) (-1024 -1024 192 ) (-432 -1024 192 ) (-432 -1080 192 ) 
4 234 238 (-1024 -1080 192 ) (-384 -1080 192 ) (-384 -1080 1536 ) (-1024 -1080 1536 ) 
4 235 239 (-184 -1096 192 ) (0 -1096 192 ) (0 -1096 1536 ) (-184 -1096 1536 ) 
4 235 236 (-184 -1088 1536 ) (-184 -1080 1536 ) (-184 -1080 1040 ) (-184 -1088 1040 ) 
4 235 237 (-184 -1096 192 ) (-184 -1096 1536 ) (-184 -1088 1536 ) (-184 -1088 192 ) 
4 236 237 (-368 -1088 1536 ) (-368 -1088 1040 ) (-184 -1088 1040 ) (-184 -1088 1536 ) 
4 236 238 (-368 -1088 1536 ) (-368 -1080 1536 ) (-368 -1080 1040 ) (-368 -1088 1040 ) 
4 237 240 (-304 -1096 240 ) (-304 -1096 1536 ) (-312 -1096 1536 ) (-312 -1096 240 ) 
4 237 239 (-304 -1096 192 ) (-184 -1096 192 ) (-184 -1096 1536 ) (-304 -1096 1536 ) 
4 237 241 (-368 -1096 192 ) (-312 -1096 192 ) (-312 -1096 1536 ) (-368 -1096 1536 ) 
4 237 238 (-368 -1096 192 ) (-368 -1096 1536 ) (-368 -1088 1536 ) (-368 -1088 192 ) 
4 238 260 (-1024 -1080 192 ) (-1024 -1096 192 ) (-1024 -1096 1536 ) (-1024 -1080 1536 ) 
4 238 251 (-1024 -1096 192 ) (-1024 -1080 192 ) (-432 -1080 192 ) (-432 -1096 192 ) 
4 238 241 (-1024 -1096 192 ) (-368 -1096 192 ) (-368 -1096 1536 ) (-1024 -1096 1536 ) 
4 239 243 (-24 -1328 296 ) (-24 -1328 344 ) (-32 -1328 344 ) (-32 -1328 296 ) 
4 239 244 (-192 -1328 344 ) (-200 -1328 344 ) (-200 -1328 296 ) (-192 -1328 296 ) 
4 239 245 (-200 -1328 192 ) (-24 -1328 192 ) (-24 -1328 296 ) (-200 -1328 296 ) 
4 239 242 (0 -1328 344 ) (0 -1328 1536 ) (-304 -1328 1536 ) (-304 -1328 344 ) 
4 239 240 (-304 -1096 1536 ) (-304 -1096 240 ) (-304 -1328 240 ) (-304 -1328 1536 ) 
4 240 246 (-304 -1328 240 ) (-304 -1328 344 ) (-312 -1328 344 ) (-312 -1328 240 ) 
4 240 242 (-304 -1328 344 ) (-304 -1328 1536 ) (-312 -1328 1536 ) (-312 -1328 344 ) 
4 240 241 (-312 -1096 1536 ) (-312 -1096 240 ) (-312 -1328 240 ) (-312 -1328 1536 ) 
4 241 260 (-1024 -1096 192 ) (-1024 -1328 192 ) (-1024 -1328 1536 ) (-1024 -1096 1536 ) 
4 241 251 (-1024 -1328 192 ) (-1024 -1096 192 ) (-432 -1096 192 ) (-432 -1328 192 ) 
4 241 246 (-1024 -1328 344 ) (-1024 -1328 192 ) (-312 -1328 192 ) (-312 -1328 344 ) 
4 241 242 (-1024 -1328 1536 ) (-1024 -1328 344 ) (-312 -1328 344 ) (-312 -1328 1536 ) 
4 242 260 (-1024 -1336 344 ) (-1024 -1336 1536 ) (-1024 -1328 1536 ) (-1024 -1328 344 ) 
4 242 247 (0 -1336 344 ) (0 -1336 1536 ) (-304 -1336 1536 ) (-304 -1336 344 ) 
4 242 249 (-304 -1336 1536 ) (-1024 -1336 1536 ) (-1024 -1336 344 ) (-304 -1336 344 ) 
4 242 246 (-304 -1336 344 ) (-1024 -1336 344 ) (-1024 -1328 344 ) (-304 -1328 344 ) 
4 242 243 (-24 -1336 344 ) (-32 -1336 344 ) (-32 -1328 344 ) (-24 -1328 344 ) 
4 242 244 (-192 -1336 344 ) (-200 -1336 344 ) (-200 -1328 344 ) (-192 -1328 344 ) 
4 243 247 (-24 -1336 296 ) (-24 -1336 344 ) (-32 -1336 344 ) (-32 -1336 296 ) 
4 243 245 (-32 -1328 296 ) (-24 -1328 296 ) (-24 -1336 296 ) (-32 -1336 296 ) 
4 244 247 (-192 -1336 344 ) (-200 -1336 344 ) (-200 -1336 296 ) (-192 -1336 296 ) 
4 244 245 (-200 -1336 296 ) (-200 -1328 296 ) (-192 -1328 296 ) (-192 -1336 296 ) 
4 245 247 (-200 -1336 192 ) (-24 -1336 192 ) (-24 -1336 296 ) (-200 -1336 296 ) 
4 246 260 (-1024 -1328 192 ) (-1024 -1336 192 ) (-1024 -1336 344 ) (-1024 -1328 344 ) 
4 246 251 (-1024 -1336 192 ) (-1024 -1328 192 ) (-432 -1328 192 ) (-432 -1336 192 ) 
4 246 249 (-1024 -1336 192 ) (-304 -1336 192 ) (-304 -1336 344 ) (-1024 -1336 344 ) 
4 247 248 (-304 -1520 1536 ) (-304 -1520 376 ) (0 -1520 376 ) (0 -1520 1536 ) 
4 247 249 (-304 -1520 1536 ) (-304 -1336 1536 ) (-304 -1336 192 ) (-304 -1520 192 ) 
4 248 250 (0 -1528 376 ) (0 -1528 1536 ) (-304 -1528 1536 ) (-304 -1528 376 ) 
4 248 249 (-304 -1528 376 ) (-304 -1528 1536 ) (-304 -1520 1536 ) (-304 -1520 376 ) 
4 249 260 (-1024 -1336 192 ) (-1024 -1528 192 ) (-1024 -1528 1536 ) (-1024 -1336 1536 ) 
4 249 251 (-1024 -1528 192 ) (-1024 -1336 192 ) (-432 -1336 192 ) (-432 -1528 192 ) 
4 249 250 (-1024 -1528 192 ) (-304 -1528 192 ) (-304 -1528 1536 ) (-1024 -1528 1536 ) 
4 250 260 (-1024 -1528 192 ) (-1024 -1880 192 ) (-1024 -1880 1536 ) (-1024 -1528 1536 ) 
4 250 252 (-1024 -1880 192 ) (-1024 -1528 192 ) (0 -1528 192 ) (0 -1880 192 ) 
4 251 260 (-1024 -1024 192 ) (-1024 -1024 0 ) (-1024 -1528 0 ) (-1024 -1528 192 ) 
4 251 256 (-1024 -1528 0 ) (-1024 -1096 0 ) (-432 -1096 0 ) (-432 -1528 0 ) 
4 251 254 (-1024 -1096 0 ) (-1024 -1024 0 ) (-744 -1024 0 ) (-744 -1096 0 ) 
4 251 252 (-1024 -1528 0 ) (-432 -1528 0 ) (-432 -1528 192 ) (-1024 -1528 192 ) 
4 252 260 (-1024 -1528 0 ) (-1024 -1880 0 ) (-1024 -1880 192 ) (-1024 -1528 192 ) 
4 252 259 (-1024 -1880 0 ) (-1024 -1528 0 ) (0 -1528 0 ) (0 -1880 0 ) 
4 253 257 (-344 -1096 -1024 ) (0 -1096 -1024 ) (0 -1096 -144 ) (-344 -1096 -144 ) 
4 253 258 (-744 -1096 -1024 ) (-344 -1096 -1024 ) (-344 -1096 -144 ) (-744 -1096 -144 ) 
4 253 254 (-744 -1024 -1024 ) (-744 -1096 -1024 ) (-744 -1096 -144 ) (-744 -1024 -144 ) 
4 254 260 (-1024 -1024 0 ) (-1024 -1024 -1024 ) (-1024 -1096 -1024 ) (-1024 -1096 0 ) 
4 254 258 (-1024 -1096 -1024 ) (-744 -1096 -1024 ) (-744 -1096 -8 ) (-1024 -1096 -8 ) 
4 254 256 (-744 -1096 -8 ) (-744 -1096 0 ) (-1024 -1096 0 ) (-1024 -1096 -8 ) 
4 255 256 (-344 -1096 0 ) (-344 -1096 -8 ) (-344 -1520 -8 ) (-344 -1520 0 ) 
4 256 260 (-1024 -1528 -8 ) (-1024 -1528 0 ) (-1024 -1096 0 ) (-1024 -1096 -8 ) 
4 256 259 (-344 -1528 0 ) (-1024 -1528 0 ) (-1024 -1528 -8 ) (-344 -1528 -8 ) 
4 256 258 (-344 -1528 -8 ) (-1024 -1528 -8 ) (-1024 -1096 -8 ) (-344 -1096 -8 ) 
4 257 259 (-344 -1528 -1024 ) (0 -1528 -1024 ) (0 -1528 -144 ) (-344 -1528 -144 ) 
4 257 258 (-344 -1528 -1024 ) (-344 -1528 -144 ) (-344 -1096 -144 ) (-344 -1096 -1024 ) 
4 258 260 (-1024 -1096 -1024 ) (-1024 -1528 -1024 ) (-1024 -1528 -8 ) (-1024 -1096 -8 ) 
4 258 259 (-1024 -1528 -1024 ) (-344 -1528 -1024 ) (-344 -1528 -8 ) (-1024 -1528 -8 ) 
4 259 260 (-1024 -1528 -1024 ) (-1024 -1880 -1024 ) (-1024 -1880 0 ) (-1024 -1528 0 ) 
