


materialPath: C:\Workspace\OpenFortressDM\game\open_fortress\materials
Loading c:\workspace\openfortressdm\game\open_fortress\mapsrc\raraknight\zs_ideasguy.vmf
Could not locate GameData file ../../sourcemods/open_fortress/ofd_fic2.fgd
Patching WVT material: maps/zs_ideasguy/dev/dev_blendmeasure_wvt_patch
fixing up env_cubemap materials on brush sides...
0...1...2...3...4...5...6...7...8...9...100...1...2...3...4...5...6...7...8...9...10Processing areas...done (0)
Building Faces...done (0)
FixTjuncs...
PruneNodes...
WriteBSP...
done (0)
writing c:\workspace\openfortressdm\game\open_fortress\mapsrc\raraknight\zs_ideasguy.prt...Building visibility clusters...
done (0)
*** Error: Skybox vtf files for skybox/sky_tf2_04 weren't compiled with the same size texture and/or same flags!
Can't load skybox file skybox/sky_tf2_04 to build the default cubemap!
*** Error: Skybox vtf files for skybox/sky_tf2_04 weren't compiled with the same size texture and/or same flags!
Can't load skybox file skybox/sky_tf2_04 to build the default cubemap!
Finding displacement neighbors...
Finding lightmap sample positions...
Displacement Alpha : 0...1...2...3...4...5...6...7...8...9...10
Building Physics collision data...
done (0) (3445 bytes)
Placing detail props : 0...1...2...3...4...5...6...7...8...9...10
Compacting texture/material tables...
Reduced 17 texinfos to 10
Reduced 5 texdatas to 4 (155 bytes to 134)
Writing c:\workspace\openfortressdm\game\open_fortress\mapsrc\raraknight\zs_ideasguy.bsp
Wrote ZIP buffer, estimated size 473, actual size 393
0 seconds elapsed



4 threads
reading c:\workspace\openfortressdm\game\open_fortress\mapsrc\raraknight\zs_ideasguy.bsp
reading c:\workspace\openfortressdm\game\open_fortress\mapsrc\raraknight\zs_ideasguy.prt
  14 portalclusters
  29 numportals
0...1...2...3...4...5...6...7...8...9...100...1...2...3...4...5...6...7...8...9...10Optimized: 0 visible clusters (0.00%)
Total clusters visible: 184
Average clusters visible: 13
Building PAS...
Average clusters audible: 14
visdatasize:172  compressed from 224
writing c:\workspace\openfortressdm\game\open_fortress\mapsrc\raraknight\zs_ideasguy.bsp
0 seconds elapsed



[Reading texlights from 'lights.rad']
[60 texlights parsed from 'lights.rad']

Loading c:\workspace\openfortressdm\game\open_fortress\mapsrc\raraknight\zs_ideasguy.bsp
36 faces
28154 square feet [4054300.00 square inches]
0 Displacements
0 Square Feet [0.00 Square Inches]
36 patches before subdivision
908 patches after subdivision
0 direct lights
0...1...2...3...4...5...6...7...8...9...100...1...2...3...4...5...6...7...8...9...10transfers 16805, max 131
transfer lists:   0.1 megs
0...1...2...3...4...5...6...7...8...9...10	Bounce #1 added RGB(0, 0, 0)
Build Patch/Sample Hash Table(s).....Done<0.0007 sec>
0...1...2...3...4...5...6...7...8...9...10FinalLightFace Done
0 of 0 (0% of) surface lights went in leaf ambient cubes.
0...1...2...3...4...5...6...7...8...9...10Writing leaf ambient...done
Ready to Finish

Object names       Objects/Maxobjs  Memory / Maxmem  Fullness 
------------       ---------------  ---------------  -------- 
models                   1/1024           48/49152    ( 0.1%) 
brushes                  9/8192          108/98304    ( 0.1%) 
brushsides              54/65536         432/524288   ( 0.1%) 
planes                  60/65536        1200/1310720  ( 0.1%) 
vertexes                68/65536         816/786432   ( 0.1%) 
nodes                   44/65536        1408/2097152  ( 0.1%) 
texinfos                10/12288         720/884736   ( 0.1%) 
texdata                  4/2048          128/65536    ( 0.2%) 
dispinfos                0/0               0/0        ( 0.0%) 
disp_verts               0/0               0/0        ( 0.0%) 
disp_tris                0/0               0/0        ( 0.0%) 
disp_lmsamples           0/0               0/0        ( 0.0%) 
faces                   36/65536        2016/3670016  ( 0.1%) 
hdr faces                0/65536           0/3670016  ( 0.0%) 
origfaces               20/65536        1120/3670016  ( 0.0%) 
leaves                  46/65536        1472/2097152  ( 0.1%) 
leaffaces               50/65536         100/131072   ( 0.1%) 
leafbrushes             24/65536          48/131072   ( 0.0%) 
areas                    2/256            16/2048     ( 0.8%) 
surfedges              242/512000        968/2048000  ( 0.0%) 
edges                  141/256000        564/1024000  ( 0.1%) 
LDR worldlights          0/8192            0/720896   ( 0.0%) 
HDR worldlights          0/8192            0/720896   ( 0.0%) 
leafwaterdata            0/32768           0/393216   ( 0.0%) 
waterstrips              0/32768           0/327680   ( 0.0%) 
waterverts               0/65536           0/786432   ( 0.0%) 
waterindices             0/65536           0/131072   ( 0.0%) 
cubemapsamples           0/1024            0/16384    ( 0.0%) 
overlays                 0/512             0/180224   ( 0.0%) 
LDR lightdata         [variable]       24016/0        ( 0.0%) 
HDR lightdata         [variable]           0/0        ( 0.0%) 
visdata               [variable]         172/16777216 ( 0.0%) 
entdata               [variable]        2887/393216   ( 0.7%) 
LDR ambient table       46/65536         184/262144   ( 0.1%) 
HDR ambient table       46/65536         184/262144   ( 0.1%) 
LDR leaf ambient        14/65536         392/1835008  ( 0.0%) 
HDR leaf ambient        46/65536        1288/1835008  ( 0.1%) 
occluders                0/0               0/0        ( 0.0%) 
occluder polygons        0/0               0/0        ( 0.0%) 
occluder vert ind        0/0               0/0        ( 0.0%) 
detail props          [variable]           1/12       ( 8.3%) 
static props          [variable]           1/12       ( 8.3%) 
pakfile               [variable]         393/0        ( 0.0%) 
physics               [variable]        3445/4194304  ( 0.1%) 
physics terrain       [variable]           2/1048576  ( 0.0%) 

Level flags = 0

Total triangle count: 90
Writing c:\workspace\openfortressdm\game\open_fortress\mapsrc\raraknight\zs_ideasguy.bsp
0 seconds elapsed



[Reading texlights from 'lights.rad']
[60 texlights parsed from 'lights.rad']

Loading c:\workspace\openfortressdm\game\open_fortress\mapsrc\raraknight\zs_ideasguy.bsp
36 faces
28154 square feet [4054300.00 square inches]
0 Displacements
0 Square Feet [0.00 Square Inches]
36 patches before subdivision
908 patches after subdivision
0 direct lights
0...1...2...3...4...5...6...7...8...9...100...1...2...3...4...5...6...7...8...9...10transfers 16805, max 131
transfer lists:   0.1 megs
0...1...2...3...4...5...6...7...8...9...10	Bounce #1 added RGB(0, 0, 0)
Build Patch/Sample Hash Table(s).....Done<0.0008 sec>
0...1...2...3...4...5...6...7...8...9...10FinalLightFace Done
0 of 0 (0% of) surface lights went in leaf ambient cubes.
0...1...2...3...4...5...6...7...8...9...10Writing leaf ambient...done
Ready to Finish

Object names       Objects/Maxobjs  Memory / Maxmem  Fullness 
------------       ---------------  ---------------  -------- 
models                   1/1024           48/49152    ( 0.1%) 
brushes                  9/8192          108/98304    ( 0.1%) 
brushsides              54/65536         432/524288   ( 0.1%) 
planes                  60/65536        1200/1310720  ( 0.1%) 
vertexes                68/65536         816/786432   ( 0.1%) 
nodes                   44/65536        1408/2097152  ( 0.1%) 
texinfos                10/12288         720/884736   ( 0.1%) 
texdata                  4/2048          128/65536    ( 0.2%) 
dispinfos                0/0               0/0        ( 0.0%) 
disp_verts               0/0               0/0        ( 0.0%) 
disp_tris                0/0               0/0        ( 0.0%) 
disp_lmsamples           0/0               0/0        ( 0.0%) 
faces                   36/65536        2016/3670016  ( 0.1%) 
hdr faces               36/65536        2016/3670016  ( 0.1%) 
origfaces               20/65536        1120/3670016  ( 0.0%) 
leaves                  46/65536        1472/2097152  ( 0.1%) 
leaffaces               50/65536         100/131072   ( 0.1%) 
leafbrushes             24/65536          48/131072   ( 0.0%) 
areas                    2/256            16/2048     ( 0.8%) 
surfedges              242/512000        968/2048000  ( 0.0%) 
edges                  141/256000        564/1024000  ( 0.1%) 
LDR worldlights          0/8192            0/720896   ( 0.0%) 
HDR worldlights          0/8192            0/720896   ( 0.0%) 
leafwaterdata            0/32768           0/393216   ( 0.0%) 
waterstrips              0/32768           0/327680   ( 0.0%) 
waterverts               0/65536           0/786432   ( 0.0%) 
waterindices             0/65536           0/131072   ( 0.0%) 
cubemapsamples           0/1024            0/16384    ( 0.0%) 
overlays                 0/512             0/180224   ( 0.0%) 
LDR lightdata         [variable]       24016/0        ( 0.0%) 
HDR lightdata         [variable]       24016/0        ( 0.0%) 
visdata               [variable]         172/16777216 ( 0.0%) 
entdata               [variable]        2887/393216   ( 0.7%) 
LDR ambient table       46/65536         184/262144   ( 0.1%) 
HDR ambient table       46/65536         184/262144   ( 0.1%) 
LDR leaf ambient        14/65536         392/1835008  ( 0.0%) 
HDR leaf ambient        14/65536         392/1835008  ( 0.0%) 
occluders                0/0               0/0        ( 0.0%) 
occluder polygons        0/0               0/0        ( 0.0%) 
occluder vert ind        0/0               0/0        ( 0.0%) 
detail props          [variable]           1/12       ( 8.3%) 
static props          [variable]           1/12       ( 8.3%) 
pakfile               [variable]         393/0        ( 0.0%) 
physics               [variable]        3445/4194304  ( 0.1%) 
physics terrain       [variable]           2/1048576  ( 0.0%) 

Level flags = 0

Total triangle count: 90
Writing c:\workspace\openfortressdm\game\open_fortress\mapsrc\raraknight\zs_ideasguy.bsp
1 second elapsed



materialPath: C:\Workspace\OpenFortressDM\game\open_fortress\materials
Loading c:\workspace\openfortressdm\game\open_fortress\mapsrc\raraknight\zs_ideasguy.vmf
Could not locate GameData file ../../sourcemods/open_fortress/ofd_fic2.fgd
Patching WVT material: maps/zs_ideasguy/dev/dev_blendmeasure_wvt_patch
fixing up env_cubemap materials on brush sides...
0...1...2...3...4...5...6...7...8...9...100...1...2...3...4...5...6...7...8...9...10Processing areas...done (0)
Building Faces...done (0)
FixTjuncs...
PruneNodes...
WriteBSP...
done (0)
writing c:\workspace\openfortressdm\game\open_fortress\mapsrc\raraknight\zs_ideasguy.prt...Building visibility clusters...
done (0)
*** Error: Skybox vtf files for skybox/sky_tf2_04 weren't compiled with the same size texture and/or same flags!
Can't load skybox file skybox/sky_tf2_04 to build the default cubemap!
*** Error: Skybox vtf files for skybox/sky_tf2_04 weren't compiled with the same size texture and/or same flags!
Can't load skybox file skybox/sky_tf2_04 to build the default cubemap!
Finding displacement neighbors...
Finding lightmap sample positions...
Displacement Alpha : 0...1...2...3...4...5...6...7...8...9...10
Building Physics collision data...
done (0) (7621 bytes)
Placing detail props : 0...1...2...3...4...5...6...7...8...9...10
Compacting texture/material tables...
Reduced 18 texinfos to 11
Reduced 6 texdatas to 5 (176 bytes to 155)
Writing c:\workspace\openfortressdm\game\open_fortress\mapsrc\raraknight\zs_ideasguy.bsp
Wrote ZIP buffer, estimated size 473, actual size 393
0 seconds elapsed



4 threads
reading c:\workspace\openfortressdm\game\open_fortress\mapsrc\raraknight\zs_ideasguy.bsp
reading c:\workspace\openfortressdm\game\open_fortress\mapsrc\raraknight\zs_ideasguy.prt
  36 portalclusters
  97 numportals
0...1...2...3...4...5...6...7...8...9...100...1...2...3...4...5...6...7...8...9...10Optimized: 0 visible clusters (0.00%)
Total clusters visible: 1078
Average clusters visible: 29
Building PAS...
Average clusters audible: 36
visdatasize:655  compressed from 576
writing c:\workspace\openfortressdm\game\open_fortress\mapsrc\raraknight\zs_ideasguy.bsp
0 seconds elapsed



[Reading texlights from 'lights.rad']
[60 texlights parsed from 'lights.rad']

Loading c:\workspace\openfortressdm\game\open_fortress\mapsrc\raraknight\zs_ideasguy.bsp
132 faces
93447 square feet [13456435.00 square inches]
0 Displacements
0 Square Feet [0.00 Square Inches]
132 patches before subdivision
4540 patches after subdivision
0 direct lights
0...1...2...3...4...5...6...7...8...9...100...1...2...3...4...5...6...7...8...9...10transfers 148544, max 201
transfer lists:   1.1 megs
0...1...2...3...4...5...6...7...8...9...10	Bounce #1 added RGB(0, 0, 0)
Build Patch/Sample Hash Table(s).....Done<0.0029 sec>
0...1...2...3...4...5...6...7...8...9...10FinalLightFace Done
0 of 0 (0% of) surface lights went in leaf ambient cubes.
0...1...2...3...4...5...6...7...8...9...10Writing leaf ambient...done
Ready to Finish

Object names       Objects/Maxobjs  Memory / Maxmem  Fullness 
------------       ---------------  ---------------  -------- 
models                   1/1024           48/49152    ( 0.1%) 
brushes                 21/8192          252/98304    ( 0.3%) 
brushsides             126/65536        1008/524288   ( 0.2%) 
planes                 102/65536        2040/1310720  ( 0.2%) 
vertexes               231/65536        2772/786432   ( 0.4%) 
nodes                  110/65536        3520/2097152  ( 0.2%) 
texinfos                11/12288         792/884736   ( 0.1%) 
texdata                  5/2048          160/65536    ( 0.2%) 
dispinfos                0/0               0/0        ( 0.0%) 
disp_verts               0/0               0/0        ( 0.0%) 
disp_tris                0/0               0/0        ( 0.0%) 
disp_lmsamples           0/0               0/0        ( 0.0%) 
faces                  132/65536        7392/3670016  ( 0.2%) 
hdr faces                0/65536           0/3670016  ( 0.0%) 
origfaces               47/65536        2632/3670016  ( 0.1%) 
leaves                 112/65536        3584/2097152  ( 0.2%) 
leaffaces              145/65536         290/131072   ( 0.2%) 
leafbrushes             89/65536         178/131072   ( 0.1%) 
areas                    2/256            16/2048     ( 0.8%) 
surfedges              804/512000       3216/2048000  ( 0.2%) 
edges                  453/256000       1812/1024000  ( 0.2%) 
LDR worldlights          0/8192            0/720896   ( 0.0%) 
HDR worldlights          0/8192            0/720896   ( 0.0%) 
leafwaterdata            0/32768           0/393216   ( 0.0%) 
waterstrips             11/32768         110/327680   ( 0.0%) 
waterverts               0/65536           0/786432   ( 0.0%) 
waterindices           147/65536         294/131072   ( 0.2%) 
cubemapsamples           0/1024            0/16384    ( 0.0%) 
overlays                 0/512             0/180224   ( 0.0%) 
LDR lightdata         [variable]      109904/0        ( 0.0%) 
HDR lightdata         [variable]           0/0        ( 0.0%) 
visdata               [variable]         655/16777216 ( 0.0%) 
entdata               [variable]        2117/393216   ( 0.5%) 
LDR ambient table      112/65536         448/262144   ( 0.2%) 
HDR ambient table      112/65536         448/262144   ( 0.2%) 
LDR leaf ambient        36/65536        1008/1835008  ( 0.1%) 
HDR leaf ambient       112/65536        3136/1835008  ( 0.2%) 
occluders                0/0               0/0        ( 0.0%) 
occluder polygons        0/0               0/0        ( 0.0%) 
occluder vert ind        0/0               0/0        ( 0.0%) 
detail props          [variable]           1/12       ( 8.3%) 
static props          [variable]           1/12       ( 8.3%) 
pakfile               [variable]         393/0        ( 0.0%) 
physics               [variable]        7621/4194304  ( 0.2%) 
physics terrain       [variable]           2/1048576  ( 0.0%) 

Level flags = 0

Total triangle count: 352
Writing c:\workspace\openfortressdm\game\open_fortress\mapsrc\raraknight\zs_ideasguy.bsp
1 second elapsed



[Reading texlights from 'lights.rad']
[60 texlights parsed from 'lights.rad']

Loading c:\workspace\openfortressdm\game\open_fortress\mapsrc\raraknight\zs_ideasguy.bsp
132 faces
93447 square feet [13456435.00 square inches]
0 Displacements
0 Square Feet [0.00 Square Inches]
132 patches before subdivision
4540 patches after subdivision
0 direct lights
0...1...2...3...4...5...6...7...8...9...100...1...2...3...4...5...6...7...8...9...10transfers 148544, max 201
transfer lists:   1.1 megs
0...1...2...3...4...5...6...7...8...9...10	Bounce #1 added RGB(0, 0, 0)
Build Patch/Sample Hash Table(s).....Done<0.0038 sec>
0...1...2...3...4...5...6...7...8...9...10FinalLightFace Done
0 of 0 (0% of) surface lights went in leaf ambient cubes.
0...1...2...3...4...5...6...7...8...9...10Writing leaf ambient...done
Ready to Finish

Object names       Objects/Maxobjs  Memory / Maxmem  Fullness 
------------       ---------------  ---------------  -------- 
models                   1/1024           48/49152    ( 0.1%) 
brushes                 21/8192          252/98304    ( 0.3%) 
brushsides             126/65536        1008/524288   ( 0.2%) 
planes                 102/65536        2040/1310720  ( 0.2%) 
vertexes               231/65536        2772/786432   ( 0.4%) 
nodes                  110/65536        3520/2097152  ( 0.2%) 
texinfos                11/12288         792/884736   ( 0.1%) 
texdata                  5/2048          160/65536    ( 0.2%) 
dispinfos                0/0               0/0        ( 0.0%) 
disp_verts               0/0               0/0        ( 0.0%) 
disp_tris                0/0               0/0        ( 0.0%) 
disp_lmsamples           0/0               0/0        ( 0.0%) 
faces                  132/65536        7392/3670016  ( 0.2%) 
hdr faces              132/65536        7392/3670016  ( 0.2%) 
origfaces               47/65536        2632/3670016  ( 0.1%) 
leaves                 112/65536        3584/2097152  ( 0.2%) 
leaffaces              145/65536         290/131072   ( 0.2%) 
leafbrushes             89/65536         178/131072   ( 0.1%) 
areas                    2/256            16/2048     ( 0.8%) 
surfedges              804/512000       3216/2048000  ( 0.2%) 
edges                  453/256000       1812/1024000  ( 0.2%) 
LDR worldlights          0/8192            0/720896   ( 0.0%) 
HDR worldlights          0/8192            0/720896   ( 0.0%) 
leafwaterdata            0/32768           0/393216   ( 0.0%) 
waterstrips             11/32768         110/327680   ( 0.0%) 
waterverts               0/65536           0/786432   ( 0.0%) 
waterindices           147/65536         294/131072   ( 0.2%) 
cubemapsamples           0/1024            0/16384    ( 0.0%) 
overlays                 0/512             0/180224   ( 0.0%) 
LDR lightdata         [variable]      109904/0        ( 0.0%) 
HDR lightdata         [variable]      109904/0        ( 0.0%) 
visdata               [variable]         655/16777216 ( 0.0%) 
entdata               [variable]        2117/393216   ( 0.5%) 
LDR ambient table      112/65536         448/262144   ( 0.2%) 
HDR ambient table      112/65536         448/262144   ( 0.2%) 
LDR leaf ambient        36/65536        1008/1835008  ( 0.1%) 
HDR leaf ambient        36/65536        1008/1835008  ( 0.1%) 
occluders                0/0               0/0        ( 0.0%) 
occluder polygons        0/0               0/0        ( 0.0%) 
occluder vert ind        0/0               0/0        ( 0.0%) 
detail props          [variable]           1/12       ( 8.3%) 
static props          [variable]           1/12       ( 8.3%) 
pakfile               [variable]         393/0        ( 0.0%) 
physics               [variable]        7621/4194304  ( 0.2%) 
physics terrain       [variable]           2/1048576  ( 0.0%) 

Level flags = 0

Total triangle count: 352
Writing c:\workspace\openfortressdm\game\open_fortress\mapsrc\raraknight\zs_ideasguy.bsp
1 second elapsed



materialPath: C:\Workspace\OpenFortressDM\game\open_fortress\materials
Loading c:\workspace\openfortressdm\game\open_fortress\mapsrc\raraknight\zs_ideasguy.vmf
Could not locate GameData file ../../sourcemods/open_fortress/ofd_fic2.fgd
Patching WVT material: maps/zs_ideasguy/dev/dev_blendmeasure_wvt_patch
fixing up env_cubemap materials on brush sides...
0...1...2...3...4...5...6...7...8...9...100...1...2...3...4...5...6...7...8...9...10Processing areas...done (0)
Building Faces...done (0)
FixTjuncs...
PruneNodes...
WriteBSP...
done (0)
writing c:\workspace\openfortressdm\game\open_fortress\mapsrc\raraknight\zs_ideasguy.prt...Building visibility clusters...
done (0)
*** Error: Skybox vtf files for skybox/sky_tf2_04 weren't compiled with the same size texture and/or same flags!
Can't load skybox file skybox/sky_tf2_04 to build the default cubemap!
*** Error: Skybox vtf files for skybox/sky_tf2_04 weren't compiled with the same size texture and/or same flags!
Can't load skybox file skybox/sky_tf2_04 to build the default cubemap!
Finding displacement neighbors...
Finding lightmap sample positions...
Displacement Alpha : 0...1...2...3...4...5...6...7...8...9...10
Building Physics collision data...
done (0) (9389 bytes)
Placing detail props : 0...1...2...3...4...5...6...7...8...9...10
Compacting texture/material tables...
Reduced 24 texinfos to 17
Reduced 7 texdatas to 6 (208 bytes to 187)
Writing c:\workspace\openfortressdm\game\open_fortress\mapsrc\raraknight\zs_ideasguy.bsp
Wrote ZIP buffer, estimated size 473, actual size 393
0 seconds elapsed



4 threads
reading c:\workspace\openfortressdm\game\open_fortress\mapsrc\raraknight\zs_ideasguy.bsp
reading c:\workspace\openfortressdm\game\open_fortress\mapsrc\raraknight\zs_ideasguy.prt
  50 portalclusters
 147 numportals
0...1...2...3...4...5...6...7...8...9...100...1...2...3...4...5...6...7...8...9...10Optimized: 1 visible clusters (0.05%)
Total clusters visible: 2035
Average clusters visible: 40
Building PAS...
Average clusters audible: 50
visdatasize:1108  compressed from 800
writing c:\workspace\openfortressdm\game\open_fortress\mapsrc\raraknight\zs_ideasguy.bsp
0 seconds elapsed



[Reading texlights from 'lights.rad']
[60 texlights parsed from 'lights.rad']

Loading c:\workspace\openfortressdm\game\open_fortress\mapsrc\raraknight\zs_ideasguy.bsp
157 faces
95591 square feet [13765121.00 square inches]
0 Displacements
0 Square Feet [0.00 Square Inches]
157 patches before subdivision
4981 patches after subdivision
0 direct lights
0...1...2...3...4...5...6...7...8...9...100...1...2...3...4...5...6...7...8...9...10transfers 178354, max 205
transfer lists:   1.4 megs
0...1...2...3...4...5...6...7...8...9...10	Bounce #1 added RGB(0, 0, 0)
Build Patch/Sample Hash Table(s).....Done<0.0034 sec>
0...1...2...3...4...5...6...7...8...9...10FinalLightFace Done
0 of 0 (0% of) surface lights went in leaf ambient cubes.
0...1...2...3...4...5...6...7...8...9...10Writing leaf ambient...done
Ready to Finish

Object names       Objects/Maxobjs  Memory / Maxmem  Fullness 
------------       ---------------  ---------------  -------- 
models                   1/1024           48/49152    ( 0.1%) 
brushes                 26/8192          312/98304    ( 0.3%) 
brushsides             156/65536        1248/524288   ( 0.2%) 
planes                 122/65536        2440/1310720  ( 0.2%) 
vertexes               274/65536        3288/786432   ( 0.4%) 
nodes                  131/65536        4192/2097152  ( 0.2%) 
texinfos                17/12288        1224/884736   ( 0.1%) 
texdata                  6/2048          192/65536    ( 0.3%) 
dispinfos                0/0               0/0        ( 0.0%) 
disp_verts               0/0               0/0        ( 0.0%) 
disp_tris                0/0               0/0        ( 0.0%) 
disp_lmsamples           0/0               0/0        ( 0.0%) 
faces                  157/65536        8792/3670016  ( 0.2%) 
hdr faces                0/65536           0/3670016  ( 0.0%) 
origfaces               60/65536        3360/3670016  ( 0.1%) 
leaves                 133/65536        4256/2097152  ( 0.2%) 
leaffaces              174/65536         348/131072   ( 0.3%) 
leafbrushes             98/65536         196/131072   ( 0.1%) 
areas                    2/256            16/2048     ( 0.8%) 
surfedges              968/512000       3872/2048000  ( 0.2%) 
edges                  549/256000       2196/1024000  ( 0.2%) 
LDR worldlights          0/8192            0/720896   ( 0.0%) 
HDR worldlights          0/8192            0/720896   ( 0.0%) 
leafwaterdata            0/32768           0/393216   ( 0.0%) 
waterstrips             14/32768         140/327680   ( 0.0%) 
waterverts               0/65536           0/786432   ( 0.0%) 
waterindices           189/65536         378/131072   ( 0.3%) 
cubemapsamples           0/1024            0/16384    ( 0.0%) 
overlays                 0/512             0/180224   ( 0.0%) 
LDR lightdata         [variable]      118356/0        ( 0.0%) 
HDR lightdata         [variable]           0/0        ( 0.0%) 
visdata               [variable]        1108/16777216 ( 0.0%) 
entdata               [variable]        4204/393216   ( 1.1%) 
LDR ambient table      133/65536         532/262144   ( 0.2%) 
HDR ambient table      133/65536         532/262144   ( 0.2%) 
LDR leaf ambient        50/65536        1400/1835008  ( 0.1%) 
HDR leaf ambient       133/65536        3724/1835008  ( 0.2%) 
occluders                0/0               0/0        ( 0.0%) 
occluder polygons        0/0               0/0        ( 0.0%) 
occluder vert ind        0/0               0/0        ( 0.0%) 
detail props          [variable]           1/12       ( 8.3%) 
static props          [variable]           1/12       ( 8.3%) 
pakfile               [variable]         393/0        ( 0.0%) 
physics               [variable]        9389/4194304  ( 0.2%) 
physics terrain       [variable]           2/1048576  ( 0.0%) 

Level flags = 0

Total triangle count: 414
Writing c:\workspace\openfortressdm\game\open_fortress\mapsrc\raraknight\zs_ideasguy.bsp
2 seconds elapsed



[Reading texlights from 'lights.rad']
[60 texlights parsed from 'lights.rad']

Loading c:\workspace\openfortressdm\game\open_fortress\mapsrc\raraknight\zs_ideasguy.bsp
157 faces
95591 square feet [13765121.00 square inches]
0 Displacements
0 Square Feet [0.00 Square Inches]
157 patches before subdivision
4981 patches after subdivision
0 direct lights
0...1...2...3...4...5...6...7...8...9...100...1...2...3...4...5...6...7...8...9...10transfers 178354, max 205
transfer lists:   1.4 megs
0...1...2...3...4...5...6...7...8...9...10	Bounce #1 added RGB(0, 0, 0)
Build Patch/Sample Hash Table(s).....Done<0.0047 sec>
0...1...2...3...4...5...6...7...8...9...10FinalLightFace Done
0 of 0 (0% of) surface lights went in leaf ambient cubes.
0...1...2...3...4...5...6...7...8...9...10Writing leaf ambient...done
Ready to Finish

Object names       Objects/Maxobjs  Memory / Maxmem  Fullness 
------------       ---------------  ---------------  -------- 
models                   1/1024           48/49152    ( 0.1%) 
brushes                 26/8192          312/98304    ( 0.3%) 
brushsides             156/65536        1248/524288   ( 0.2%) 
planes                 122/65536        2440/1310720  ( 0.2%) 
vertexes               274/65536        3288/786432   ( 0.4%) 
nodes                  131/65536        4192/2097152  ( 0.2%) 
texinfos                17/12288        1224/884736   ( 0.1%) 
texdata                  6/2048          192/65536    ( 0.3%) 
dispinfos                0/0               0/0        ( 0.0%) 
disp_verts               0/0               0/0        ( 0.0%) 
disp_tris                0/0               0/0        ( 0.0%) 
disp_lmsamples           0/0               0/0        ( 0.0%) 
faces                  157/65536        8792/3670016  ( 0.2%) 
hdr faces              157/65536        8792/3670016  ( 0.2%) 
origfaces               60/65536        3360/3670016  ( 0.1%) 
leaves                 133/65536        4256/2097152  ( 0.2%) 
leaffaces              174/65536         348/131072   ( 0.3%) 
leafbrushes             98/65536         196/131072   ( 0.1%) 
areas                    2/256            16/2048     ( 0.8%) 
surfedges              968/512000       3872/2048000  ( 0.2%) 
edges                  549/256000       2196/1024000  ( 0.2%) 
LDR worldlights          0/8192            0/720896   ( 0.0%) 
HDR worldlights          0/8192            0/720896   ( 0.0%) 
leafwaterdata            0/32768           0/393216   ( 0.0%) 
waterstrips             14/32768         140/327680   ( 0.0%) 
waterverts               0/65536           0/786432   ( 0.0%) 
waterindices           189/65536         378/131072   ( 0.3%) 
cubemapsamples           0/1024            0/16384    ( 0.0%) 
overlays                 0/512             0/180224   ( 0.0%) 
LDR lightdata         [variable]      118356/0        ( 0.0%) 
HDR lightdata         [variable]      118356/0        ( 0.0%) 
visdata               [variable]        1108/16777216 ( 0.0%) 
entdata               [variable]        4204/393216   ( 1.1%) 
LDR ambient table      133/65536         532/262144   ( 0.2%) 
HDR ambient table      133/65536         532/262144   ( 0.2%) 
LDR leaf ambient        50/65536        1400/1835008  ( 0.1%) 
HDR leaf ambient        50/65536        1400/1835008  ( 0.1%) 
occluders                0/0               0/0        ( 0.0%) 
occluder polygons        0/0               0/0        ( 0.0%) 
occluder vert ind        0/0               0/0        ( 0.0%) 
detail props          [variable]           1/12       ( 8.3%) 
static props          [variable]           1/12       ( 8.3%) 
pakfile               [variable]         393/0        ( 0.0%) 
physics               [variable]        9389/4194304  ( 0.2%) 
physics terrain       [variable]           2/1048576  ( 0.0%) 

Level flags = 0

Total triangle count: 414
Writing c:\workspace\openfortressdm\game\open_fortress\mapsrc\raraknight\zs_ideasguy.bsp
2 seconds elapsed



materialPath: C:\Workspace\OpenFortressDM\game\open_fortress\materials
Loading c:\workspace\openfortressdm\game\open_fortress\mapsrc\raraknight\zs_ideasguy.vmf
Could not locate GameData file ../../sourcemods/open_fortress/ofd_fic2.fgd
Patching WVT material: maps/zs_ideasguy/dev/dev_blendmeasure_wvt_patch
fixing up env_cubemap materials on brush sides...
0...1...2...3...4...5...6...7...8...9...100...1...2...3...4...5...6...7...8...9...10Processing areas...done (0)
Building Faces...done (0)
FixTjuncs...
PruneNodes...
WriteBSP...
done (0)
writing c:\workspace\openfortressdm\game\open_fortress\mapsrc\raraknight\zs_ideasguy.prt...Building visibility clusters...
done (0)
*** Error: Skybox vtf files for skybox/sky_tf2_04 weren't compiled with the same size texture and/or same flags!
Can't load skybox file skybox/sky_tf2_04 to build the default cubemap!
*** Error: Skybox vtf files for skybox/sky_tf2_04 weren't compiled with the same size texture and/or same flags!
Can't load skybox file skybox/sky_tf2_04 to build the default cubemap!
Finding displacement neighbors...
Finding lightmap sample positions...
Displacement Alpha : 0...1...2...3...4...5...6...7...8...9...10
Building Physics collision data...
done (0) (11221 bytes)
Placing detail props : 0...1...2...3...4...5...6...7...8...9...10
Compacting texture/material tables...
Reduced 27 texinfos to 20
Reduced 8 texdatas to 7 (239 bytes to 218)
Writing c:\workspace\openfortressdm\game\open_fortress\mapsrc\raraknight\zs_ideasguy.bsp
Wrote ZIP buffer, estimated size 473, actual size 393
0 seconds elapsed



4 threads
reading c:\workspace\openfortressdm\game\open_fortress\mapsrc\raraknight\zs_ideasguy.bsp
reading c:\workspace\openfortressdm\game\open_fortress\mapsrc\raraknight\zs_ideasguy.prt
  60 portalclusters
 180 numportals
0...1...2...3...4...5...6...7...8...9...100...1...2...3...4...5...6...7...8...9...10Optimized: 4 visible clusters (0.14%)
Total clusters visible: 2926
Average clusters visible: 48
Building PAS...
Average clusters audible: 60
visdatasize:1455  compressed from 960
writing c:\workspace\openfortressdm\game\open_fortress\mapsrc\raraknight\zs_ideasguy.bsp
0 seconds elapsed



[Reading texlights from 'lights.rad']
[60 texlights parsed from 'lights.rad']

Loading c:\workspace\openfortressdm\game\open_fortress\mapsrc\raraknight\zs_ideasguy.bsp
177 faces
98263 square feet [14149966.00 square inches]
0 Displacements
0 Square Feet [0.00 Square Inches]
177 patches before subdivision
5683 patches after subdivision
0 direct lights
0...1...2...3...4...5...6...7...8...9...100...1...2...3...4...5...6...7...8...9...10transfers 219343, max 204
transfer lists:   1.7 megs
0...1...2...3...4...5...6...7...8...9...10	Bounce #1 added RGB(0, 0, 0)
Build Patch/Sample Hash Table(s).....Done<0.0067 sec>
0...1...2...3...4...5...6...7...8...9...10FinalLightFace Done
0 of 0 (0% of) surface lights went in leaf ambient cubes.
0...1...2...3...4...5...6...7...8...9...10Writing leaf ambient...done
Ready to Finish

Object names       Objects/Maxobjs  Memory / Maxmem  Fullness 
------------       ---------------  ---------------  -------- 
models                   1/1024           48/49152    ( 0.1%) 
brushes                 31/8192          372/98304    ( 0.4%) 
brushsides             186/65536        1488/524288   ( 0.3%) 
planes                 142/65536        2840/1310720  ( 0.2%) 
vertexes               319/65536        3828/786432   ( 0.5%) 
nodes                  144/65536        4608/2097152  ( 0.2%) 
texinfos                20/12288        1440/884736   ( 0.2%) 
texdata                  7/2048          224/65536    ( 0.3%) 
dispinfos                0/0               0/0        ( 0.0%) 
disp_verts               0/0               0/0        ( 0.0%) 
disp_tris                0/0               0/0        ( 0.0%) 
disp_lmsamples           0/0               0/0        ( 0.0%) 
faces                  177/65536        9912/3670016  ( 0.3%) 
hdr faces                0/65536           0/3670016  ( 0.0%) 
origfaces               75/65536        4200/3670016  ( 0.1%) 
leaves                 146/65536        4672/2097152  ( 0.2%) 
leaffaces              200/65536         400/131072   ( 0.3%) 
leafbrushes             96/65536         192/131072   ( 0.1%) 
areas                    2/256            16/2048     ( 0.8%) 
surfedges             1136/512000       4544/2048000  ( 0.2%) 
edges                  646/256000       2584/1024000  ( 0.3%) 
LDR worldlights          0/8192            0/720896   ( 0.0%) 
HDR worldlights          0/8192            0/720896   ( 0.0%) 
leafwaterdata            0/32768           0/393216   ( 0.0%) 
waterstrips             15/32768         150/327680   ( 0.0%) 
waterverts               0/65536           0/786432   ( 0.0%) 
waterindices           207/65536         414/131072   ( 0.3%) 
cubemapsamples           0/1024            0/16384    ( 0.0%) 
overlays                 0/512             0/180224   ( 0.0%) 
LDR lightdata         [variable]      128160/0        ( 0.0%) 
HDR lightdata         [variable]           0/0        ( 0.0%) 
visdata               [variable]        1455/16777216 ( 0.0%) 
entdata               [variable]        5799/393216   ( 1.5%) 
LDR ambient table      146/65536         584/262144   ( 0.2%) 
HDR ambient table      146/65536         584/262144   ( 0.2%) 
LDR leaf ambient        60/65536        1680/1835008  ( 0.1%) 
HDR leaf ambient       146/65536        4088/1835008  ( 0.2%) 
occluders                0/0               0/0        ( 0.0%) 
occluder polygons        0/0               0/0        ( 0.0%) 
occluder vert ind        0/0               0/0        ( 0.0%) 
detail props          [variable]           1/12       ( 8.3%) 
static props          [variable]           1/12       ( 8.3%) 
pakfile               [variable]         393/0        ( 0.0%) 
physics               [variable]       11221/4194304  ( 0.3%) 
physics terrain       [variable]           2/1048576  ( 0.0%) 

Level flags = 0

Total triangle count: 482
Writing c:\workspace\openfortressdm\game\open_fortress\mapsrc\raraknight\zs_ideasguy.bsp
2 seconds elapsed



[Reading texlights from 'lights.rad']
[60 texlights parsed from 'lights.rad']

Loading c:\workspace\openfortressdm\game\open_fortress\mapsrc\raraknight\zs_ideasguy.bsp
177 faces
98263 square feet [14149966.00 square inches]
0 Displacements
0 Square Feet [0.00 Square Inches]
177 patches before subdivision
5683 patches after subdivision
0 direct lights
0...1...2...3...4...5...6...7...8...9...100...1...2...3...4...5...6...7...8...9...10transfers 219343, max 204
transfer lists:   1.7 megs
0...1...2...3...4...5...6...7...8...9...10	Bounce #1 added RGB(0, 0, 0)
Build Patch/Sample Hash Table(s).....Done<0.0042 sec>
0...1...2...3...4...5...6...7...8...9...10FinalLightFace Done
0 of 0 (0% of) surface lights went in leaf ambient cubes.
0...1...2...3...4...5...6...7...8...9...10Writing leaf ambient...done
Ready to Finish

Object names       Objects/Maxobjs  Memory / Maxmem  Fullness 
------------       ---------------  ---------------  -------- 
models                   1/1024           48/49152    ( 0.1%) 
brushes                 31/8192          372/98304    ( 0.4%) 
brushsides             186/65536        1488/524288   ( 0.3%) 
planes                 142/65536        2840/1310720  ( 0.2%) 
vertexes               319/65536        3828/786432   ( 0.5%) 
nodes                  144/65536        4608/2097152  ( 0.2%) 
texinfos                20/12288        1440/884736   ( 0.2%) 
texdata                  7/2048          224/65536    ( 0.3%) 
dispinfos                0/0               0/0        ( 0.0%) 
disp_verts               0/0               0/0        ( 0.0%) 
disp_tris                0/0               0/0        ( 0.0%) 
disp_lmsamples           0/0               0/0        ( 0.0%) 
faces                  177/65536        9912/3670016  ( 0.3%) 
hdr faces              177/65536        9912/3670016  ( 0.3%) 
origfaces               75/65536        4200/3670016  ( 0.1%) 
leaves                 146/65536        4672/2097152  ( 0.2%) 
leaffaces              200/65536         400/131072   ( 0.3%) 
leafbrushes             96/65536         192/131072   ( 0.1%) 
areas                    2/256            16/2048     ( 0.8%) 
surfedges             1136/512000       4544/2048000  ( 0.2%) 
edges                  646/256000       2584/1024000  ( 0.3%) 
LDR worldlights          0/8192            0/720896   ( 0.0%) 
HDR worldlights          0/8192            0/720896   ( 0.0%) 
leafwaterdata            0/32768           0/393216   ( 0.0%) 
waterstrips             15/32768         150/327680   ( 0.0%) 
waterverts               0/65536           0/786432   ( 0.0%) 
waterindices           207/65536         414/131072   ( 0.3%) 
cubemapsamples           0/1024            0/16384    ( 0.0%) 
overlays                 0/512             0/180224   ( 0.0%) 
LDR lightdata         [variable]      128160/0        ( 0.0%) 
HDR lightdata         [variable]      128160/0        ( 0.0%) 
visdata               [variable]        1455/16777216 ( 0.0%) 
entdata               [variable]        5799/393216   ( 1.5%) 
LDR ambient table      146/65536         584/262144   ( 0.2%) 
HDR ambient table      146/65536         584/262144   ( 0.2%) 
LDR leaf ambient        60/65536        1680/1835008  ( 0.1%) 
HDR leaf ambient        60/65536        1680/1835008  ( 0.1%) 
occluders                0/0               0/0        ( 0.0%) 
occluder polygons        0/0               0/0        ( 0.0%) 
occluder vert ind        0/0               0/0        ( 0.0%) 
detail props          [variable]           1/12       ( 8.3%) 
static props          [variable]           1/12       ( 8.3%) 
pakfile               [variable]         393/0        ( 0.0%) 
physics               [variable]       11221/4194304  ( 0.3%) 
physics terrain       [variable]           2/1048576  ( 0.0%) 

Level flags = 0

Total triangle count: 482
Writing c:\workspace\openfortressdm\game\open_fortress\mapsrc\raraknight\zs_ideasguy.bsp
2 seconds elapsed
