PRT1
60
180
4 0 7 (0 1024 -104.129997 ) (0 1024 -254 ) (983.442078 1024 -254 ) (983.442078 1024 -104.129997 ) 
4 0 4 (446 1024 190 ) (246 1024 190 ) (246 1024 -104.129997 ) (446 1024 -104.129997 ) 
4 0 3 (983.442078 1024 190 ) (446 1024 190 ) (446 1024 -104.129997 ) (983.442078 1024 -104.129997 ) 
4 0 6 (246 1024 190 ) (0 1024 190 ) (0 1024 -104.129997 ) (246 1024 -104.129997 ) 
4 0 1 (0 1024 -254 ) (0 1024 190 ) (0 1072.270020 190 ) (0 1072.270020 -254 ) 
4 1 25 (-640 1024 -104.053001 ) (-962 1024 -104.053001 ) (-962 1024 -254 ) (-640 1024 -254 ) 
4 1 28 (-962 1024 -104.053001 ) (-1024 1024 -104.053001 ) (-1024 1024 -254 ) (-962 1024 -254 ) 
4 1 23 (-638 1024 -104.053001 ) (-640 1024 -104.053001 ) (-640 1024 -254 ) (-638 1024 -254 ) 
4 1 22 (0 1024 -254 ) (0 1024 -104.053001 ) (-638 1024 -104.053001 ) (-638 1024 -254 ) 
4 1 18 (-638 1024 190 ) (-964 1024 190 ) (-964 1024 -104.053001 ) (-638 1024 -104.053001 ) 
4 1 17 (0 1024 -104.053001 ) (0 1024 190 ) (-638 1024 190 ) (-638 1024 -104.053001 ) 
4 1 21 (-964 1024 190 ) (-1024 1024 190 ) (-1024 1024 -104.053001 ) (-964 1024 -104.053001 ) 
4 1 2 (-1024 1024 -254 ) (-1024 1024 190 ) (-1024 1072.270020 190 ) (-1024 1072.270020 -254 ) 
4 2 35 (-1024 1024 -254 ) (-1024 1024 190 ) (-1195.439941 1024 190 ) (-1195.439941 1024 -254 ) 
4 3 11 (983.442078 0 190 ) (446 0 190 ) (446 0 -104.129997 ) (983.442078 0 -104.129997 ) 
4 3 8 (983.442078 0 -104.129997 ) (446 0 -104.129997 ) (446 516 -104.129997 ) (983.442078 516 -104.129997 ) 
4 3 7 (446 516 -104.129997 ) (446 1024 -104.129997 ) (983.442078 1024 -104.129997 ) (983.442078 516 -104.129997 ) 
4 3 5 (446 0 -102 ) (446 0 190 ) (446 516 190 ) (446 516 -102 ) 
4 3 4 (446 1024 -104.129997 ) (446 516 -104.129997 ) (446 516 190 ) (446 1024 190 ) 
4 4 7 (246 516 -104.129997 ) (246 1024 -104.129997 ) (446 1024 -104.129997 ) (446 516 -104.129997 ) 
4 4 5 (246 516 190 ) (246 516 -102 ) (446 516 -102 ) (446 516 190 ) 
4 4 6 (246 1024 -104.129997 ) (246 516 -104.129997 ) (246 516 190 ) (246 1024 190 ) 
4 5 12 (446 0 190 ) (246 0 190 ) (246 0 -102 ) (446 0 -102 ) 
4 5 6 (246 0 -102 ) (246 0 190 ) (246 516 190 ) (246 516 -102 ) 
4 6 32 (0 64.181900 -104.129997 ) (0 0 -104.129997 ) (0 0 -100 ) (0 64.181900 -100 ) 
4 6 29 (0 0 -100 ) (0 0 190 ) (0 64.181900 190 ) (0 64.181900 -100 ) 
4 6 17 (0 1024 190 ) (0 1024 -104.129997 ) (0 64.181900 -104.129997 ) (0 64.181900 190 ) 
4 6 13 (246 0 190 ) (0 0 190 ) (0 0 -104.129997 ) (246 0 -104.129997 ) 
4 6 10 (246 0 -104.129997 ) (0 0 -104.129997 ) (0 516 -104.129997 ) (246 516 -104.129997 ) 
4 6 7 (0 516 -104.129997 ) (0 1024 -104.129997 ) (246 1024 -104.129997 ) (246 516 -104.129997 ) 
4 7 22 (0 1024 -104.129997 ) (0 1024 -254 ) (0 516 -254 ) (0 516 -104.129997 ) 
4 7 10 (246 516 -104.129997 ) (0 516 -104.129997 ) (0 516 -254 ) (246 516 -254 ) 
4 7 8 (983.442078 516 -104.129997 ) (446 516 -104.129997 ) (446 516 -254 ) (983.442078 516 -254 ) 
4 8 11 (983.442078 0 -104.129997 ) (446 0 -104.129997 ) (446 0 -254 ) (983.442078 0 -254 ) 
4 9 14 (444 0 -254 ) (444 0 -104.129997 ) (248 0 -104.129997 ) (248 0 -254 ) 
4 10 32 (0 0 -254 ) (0 0 -104.129997 ) (0 64.181900 -104.129997 ) (0 64.181900 -254 ) 
4 10 22 (0 64.181900 -104.129997 ) (0 516 -104.129997 ) (0 516 -254 ) (0 64.181900 -254 ) 
4 10 15 (246 0 -254 ) (246 0 -104.129997 ) (0 0 -104.129997 ) (0 0 -254 ) 
4 11 16 (983.442078 -22 190 ) (446 -22 190 ) (446 -22 -254 ) (983.442078 -22 -254 ) 
4 11 12 (446 -22 -102 ) (446 -22 190 ) (446 0 190 ) (446 0 -102 ) 
4 12 16 (446 -22 -102 ) (446 -22 190 ) (246 -22 190 ) (246 -22 -102 ) 
4 12 13 (246 -22 -102 ) (246 -22 190 ) (246 0 190 ) (246 0 -102 ) 
4 13 40 (0 -22 -104.129997 ) (0 -22 -100 ) (0 0 -100 ) (0 0 -104.129997 ) 
4 13 36 (0 -22 -100 ) (0 -22 190 ) (0 0 190 ) (0 0 -100 ) 
4 13 16 (246 -22 190 ) (0 -22 190 ) (0 -22 -104.129997 ) (246 -22 -104.129997 ) 
4 13 15 (246 -22 -104.129997 ) (0 -22 -104.129997 ) (0 0 -104.129997 ) (246 0 -104.129997 ) 
4 14 16 (444 -22 -254 ) (444 -22 -104.129997 ) (248 -22 -104.129997 ) (248 -22 -254 ) 
4 15 45 (0 -22 -254 ) (0 -22 -104.129997 ) (0 0 -104.129997 ) (0 0 -254 ) 
4 15 16 (246 -22 -254 ) (246 -22 -104.129997 ) (0 -22 -104.129997 ) (0 -22 -254 ) 
4 16 58 (0 -546 -254 ) (0 -832.265991 -254 ) (0 -832.265991 -100 ) (0 -546 -100 ) 
4 16 49 (0 -490 -254 ) (0 -546 -254 ) (0 -546 -104 ) (0 -490 -104 ) 
4 16 46 (0 -36 -254 ) (0 -490 -254 ) (0 -490 -104 ) (0 -36 -104 ) 
4 16 45 (0 -22 -104 ) (0 -22 -254 ) (0 -36 -254 ) (0 -36 -104 ) 
4 16 40 (0 -22 -100 ) (0 -22 -104 ) (0 -546 -104 ) (0 -546 -100 ) 
4 16 36 (0 -832.265991 190 ) (0 -22 190 ) (0 -22 -100 ) (0 -832.265991 -100 ) 
4 17 32 (-638 64.181900 -104.053001 ) (0 64.181900 -104.053001 ) (0 64.181900 -100 ) (-638 64.181900 -100 ) 
4 17 29 (0 64.181900 -100 ) (0 64.181900 190 ) (-638 64.181900 190 ) (-638 64.181900 -100 ) 
4 17 22 (0 64.181900 -104.053001 ) (-638 64.181900 -104.053001 ) (-638 1024 -104.053001 ) (0 1024 -104.053001 ) 
4 17 19 (-638 368 -102 ) (-638 368 190 ) (-638 570 190 ) (-638 570 -102 ) 
4 17 18 (-638 1024 -104.053001 ) (-638 570 -104.053001 ) (-638 570 190 ) (-638 1024 190 ) 
4 17 20 (-638 368 -104.053001 ) (-638 64.181900 -104.053001 ) (-638 64.181900 190 ) (-638 368 190 ) 
4 18 25 (-962 1024 -104.053001 ) (-640 1024 -104.053001 ) (-640 570 -104.053001 ) (-962 570 -104.053001 ) 
4 18 28 (-964 570 -104.053001 ) (-964 1024 -104.053001 ) (-962 1024 -104.053001 ) (-962 570 -104.053001 ) 
4 18 23 (-640 1024 -104.053001 ) (-638 1024 -104.053001 ) (-638 570 -104.053001 ) (-640 570 -104.053001 ) 
4 18 19 (-964 570 190 ) (-964 570 -102 ) (-638 570 -102 ) (-638 570 190 ) 
4 18 21 (-964 1024 -104.053001 ) (-964 570 -104.053001 ) (-964 570 190 ) (-964 1024 190 ) 
4 19 21 (-964 368 -102 ) (-964 368 190 ) (-964 570 190 ) (-964 570 -102 ) 
4 19 20 (-964 368 190 ) (-964 368 -102 ) (-638 368 -102 ) (-638 368 190 ) 
4 20 32 (-649.202026 64.181900 -104.053001 ) (-638 64.181900 -104.053001 ) (-638 64.181900 -100 ) (-649.202026 64.181900 -100 ) 
4 20 30 (-649.202026 64.181900 190 ) (-964 64.181900 190 ) (-964 64.181900 -98 ) (-649.202026 64.181900 -98 ) 
4 20 29 (-638 64.181900 -100 ) (-638 64.181900 190 ) (-649.202026 64.181900 190 ) (-649.202026 64.181900 -100 ) 
4 20 27 (-640 64.181900 -104.053001 ) (-962 64.181900 -104.053001 ) (-962 368 -104.053001 ) (-640 368 -104.053001 ) 
4 20 28 (-962 64.181900 -104.053001 ) (-964 64.181900 -104.053001 ) (-964 368 -104.053001 ) (-962 368 -104.053001 ) 
4 20 24 (-638 64.181900 -104.053001 ) (-640 64.181900 -104.053001 ) (-640 368 -104.053001 ) (-638 368 -104.053001 ) 
4 20 21 (-964 368 -104.053001 ) (-964 64.181900 -104.053001 ) (-964 64.181900 190 ) (-964 368 190 ) 
4 21 35 (-1024 1024 190 ) (-1024 1024 -104.053001 ) (-1024 64.181900 -104.053001 ) (-1024 64.181900 190 ) 
4 21 34 (-1024 64.181900 -100 ) (-1024 64.181900 -104.053001 ) (-965.202026 64.181900 -104.053001 ) (-965.202026 64.181900 -100 ) 
4 21 30 (-964 64.181900 -98 ) (-964 64.181900 190 ) (-965.202026 64.181900 190 ) (-965.202026 64.181900 -98 ) 
4 21 31 (-1024 64.181900 190 ) (-1024 64.181900 -100 ) (-965.202026 64.181900 -100 ) (-965.202026 64.181900 190 ) 
4 21 28 (-964 64.181900 -104.053001 ) (-1024 64.181900 -104.053001 ) (-1024 1024 -104.053001 ) (-964 1024 -104.053001 ) 
4 22 32 (-638 64.181900 -254 ) (0 64.181900 -254 ) (0 64.181900 -104.053001 ) (-638 64.181900 -104.053001 ) 
4 22 23 (-638 1024 -254 ) (-638 570 -254 ) (-638 570 -104.053001 ) (-638 1024 -104.053001 ) 
4 22 24 (-638 368 -254 ) (-638 64.181900 -254 ) (-638 64.181900 -104.053001 ) (-638 368 -104.053001 ) 
4 23 25 (-640 1024 -254 ) (-640 570 -254 ) (-640 570 -104.053001 ) (-640 1024 -104.053001 ) 
4 24 32 (-640 64.181900 -254 ) (-638 64.181900 -254 ) (-638 64.181900 -104.053001 ) (-640 64.181900 -104.053001 ) 
4 24 27 (-640 368 -254 ) (-640 64.181900 -254 ) (-640 64.181900 -104.053001 ) (-640 368 -104.053001 ) 
4 25 28 (-962 1024 -254 ) (-962 570 -254 ) (-962 570 -104.053001 ) (-962 1024 -104.053001 ) 
4 26 28 (-962 568 -254 ) (-962 370 -254 ) (-962 370 -104.053001 ) (-962 568 -104.053001 ) 
4 27 32 (-649.202026 64.181900 -254 ) (-640 64.181900 -254 ) (-640 64.181900 -104.053001 ) (-649.202026 64.181900 -104.053001 ) 
4 27 28 (-962 368 -254 ) (-962 64.181900 -254 ) (-962 64.181900 -104.053001 ) (-962 368 -104.053001 ) 
4 28 35 (-1024 1024 -104.053001 ) (-1024 1024 -254 ) (-1024 64.181900 -254 ) (-1024 64.181900 -104.053001 ) 
4 28 34 (-1024 64.181900 -104.053001 ) (-1024 64.181900 -254 ) (-965.202026 64.181900 -254 ) (-965.202026 64.181900 -104.053001 ) 
4 29 36 (0 0 -100 ) (0 0 190 ) (-649.202026 0 190 ) (-649.202026 0 -100 ) 
4 29 32 (0 0 -100 ) (-649.202026 0 -100 ) (-649.202026 64.181900 -100 ) (0 64.181900 -100 ) 
4 29 30 (-649.202026 0 -98 ) (-649.202026 0 190 ) (-649.202026 64.181900 190 ) (-649.202026 64.181900 -98 ) 
4 30 37 (-649.202026 0 190 ) (-965.202026 0 190 ) (-965.202026 0 -98 ) (-649.202026 0 -98 ) 
4 30 31 (-965.202026 0 -98 ) (-965.202026 0 190 ) (-965.202026 64.181900 190 ) (-965.202026 64.181900 -98 ) 
4 31 39 (-965.202026 0 190 ) (-1024 0 190 ) (-1024 0 -100 ) (-965.202026 0 -100 ) 
4 31 35 (-1024 0 -100 ) (-1024 0 190 ) (-1024 64.181900 190 ) (-1024 64.181900 -100 ) 
4 31 34 (-965.202026 0 -100 ) (-1024 0 -100 ) (-1024 64.181900 -100 ) (-965.202026 64.181900 -100 ) 
4 32 50 (-624 0 -100 ) (-649.202026 0 -100 ) (-649.202026 0 -254 ) (-624 0 -254 ) 
4 32 45 (0 0 -254 ) (0 0 -104 ) (-624 0 -104 ) (-624 0 -254 ) 
4 32 41 (-338 0 -100 ) (-528 0 -100 ) (-528 0 -104 ) (-338 0 -104 ) 
4 32 40 (0 0 -104 ) (0 0 -100 ) (-338 0 -100 ) (-338 0 -104 ) 
4 32 44 (-528 0 -100 ) (-624 0 -100 ) (-624 0 -104 ) (-528 0 -104 ) 
4 33 51 (-651.750977 0 -100 ) (-962.653992 0 -100 ) (-962.653992 0 -254 ) (-651.750977 0 -254 ) 
4 34 52 (-965.202026 0 -100 ) (-1024 0 -100 ) (-1024 0 -254 ) (-965.202026 0 -254 ) 
4 34 35 (-1024 64.181900 -254 ) (-1024 0 -254 ) (-1024 0 -100 ) (-1024 64.181900 -100 ) 
4 35 59 (-1024 0 -254 ) (-1024 0 190 ) (-1195.439941 0 190 ) (-1195.439941 0 -254 ) 
4 36 58 (0 -546 -100 ) (0 -832.265991 -100 ) (-649.202026 -832.265991 -100 ) (-649.202026 -546 -100 ) 
4 36 54 (-624 -234 -100 ) (-624 -546 -100 ) (-649.202026 -546 -100 ) (-649.202026 -234 -100 ) 
4 36 50 (-649.202026 0 -100 ) (-624 0 -100 ) (-624 -105.818008 -100 ) (-649.202026 -105.818008 -100 ) 
4 36 53 (-624 -105.818008 -100 ) (-624 -234 -100 ) (-649.202026 -234 -100 ) (-649.202026 -105.818008 -100 ) 
4 36 42 (-338 -36 -100 ) (-338 -490 -100 ) (-528 -490 -100 ) (-528 -36 -100 ) 
4 36 41 (-528 0 -100 ) (-338 0 -100 ) (-338 -36 -100 ) (-528 -36 -100 ) 
4 36 43 (-338 -490 -100 ) (-338 -546 -100 ) (-528 -546 -100 ) (-528 -490 -100 ) 
4 36 40 (-338 0 -100 ) (0 0 -100 ) (0 -546 -100 ) (-338 -546 -100 ) 
4 36 44 (-624 0 -100 ) (-528 0 -100 ) (-528 -546 -100 ) (-624 -546 -100 ) 
4 36 37 (-649.202026 -105.818008 -98 ) (-649.202026 -105.818008 190 ) (-649.202026 0 190 ) (-649.202026 0 -98 ) 
4 36 38 (-649.202026 -105.818008 -100 ) (-649.202026 -832.265991 -100 ) (-649.202026 -832.265991 190 ) (-649.202026 -105.818008 190 ) 
4 37 38 (-965.202026 -105.818008 190 ) (-965.202026 -105.818008 -98 ) (-649.202026 -105.818008 -98 ) (-649.202026 -105.818008 190 ) 
4 37 39 (-965.202026 -105.818008 -98 ) (-965.202026 -105.818008 190 ) (-965.202026 0 190 ) (-965.202026 0 -98 ) 
4 38 58 (-649.202026 -546 -100 ) (-649.202026 -832.265991 -100 ) (-965.202026 -832.265991 -100 ) (-965.202026 -546 -100 ) 
4 38 54 (-649.202026 -234 -100 ) (-649.202026 -546 -100 ) (-906 -546 -100 ) (-906 -234 -100 ) 
4 38 55 (-906 -546 -100 ) (-965.202026 -546 -100 ) (-965.202026 -234 -100 ) (-906 -234 -100 ) 
4 38 53 (-649.202026 -105.818008 -100 ) (-649.202026 -234 -100 ) (-965.202026 -234 -100 ) (-965.202026 -105.818008 -100 ) 
4 38 39 (-965.202026 -105.818008 -100 ) (-965.202026 -832.265991 -100 ) (-965.202026 -832.265991 190 ) (-965.202026 -105.818008 190 ) 
4 39 59 (-1024 0 190 ) (-1024 0 -100 ) (-1024 -832.265991 -100 ) (-1024 -832.265991 190 ) 
4 39 58 (-1024 -832.265991 -100 ) (-1024 -546 -100 ) (-965.202026 -546 -100 ) (-965.202026 -832.265991 -100 ) 
4 39 55 (-1024 -546 -100 ) (-1024 -234 -100 ) (-965.202026 -234 -100 ) (-965.202026 -546 -100 ) 
4 39 52 (-1024 -105.818008 -100 ) (-1024 0 -100 ) (-965.202026 0 -100 ) (-965.202026 -105.818008 -100 ) 
4 39 53 (-1024 -234 -100 ) (-1024 -105.818008 -100 ) (-965.202026 -105.818008 -100 ) (-965.202026 -234 -100 ) 
4 40 58 (0 -546 -104 ) (0 -546 -100 ) (-338 -546 -100 ) (-338 -546 -104 ) 
4 40 49 (0 -546 -104 ) (-338 -546 -104 ) (-338 -490 -104 ) (0 -490 -104 ) 
4 40 46 (-338 -490 -104 ) (-338 -36 -104 ) (0 -36 -104 ) (0 -490 -104 ) 
4 40 45 (-338 -36 -104 ) (-338 0 -104 ) (0 0 -104 ) (0 -36 -104 ) 
4 40 42 (-338 -490 -102 ) (-338 -490 -100 ) (-338 -36 -100 ) (-338 -36 -102 ) 
4 40 41 (-338 0 -104 ) (-338 -36 -104 ) (-338 -36 -100 ) (-338 0 -100 ) 
4 40 43 (-338 -490 -104 ) (-338 -546 -104 ) (-338 -546 -100 ) (-338 -490 -100 ) 
4 41 45 (-528 -36 -104 ) (-528 0 -104 ) (-338 0 -104 ) (-338 -36 -104 ) 
4 41 42 (-528 -36 -100 ) (-528 -36 -102 ) (-338 -36 -102 ) (-338 -36 -100 ) 
4 41 44 (-528 0 -104 ) (-528 -36 -104 ) (-528 -36 -100 ) (-528 0 -100 ) 
4 42 44 (-528 -490 -102 ) (-528 -490 -100 ) (-528 -36 -100 ) (-528 -36 -102 ) 
4 42 43 (-528 -490 -100 ) (-528 -490 -102 ) (-338 -490 -102 ) (-338 -490 -100 ) 
4 43 58 (-338 -546 -100 ) (-528 -546 -100 ) (-528 -546 -104 ) (-338 -546 -104 ) 
4 43 49 (-338 -546 -104 ) (-528 -546 -104 ) (-528 -490 -104 ) (-338 -490 -104 ) 
4 43 44 (-528 -490 -104 ) (-528 -546 -104 ) (-528 -546 -100 ) (-528 -490 -100 ) 
4 44 58 (-528 -546 -100 ) (-624 -546 -100 ) (-624 -546 -104 ) (-528 -546 -104 ) 
4 44 54 (-624 -546 -104 ) (-624 -546 -100 ) (-624 -234 -100 ) (-624 -234 -104 ) 
4 44 50 (-624 -105.818008 -100 ) (-624 0 -100 ) (-624 0 -104 ) (-624 -105.818008 -104 ) 
4 44 53 (-624 -234 -100 ) (-624 -105.818008 -100 ) (-624 -105.818008 -104 ) (-624 -234 -104 ) 
4 44 49 (-528 -546 -104 ) (-624 -546 -104 ) (-624 -490 -104 ) (-528 -490 -104 ) 
4 44 48 (-624 -490 -104 ) (-624 -36 -104 ) (-528 -36 -104 ) (-528 -490 -104 ) 
4 44 45 (-624 -36 -104 ) (-624 0 -104 ) (-528 0 -104 ) (-528 -36 -104 ) 
4 45 50 (-624 -36 -104 ) (-624 0 -104 ) (-624 0 -254 ) (-624 -36 -254 ) 
4 45 48 (-528 -36 -104 ) (-624 -36 -104 ) (-624 -36 -254 ) (-528 -36 -254 ) 
4 45 46 (0 -36 -104 ) (-338 -36 -104 ) (-338 -36 -254 ) (0 -36 -254 ) 
4 46 49 (0 -490 -254 ) (0 -490 -104 ) (-338 -490 -104 ) (-338 -490 -254 ) 
4 47 49 (-340 -490 -104 ) (-526 -490 -104 ) (-526 -490 -254 ) (-340 -490 -254 ) 
4 48 50 (-624 -105.818008 -104 ) (-624 -36 -104 ) (-624 -36 -254 ) (-624 -105.818008 -254 ) 
4 48 53 (-624 -234 -104 ) (-624 -105.818008 -104 ) (-624 -105.818008 -254 ) (-624 -234 -254 ) 
4 48 49 (-528 -490 -104 ) (-624 -490 -104 ) (-624 -490 -254 ) (-528 -490 -254 ) 
4 49 58 (0 -546 -254 ) (0 -546 -104 ) (-624 -546 -104 ) (-624 -546 -254 ) 
4 50 53 (-649.202026 -105.818008 -254 ) (-624 -105.818008 -254 ) (-624 -105.818008 -100 ) (-649.202026 -105.818008 -100 ) 
4 51 53 (-962.653992 -105.818008 -254 ) (-651.750977 -105.818008 -254 ) (-651.750977 -105.818008 -100 ) (-962.653992 -105.818008 -100 ) 
4 52 59 (-1024 0 -100 ) (-1024 0 -254 ) (-1024 -105.818008 -254 ) (-1024 -105.818008 -100 ) 
4 52 53 (-1024 -105.818008 -254 ) (-965.202026 -105.818008 -254 ) (-965.202026 -105.818008 -100 ) (-1024 -105.818008 -100 ) 
4 53 59 (-1024 -105.818008 -254 ) (-1024 -234 -254 ) (-1024 -234 -100 ) (-1024 -105.818008 -100 ) 
4 53 57 (-1024 -234 -254 ) (-906 -234 -254 ) (-906 -234 -105.925011 ) (-1024 -234 -105.925011 ) 
4 53 54 (-624 -234 -104 ) (-624 -234 -100 ) (-906 -234 -100 ) (-906 -234 -104 ) 
4 53 55 (-906 -234 -100 ) (-1024 -234 -100 ) (-1024 -234 -105.925011 ) (-906 -234 -105.925011 ) 
4 54 58 (-624 -546 -104 ) (-624 -546 -100 ) (-906 -546 -100 ) (-906 -546 -104 ) 
4 54 55 (-906 -234 -100 ) (-906 -234 -104 ) (-906 -546 -104 ) (-906 -546 -100 ) 
4 55 59 (-1024 -546 -105.925011 ) (-1024 -546 -100 ) (-1024 -234 -100 ) (-1024 -234 -105.925011 ) 
4 55 58 (-906 -546 -100 ) (-1024 -546 -100 ) (-1024 -546 -105.925011 ) (-906 -546 -105.925011 ) 
4 55 57 (-1024 -234 -105.925011 ) (-906 -234 -105.925011 ) (-906 -546 -105.925011 ) (-1024 -546 -105.925011 ) 
4 56 58 (-627.972046 -546 -105.925011 ) (-902.028015 -546 -105.925011 ) (-902.028015 -546 -254 ) (-627.972046 -546 -254 ) 
4 57 59 (-1024 -234 -254 ) (-1024 -546 -254 ) (-1024 -546 -105.925011 ) (-1024 -234 -105.925011 ) 
4 57 58 (-906 -546 -105.925011 ) (-1024 -546 -105.925011 ) (-1024 -546 -254 ) (-906 -546 -254 ) 
4 58 59 (-1024 -832.265991 -100 ) (-1024 -546 -100 ) (-1024 -546 -254 ) (-1024 -832.265991 -254 ) 
